

 NAS Parallel Benchmarks 3.4 -- BT Benchmark

 No input file inputbt.data. Using compiled defaults
 Size:  162x 162x 162  (class C)
 Iterations:  200    dt:   0.0001000
 WARNING: Number of active processes:    25
 Total number of processes:    32

 Time step    1
 Time step   20
 Time step   40
 Time step   60
 Time step   80
 Time step  100
 Time step  120
 Time step  140
 Time step  160
 Time step  180
 Time step  200
 Verification being performed for class C
 accuracy setting for epsilon =  0.1000000000000E-07
 Comparison of RMS-norms of residual
           1 0.6239811655176E+04 0.6239811655176E+04 0.7287837774866E-15
           2 0.5079323919042E+03 0.5079323919042E+03 0.0000000000000E+00
           3 0.1542353009301E+04 0.1542353009301E+04 0.1326779969727E-14
           4 0.1330238792929E+04 0.1330238792929E+04 0.8546348093735E-15
           5 0.1160408742844E+05 0.1160408742844E+05 0.4702625901684E-15
 Comparison of RMS-norms of solution error
           1 0.1646200836909E+03 0.1646200836909E+03 0.0000000000000E+00
           2 0.1149710790382E+02 0.1149710790382E+02 0.2008560683728E-14
           3 0.4120744620746E+02 0.4120744620746E+02 0.1379445320989E-14
           4 0.3708765105969E+02 0.3708765105969E+02 0.5747541692110E-15
           5 0.3621105305184E+03 0.3621105305184E+03 0.1255824706991E-14
 Verification Successful


 BT Benchmark Completed.
 Class           =                        C
 Size            =            162x 162x 162
 Iterations      =                      200
 Time in seconds =                   143.16
 Total processes =                       32
 Active procs    =                       25
 Mop/s total     =                 20021.55
 Mop/s/process   =                   625.67
 Operation type  =           floating point
 Verification    =               SUCCESSFUL
 Version         =                      3.4
 Compile date    =              01 May 2020

 Compile options:
    MPIFC        = mpifort
    FLINK        = $(MPIFC)
    FMPI_LIB     = (none)
    FMPI_INC     = (none)
    FFLAGS       = -O3
    FLINKFLAGS   = $(FFLAGS)
    RAND         = (none)


 Please send feedbacks and/or the results of this run to:

 NPB Development Team 
 Internet: npb@nas.nasa.gov




 NAS Parallel Benchmarks 3.4 -- BT Benchmark

 No input file inputbt.data. Using compiled defaults
 Size:  162x 162x 162  (class C)
 Iterations:  200    dt:   0.0001000
 WARNING: Number of active processes:    25
 Total number of processes:    32

 Time step    1
 Time step   20
 Time step   40
 Time step   60
 Time step   80
 Time step  100
 Time step  120
 Time step  140
 Time step  160
 Time step  180
 Time step  200
 Verification being performed for class C
 accuracy setting for epsilon =  0.1000000000000E-07
 Comparison of RMS-norms of residual
           1 0.6239811655176E+04 0.6239811655176E+04 0.7287837774866E-15
           2 0.5079323919042E+03 0.5079323919042E+03 0.0000000000000E+00
           3 0.1542353009301E+04 0.1542353009301E+04 0.1326779969727E-14
           4 0.1330238792929E+04 0.1330238792929E+04 0.8546348093735E-15
           5 0.1160408742844E+05 0.1160408742844E+05 0.4702625901684E-15
 Comparison of RMS-norms of solution error
           1 0.1646200836909E+03 0.1646200836909E+03 0.0000000000000E+00
           2 0.1149710790382E+02 0.1149710790382E+02 0.2008560683728E-14
           3 0.4120744620746E+02 0.4120744620746E+02 0.1379445320989E-14
           4 0.3708765105969E+02 0.3708765105969E+02 0.5747541692110E-15
           5 0.3621105305184E+03 0.3621105305184E+03 0.1255824706991E-14
 Verification Successful


 BT Benchmark Completed.
 Class           =                        C
 Size            =            162x 162x 162
 Iterations      =                      200
 Time in seconds =                   142.87
 Total processes =                       32
 Active procs    =                       25
 Mop/s total     =                 20062.19
 Mop/s/process   =                   626.94
 Operation type  =           floating point
 Verification    =               SUCCESSFUL
 Version         =                      3.4
 Compile date    =              01 May 2020

 Compile options:
    MPIFC        = mpifort
    FLINK        = $(MPIFC)
    FMPI_LIB     = (none)
    FMPI_INC     = (none)
    FFLAGS       = -O3
    FLINKFLAGS   = $(FFLAGS)
    RAND         = (none)


 Please send feedbacks and/or the results of this run to:

 NPB Development Team 
 Internet: npb@nas.nasa.gov




 NAS Parallel Benchmarks 3.4 -- BT Benchmark

 No input file inputbt.data. Using compiled defaults
 Size:  162x 162x 162  (class C)
 Iterations:  200    dt:   0.0001000
 WARNING: Number of active processes:    25
 Total number of processes:    32

 Time step    1
 Time step   20
 Time step   40
 Time step   60
 Time step   80
 Time step  100
 Time step  120
 Time step  140
 Time step  160
 Time step  180
 Time step  200
 Verification being performed for class C
 accuracy setting for epsilon =  0.1000000000000E-07
 Comparison of RMS-norms of residual
           1 0.6239811655176E+04 0.6239811655176E+04 0.7287837774866E-15
           2 0.5079323919042E+03 0.5079323919042E+03 0.0000000000000E+00
           3 0.1542353009301E+04 0.1542353009301E+04 0.1326779969727E-14
           4 0.1330238792929E+04 0.1330238792929E+04 0.8546348093735E-15
           5 0.1160408742844E+05 0.1160408742844E+05 0.4702625901684E-15
 Comparison of RMS-norms of solution error
           1 0.1646200836909E+03 0.1646200836909E+03 0.0000000000000E+00
           2 0.1149710790382E+02 0.1149710790382E+02 0.2008560683728E-14
           3 0.4120744620746E+02 0.4120744620746E+02 0.1379445320989E-14
           4 0.3708765105969E+02 0.3708765105969E+02 0.5747541692110E-15
           5 0.3621105305184E+03 0.3621105305184E+03 0.1255824706991E-14
 Verification Successful


 BT Benchmark Completed.
 Class           =                        C
 Size            =            162x 162x 162
 Iterations      =                      200
 Time in seconds =                   140.33
 Total processes =                       32
 Active procs    =                       25
 Mop/s total     =                 20424.56
 Mop/s/process   =                   638.27
 Operation type  =           floating point
 Verification    =               SUCCESSFUL
 Version         =                      3.4
 Compile date    =              01 May 2020

 Compile options:
    MPIFC        = mpifort
    FLINK        = $(MPIFC)
    FMPI_LIB     = (none)
    FMPI_INC     = (none)
    FFLAGS       = -O3
    FLINKFLAGS   = $(FFLAGS)
    RAND         = (none)


 Please send feedbacks and/or the results of this run to:

 NPB Development Team 
 Internet: npb@nas.nasa.gov




 NAS Parallel Benchmarks 3.4 -- BT Benchmark

 No input file inputbt.data. Using compiled defaults
 Size:  162x 162x 162  (class C)
 Iterations:  200    dt:   0.0001000
 WARNING: Number of active processes:    25
 Total number of processes:    32

 Time step    1
 Time step   20
 Time step   40
 Time step   60
 Time step   80
 Time step  100
 Time step  120
 Time step  140
 Time step  160
 Time step  180
 Time step  200
 Verification being performed for class C
 accuracy setting for epsilon =  0.1000000000000E-07
 Comparison of RMS-norms of residual
           1 0.6239811655176E+04 0.6239811655176E+04 0.7287837774866E-15
           2 0.5079323919042E+03 0.5079323919042E+03 0.0000000000000E+00
           3 0.1542353009301E+04 0.1542353009301E+04 0.1326779969727E-14
           4 0.1330238792929E+04 0.1330238792929E+04 0.8546348093735E-15
           5 0.1160408742844E+05 0.1160408742844E+05 0.4702625901684E-15
 Comparison of RMS-norms of solution error
           1 0.1646200836909E+03 0.1646200836909E+03 0.0000000000000E+00
           2 0.1149710790382E+02 0.1149710790382E+02 0.2008560683728E-14
           3 0.4120744620746E+02 0.4120744620746E+02 0.1379445320989E-14
           4 0.3708765105969E+02 0.3708765105969E+02 0.5747541692110E-15
           5 0.3621105305184E+03 0.3621105305184E+03 0.1255824706991E-14
 Verification Successful


 BT Benchmark Completed.
 Class           =                        C
 Size            =            162x 162x 162
 Iterations      =                      200
 Time in seconds =                   144.60
 Total processes =                       32
 Active procs    =                       25
 Mop/s total     =                 19822.03
 Mop/s/process   =                   619.44
 Operation type  =           floating point
 Verification    =               SUCCESSFUL
 Version         =                      3.4
 Compile date    =              01 May 2020

 Compile options:
    MPIFC        = mpifort
    FLINK        = $(MPIFC)
    FMPI_LIB     = (none)
    FMPI_INC     = (none)
    FFLAGS       = -O3
    FLINKFLAGS   = $(FFLAGS)
    RAND         = (none)


 Please send feedbacks and/or the results of this run to:

 NPB Development Team 
 Internet: npb@nas.nasa.gov




 NAS Parallel Benchmarks 3.4 -- BT Benchmark

 No input file inputbt.data. Using compiled defaults
 Size:  162x 162x 162  (class C)
 Iterations:  200    dt:   0.0001000
 WARNING: Number of active processes:    25
 Total number of processes:    32

 Time step    1
 Time step   20
 Time step   40
 Time step   60
 Time step   80
 Time step  100
 Time step  120
 Time step  140
 Time step  160
 Time step  180
 Time step  200
 Verification being performed for class C
 accuracy setting for epsilon =  0.1000000000000E-07
 Comparison of RMS-norms of residual
           1 0.6239811655176E+04 0.6239811655176E+04 0.7287837774866E-15
           2 0.5079323919042E+03 0.5079323919042E+03 0.0000000000000E+00
           3 0.1542353009301E+04 0.1542353009301E+04 0.1326779969727E-14
           4 0.1330238792929E+04 0.1330238792929E+04 0.8546348093735E-15
           5 0.1160408742844E+05 0.1160408742844E+05 0.4702625901684E-15
 Comparison of RMS-norms of solution error
           1 0.1646200836909E+03 0.1646200836909E+03 0.0000000000000E+00
           2 0.1149710790382E+02 0.1149710790382E+02 0.2008560683728E-14
           3 0.4120744620746E+02 0.4120744620746E+02 0.1379445320989E-14
           4 0.3708765105969E+02 0.3708765105969E+02 0.5747541692110E-15
           5 0.3621105305184E+03 0.3621105305184E+03 0.1255824706991E-14
 Verification Successful


 BT Benchmark Completed.
 Class           =                        C
 Size            =            162x 162x 162
 Iterations      =                      200
 Time in seconds =                   145.54
 Total processes =                       32
 Active procs    =                       25
 Mop/s total     =                 19694.62
 Mop/s/process   =                   615.46
 Operation type  =           floating point
 Verification    =               SUCCESSFUL
 Version         =                      3.4
 Compile date    =              01 May 2020

 Compile options:
    MPIFC        = mpifort
    FLINK        = $(MPIFC)
    FMPI_LIB     = (none)
    FMPI_INC     = (none)
    FFLAGS       = -O3
    FLINKFLAGS   = $(FFLAGS)
    RAND         = (none)


 Please send feedbacks and/or the results of this run to:

 NPB Development Team 
 Internet: npb@nas.nasa.gov




 NAS Parallel Benchmarks 3.4 -- BT Benchmark

 No input file inputbt.data. Using compiled defaults
 Size:  162x 162x 162  (class C)
 Iterations:  200    dt:   0.0001000
 WARNING: Number of active processes:    25
 Total number of processes:    32

 Time step    1
 Time step   20
 Time step   40
 Time step   60
 Time step   80
 Time step  100
 Time step  120
 Time step  140
 Time step  160
 Time step  180
 Time step  200
 Verification being performed for class C
 accuracy setting for epsilon =  0.1000000000000E-07
 Comparison of RMS-norms of residual
           1 0.6239811655176E+04 0.6239811655176E+04 0.7287837774866E-15
           2 0.5079323919042E+03 0.5079323919042E+03 0.0000000000000E+00
           3 0.1542353009301E+04 0.1542353009301E+04 0.1326779969727E-14
           4 0.1330238792929E+04 0.1330238792929E+04 0.8546348093735E-15
           5 0.1160408742844E+05 0.1160408742844E+05 0.4702625901684E-15
 Comparison of RMS-norms of solution error
           1 0.1646200836909E+03 0.1646200836909E+03 0.0000000000000E+00
           2 0.1149710790382E+02 0.1149710790382E+02 0.2008560683728E-14
           3 0.4120744620746E+02 0.4120744620746E+02 0.1379445320989E-14
           4 0.3708765105969E+02 0.3708765105969E+02 0.5747541692110E-15
           5 0.3621105305184E+03 0.3621105305184E+03 0.1255824706991E-14
 Verification Successful


 BT Benchmark Completed.
 Class           =                        C
 Size            =            162x 162x 162
 Iterations      =                      200
 Time in seconds =                   144.68
 Total processes =                       32
 Active procs    =                       25
 Mop/s total     =                 19811.33
 Mop/s/process   =                   619.10
 Operation type  =           floating point
 Verification    =               SUCCESSFUL
 Version         =                      3.4
 Compile date    =              01 May 2020

 Compile options:
    MPIFC        = mpifort
    FLINK        = $(MPIFC)
    FMPI_LIB     = (none)
    FMPI_INC     = (none)
    FFLAGS       = -O3
    FLINKFLAGS   = $(FFLAGS)
    RAND         = (none)


 Please send feedbacks and/or the results of this run to:

 NPB Development Team 
 Internet: npb@nas.nasa.gov




 NAS Parallel Benchmarks 3.4 -- BT Benchmark

 No input file inputbt.data. Using compiled defaults
 Size:  162x 162x 162  (class C)
 Iterations:  200    dt:   0.0001000
 WARNING: Number of active processes:    25
 Total number of processes:    32

 Time step    1
 Time step   20
 Time step   40
 Time step   60
 Time step   80
 Time step  100
 Time step  120
 Time step  140
 Time step  160
 Time step  180
 Time step  200
 Verification being performed for class C
 accuracy setting for epsilon =  0.1000000000000E-07
 Comparison of RMS-norms of residual
           1 0.6239811655176E+04 0.6239811655176E+04 0.7287837774866E-15
           2 0.5079323919042E+03 0.5079323919042E+03 0.0000000000000E+00
           3 0.1542353009301E+04 0.1542353009301E+04 0.1326779969727E-14
           4 0.1330238792929E+04 0.1330238792929E+04 0.8546348093735E-15
           5 0.1160408742844E+05 0.1160408742844E+05 0.4702625901684E-15
 Comparison of RMS-norms of solution error
           1 0.1646200836909E+03 0.1646200836909E+03 0.0000000000000E+00
           2 0.1149710790382E+02 0.1149710790382E+02 0.2008560683728E-14
           3 0.4120744620746E+02 0.4120744620746E+02 0.1379445320989E-14
           4 0.3708765105969E+02 0.3708765105969E+02 0.5747541692110E-15
           5 0.3621105305184E+03 0.3621105305184E+03 0.1255824706991E-14
 Verification Successful


 BT Benchmark Completed.
 Class           =                        C
 Size            =            162x 162x 162
 Iterations      =                      200
 Time in seconds =                   141.72
 Total processes =                       32
 Active procs    =                       25
 Mop/s total     =                 20224.61
 Mop/s/process   =                   632.02
 Operation type  =           floating point
 Verification    =               SUCCESSFUL
 Version         =                      3.4
 Compile date    =              01 May 2020

 Compile options:
    MPIFC        = mpifort
    FLINK        = $(MPIFC)
    FMPI_LIB     = (none)
    FMPI_INC     = (none)
    FFLAGS       = -O3
    FLINKFLAGS   = $(FFLAGS)
    RAND         = (none)


 Please send feedbacks and/or the results of this run to:

 NPB Development Team 
 Internet: npb@nas.nasa.gov




 NAS Parallel Benchmarks 3.4 -- BT Benchmark

 No input file inputbt.data. Using compiled defaults
 Size:  162x 162x 162  (class C)
 Iterations:  200    dt:   0.0001000
 WARNING: Number of active processes:    25
 Total number of processes:    32

 Time step    1
 Time step   20
 Time step   40
 Time step   60
 Time step   80
 Time step  100
 Time step  120
 Time step  140
 Time step  160
 Time step  180
 Time step  200
 Verification being performed for class C
 accuracy setting for epsilon =  0.1000000000000E-07
 Comparison of RMS-norms of residual
           1 0.6239811655176E+04 0.6239811655176E+04 0.7287837774866E-15
           2 0.5079323919042E+03 0.5079323919042E+03 0.0000000000000E+00
           3 0.1542353009301E+04 0.1542353009301E+04 0.1326779969727E-14
           4 0.1330238792929E+04 0.1330238792929E+04 0.8546348093735E-15
           5 0.1160408742844E+05 0.1160408742844E+05 0.4702625901684E-15
 Comparison of RMS-norms of solution error
           1 0.1646200836909E+03 0.1646200836909E+03 0.0000000000000E+00
           2 0.1149710790382E+02 0.1149710790382E+02 0.2008560683728E-14
           3 0.4120744620746E+02 0.4120744620746E+02 0.1379445320989E-14
           4 0.3708765105969E+02 0.3708765105969E+02 0.5747541692110E-15
           5 0.3621105305184E+03 0.3621105305184E+03 0.1255824706991E-14
 Verification Successful


 BT Benchmark Completed.
 Class           =                        C
 Size            =            162x 162x 162
 Iterations      =                      200
 Time in seconds =                   145.05
 Total processes =                       32
 Active procs    =                       25
 Mop/s total     =                 19760.60
 Mop/s/process   =                   617.52
 Operation type  =           floating point
 Verification    =               SUCCESSFUL
 Version         =                      3.4
 Compile date    =              01 May 2020

 Compile options:
    MPIFC        = mpifort
    FLINK        = $(MPIFC)
    FMPI_LIB     = (none)
    FMPI_INC     = (none)
    FFLAGS       = -O3
    FLINKFLAGS   = $(FFLAGS)
    RAND         = (none)


 Please send feedbacks and/or the results of this run to:

 NPB Development Team 
 Internet: npb@nas.nasa.gov




 NAS Parallel Benchmarks 3.4 -- BT Benchmark

 No input file inputbt.data. Using compiled defaults
 Size:  162x 162x 162  (class C)
 Iterations:  200    dt:   0.0001000
 WARNING: Number of active processes:    25
 Total number of processes:    32

 Time step    1
 Time step   20
 Time step   40
 Time step   60
 Time step   80
 Time step  100
 Time step  120
 Time step  140
 Time step  160
 Time step  180
 Time step  200
 Verification being performed for class C
 accuracy setting for epsilon =  0.1000000000000E-07
 Comparison of RMS-norms of residual
           1 0.6239811655176E+04 0.6239811655176E+04 0.7287837774866E-15
           2 0.5079323919042E+03 0.5079323919042E+03 0.0000000000000E+00
           3 0.1542353009301E+04 0.1542353009301E+04 0.1326779969727E-14
           4 0.1330238792929E+04 0.1330238792929E+04 0.8546348093735E-15
           5 0.1160408742844E+05 0.1160408742844E+05 0.4702625901684E-15
 Comparison of RMS-norms of solution error
           1 0.1646200836909E+03 0.1646200836909E+03 0.0000000000000E+00
           2 0.1149710790382E+02 0.1149710790382E+02 0.2008560683728E-14
           3 0.4120744620746E+02 0.4120744620746E+02 0.1379445320989E-14
           4 0.3708765105969E+02 0.3708765105969E+02 0.5747541692110E-15
           5 0.3621105305184E+03 0.3621105305184E+03 0.1255824706991E-14
 Verification Successful


 BT Benchmark Completed.
 Class           =                        C
 Size            =            162x 162x 162
 Iterations      =                      200
 Time in seconds =                   143.42
 Total processes =                       32
 Active procs    =                       25
 Mop/s total     =                 19985.83
 Mop/s/process   =                   624.56
 Operation type  =           floating point
 Verification    =               SUCCESSFUL
 Version         =                      3.4
 Compile date    =              01 May 2020

 Compile options:
    MPIFC        = mpifort
    FLINK        = $(MPIFC)
    FMPI_LIB     = (none)
    FMPI_INC     = (none)
    FFLAGS       = -O3
    FLINKFLAGS   = $(FFLAGS)
    RAND         = (none)


 Please send feedbacks and/or the results of this run to:

 NPB Development Team 
 Internet: npb@nas.nasa.gov




 NAS Parallel Benchmarks 3.4 -- BT Benchmark

 No input file inputbt.data. Using compiled defaults
 Size:  162x 162x 162  (class C)
 Iterations:  200    dt:   0.0001000
 WARNING: Number of active processes:    25
 Total number of processes:    32

 Time step    1
 Time step   20
 Time step   40
 Time step   60
 Time step   80
 Time step  100
 Time step  120
 Time step  140
 Time step  160
 Time step  180
 Time step  200
 Verification being performed for class C
 accuracy setting for epsilon =  0.1000000000000E-07
 Comparison of RMS-norms of residual
           1 0.6239811655176E+04 0.6239811655176E+04 0.7287837774866E-15
           2 0.5079323919042E+03 0.5079323919042E+03 0.0000000000000E+00
           3 0.1542353009301E+04 0.1542353009301E+04 0.1326779969727E-14
           4 0.1330238792929E+04 0.1330238792929E+04 0.8546348093735E-15
           5 0.1160408742844E+05 0.1160408742844E+05 0.4702625901684E-15
 Comparison of RMS-norms of solution error
           1 0.1646200836909E+03 0.1646200836909E+03 0.0000000000000E+00
           2 0.1149710790382E+02 0.1149710790382E+02 0.2008560683728E-14
           3 0.4120744620746E+02 0.4120744620746E+02 0.1379445320989E-14
           4 0.3708765105969E+02 0.3708765105969E+02 0.5747541692110E-15
           5 0.3621105305184E+03 0.3621105305184E+03 0.1255824706991E-14
 Verification Successful


 BT Benchmark Completed.
 Class           =                        C
 Size            =            162x 162x 162
 Iterations      =                      200
 Time in seconds =                   144.42
 Total processes =                       32
 Active procs    =                       25
 Mop/s total     =                 19847.18
 Mop/s/process   =                   620.22
 Operation type  =           floating point
 Verification    =               SUCCESSFUL
 Version         =                      3.4
 Compile date    =              01 May 2020

 Compile options:
    MPIFC        = mpifort
    FLINK        = $(MPIFC)
    FMPI_LIB     = (none)
    FMPI_INC     = (none)
    FFLAGS       = -O3
    FLINKFLAGS   = $(FFLAGS)
    RAND         = (none)


 Please send feedbacks and/or the results of this run to:

 NPB Development Team 
 Internet: npb@nas.nasa.gov




 NAS Parallel Benchmarks 3.4 -- BT Benchmark

 No input file inputbt.data. Using compiled defaults
 Size:  162x 162x 162  (class C)
 Iterations:  200    dt:   0.0001000
 WARNING: Number of active processes:    25
 Total number of processes:    32

 Time step    1
 Time step   20
 Time step   40
 Time step   60
 Time step   80
 Time step  100
 Time step  120
 Time step  140
 Time step  160
 Time step  180
 Time step  200
 Verification being performed for class C
 accuracy setting for epsilon =  0.1000000000000E-07
 Comparison of RMS-norms of residual
           1 0.6239811655176E+04 0.6239811655176E+04 0.7287837774866E-15
           2 0.5079323919042E+03 0.5079323919042E+03 0.0000000000000E+00
           3 0.1542353009301E+04 0.1542353009301E+04 0.1326779969727E-14
           4 0.1330238792929E+04 0.1330238792929E+04 0.8546348093735E-15
           5 0.1160408742844E+05 0.1160408742844E+05 0.4702625901684E-15
 Comparison of RMS-norms of solution error
           1 0.1646200836909E+03 0.1646200836909E+03 0.0000000000000E+00
           2 0.1149710790382E+02 0.1149710790382E+02 0.2008560683728E-14
           3 0.4120744620746E+02 0.4120744620746E+02 0.1379445320989E-14
           4 0.3708765105969E+02 0.3708765105969E+02 0.5747541692110E-15
           5 0.3621105305184E+03 0.3621105305184E+03 0.1255824706991E-14
 Verification Successful


 BT Benchmark Completed.
 Class           =                        C
 Size            =            162x 162x 162
 Iterations      =                      200
 Time in seconds =                   143.82
 Total processes =                       32
 Active procs    =                       25
 Mop/s total     =                 19929.14
 Mop/s/process   =                   622.79
 Operation type  =           floating point
 Verification    =               SUCCESSFUL
 Version         =                      3.4
 Compile date    =              01 May 2020

 Compile options:
    MPIFC        = mpifort
    FLINK        = $(MPIFC)
    FMPI_LIB     = (none)
    FMPI_INC     = (none)
    FFLAGS       = -O3
    FLINKFLAGS   = $(FFLAGS)
    RAND         = (none)


 Please send feedbacks and/or the results of this run to:

 NPB Development Team 
 Internet: npb@nas.nasa.gov




 NAS Parallel Benchmarks 3.4 -- BT Benchmark

 No input file inputbt.data. Using compiled defaults
 Size:  162x 162x 162  (class C)
 Iterations:  200    dt:   0.0001000
 WARNING: Number of active processes:    25
 Total number of processes:    32

 Time step    1
 Time step   20
 Time step   40
 Time step   60
 Time step   80
 Time step  100
 Time step  120
 Time step  140
 Time step  160
 Time step  180
 Time step  200
 Verification being performed for class C
 accuracy setting for epsilon =  0.1000000000000E-07
 Comparison of RMS-norms of residual
           1 0.6239811655176E+04 0.6239811655176E+04 0.7287837774866E-15
           2 0.5079323919042E+03 0.5079323919042E+03 0.0000000000000E+00
           3 0.1542353009301E+04 0.1542353009301E+04 0.1326779969727E-14
           4 0.1330238792929E+04 0.1330238792929E+04 0.8546348093735E-15
           5 0.1160408742844E+05 0.1160408742844E+05 0.4702625901684E-15
 Comparison of RMS-norms of solution error
           1 0.1646200836909E+03 0.1646200836909E+03 0.0000000000000E+00
           2 0.1149710790382E+02 0.1149710790382E+02 0.2008560683728E-14
           3 0.4120744620746E+02 0.4120744620746E+02 0.1379445320989E-14
           4 0.3708765105969E+02 0.3708765105969E+02 0.5747541692110E-15
           5 0.3621105305184E+03 0.3621105305184E+03 0.1255824706991E-14
 Verification Successful


 BT Benchmark Completed.
 Class           =                        C
 Size            =            162x 162x 162
 Iterations      =                      200
 Time in seconds =                   142.44
 Total processes =                       32
 Active procs    =                       25
 Mop/s total     =                 20122.53
 Mop/s/process   =                   628.83
 Operation type  =           floating point
 Verification    =               SUCCESSFUL
 Version         =                      3.4
 Compile date    =              01 May 2020

 Compile options:
    MPIFC        = mpifort
    FLINK        = $(MPIFC)
    FMPI_LIB     = (none)
    FMPI_INC     = (none)
    FFLAGS       = -O3
    FLINKFLAGS   = $(FFLAGS)
    RAND         = (none)


 Please send feedbacks and/or the results of this run to:

 NPB Development Team 
 Internet: npb@nas.nasa.gov




 NAS Parallel Benchmarks 3.4 -- BT Benchmark

 No input file inputbt.data. Using compiled defaults
 Size:  162x 162x 162  (class C)
 Iterations:  200    dt:   0.0001000
 WARNING: Number of active processes:    25
 Total number of processes:    32

 Time step    1
 Time step   20
 Time step   40
 Time step   60
 Time step   80
 Time step  100
 Time step  120
 Time step  140
 Time step  160
 Time step  180
 Time step  200
 Verification being performed for class C
 accuracy setting for epsilon =  0.1000000000000E-07
 Comparison of RMS-norms of residual
           1 0.6239811655176E+04 0.6239811655176E+04 0.7287837774866E-15
           2 0.5079323919042E+03 0.5079323919042E+03 0.0000000000000E+00
           3 0.1542353009301E+04 0.1542353009301E+04 0.1326779969727E-14
           4 0.1330238792929E+04 0.1330238792929E+04 0.8546348093735E-15
           5 0.1160408742844E+05 0.1160408742844E+05 0.4702625901684E-15
 Comparison of RMS-norms of solution error
           1 0.1646200836909E+03 0.1646200836909E+03 0.0000000000000E+00
           2 0.1149710790382E+02 0.1149710790382E+02 0.2008560683728E-14
           3 0.4120744620746E+02 0.4120744620746E+02 0.1379445320989E-14
           4 0.3708765105969E+02 0.3708765105969E+02 0.5747541692110E-15
           5 0.3621105305184E+03 0.3621105305184E+03 0.1255824706991E-14
 Verification Successful


 BT Benchmark Completed.
 Class           =                        C
 Size            =            162x 162x 162
 Iterations      =                      200
 Time in seconds =                   142.85
 Total processes =                       32
 Active procs    =                       25
 Mop/s total     =                 20064.56
 Mop/s/process   =                   627.02
 Operation type  =           floating point
 Verification    =               SUCCESSFUL
 Version         =                      3.4
 Compile date    =              01 May 2020

 Compile options:
    MPIFC        = mpifort
    FLINK        = $(MPIFC)
    FMPI_LIB     = (none)
    FMPI_INC     = (none)
    FFLAGS       = -O3
    FLINKFLAGS   = $(FFLAGS)
    RAND         = (none)


 Please send feedbacks and/or the results of this run to:

 NPB Development Team 
 Internet: npb@nas.nasa.gov




 NAS Parallel Benchmarks 3.4 -- BT Benchmark

 No input file inputbt.data. Using compiled defaults
 Size:  162x 162x 162  (class C)
 Iterations:  200    dt:   0.0001000
 WARNING: Number of active processes:    25
 Total number of processes:    32

 Time step    1
 Time step   20
 Time step   40
 Time step   60
 Time step   80
 Time step  100
 Time step  120
 Time step  140
 Time step  160
 Time step  180
 Time step  200
 Verification being performed for class C
 accuracy setting for epsilon =  0.1000000000000E-07
 Comparison of RMS-norms of residual
           1 0.6239811655176E+04 0.6239811655176E+04 0.7287837774866E-15
           2 0.5079323919042E+03 0.5079323919042E+03 0.0000000000000E+00
           3 0.1542353009301E+04 0.1542353009301E+04 0.1326779969727E-14
           4 0.1330238792929E+04 0.1330238792929E+04 0.8546348093735E-15
           5 0.1160408742844E+05 0.1160408742844E+05 0.4702625901684E-15
 Comparison of RMS-norms of solution error
           1 0.1646200836909E+03 0.1646200836909E+03 0.0000000000000E+00
           2 0.1149710790382E+02 0.1149710790382E+02 0.2008560683728E-14
           3 0.4120744620746E+02 0.4120744620746E+02 0.1379445320989E-14
           4 0.3708765105969E+02 0.3708765105969E+02 0.5747541692110E-15
           5 0.3621105305184E+03 0.3621105305184E+03 0.1255824706991E-14
 Verification Successful


 BT Benchmark Completed.
 Class           =                        C
 Size            =            162x 162x 162
 Iterations      =                      200
 Time in seconds =                   143.72
 Total processes =                       32
 Active procs    =                       25
 Mop/s total     =                 19944.06
 Mop/s/process   =                   623.25
 Operation type  =           floating point
 Verification    =               SUCCESSFUL
 Version         =                      3.4
 Compile date    =              01 May 2020

 Compile options:
    MPIFC        = mpifort
    FLINK        = $(MPIFC)
    FMPI_LIB     = (none)
    FMPI_INC     = (none)
    FFLAGS       = -O3
    FLINKFLAGS   = $(FFLAGS)
    RAND         = (none)


 Please send feedbacks and/or the results of this run to:

 NPB Development Team 
 Internet: npb@nas.nasa.gov




 NAS Parallel Benchmarks 3.4 -- BT Benchmark

 No input file inputbt.data. Using compiled defaults
 Size:  162x 162x 162  (class C)
 Iterations:  200    dt:   0.0001000
 WARNING: Number of active processes:    25
 Total number of processes:    32

 Time step    1
 Time step   20
 Time step   40
 Time step   60
 Time step   80
 Time step  100
 Time step  120
 Time step  140
 Time step  160
 Time step  180
 Time step  200
 Verification being performed for class C
 accuracy setting for epsilon =  0.1000000000000E-07
 Comparison of RMS-norms of residual
           1 0.6239811655176E+04 0.6239811655176E+04 0.7287837774866E-15
           2 0.5079323919042E+03 0.5079323919042E+03 0.0000000000000E+00
           3 0.1542353009301E+04 0.1542353009301E+04 0.1326779969727E-14
           4 0.1330238792929E+04 0.1330238792929E+04 0.8546348093735E-15
           5 0.1160408742844E+05 0.1160408742844E+05 0.4702625901684E-15
 Comparison of RMS-norms of solution error
           1 0.1646200836909E+03 0.1646200836909E+03 0.0000000000000E+00
           2 0.1149710790382E+02 0.1149710790382E+02 0.2008560683728E-14
           3 0.4120744620746E+02 0.4120744620746E+02 0.1379445320989E-14
           4 0.3708765105969E+02 0.3708765105969E+02 0.5747541692110E-15
           5 0.3621105305184E+03 0.3621105305184E+03 0.1255824706991E-14
 Verification Successful


 BT Benchmark Completed.
 Class           =                        C
 Size            =            162x 162x 162
 Iterations      =                      200
 Time in seconds =                   141.78
 Total processes =                       32
 Active procs    =                       25
 Mop/s total     =                 20216.25
 Mop/s/process   =                   631.76
 Operation type  =           floating point
 Verification    =               SUCCESSFUL
 Version         =                      3.4
 Compile date    =              01 May 2020

 Compile options:
    MPIFC        = mpifort
    FLINK        = $(MPIFC)
    FMPI_LIB     = (none)
    FMPI_INC     = (none)
    FFLAGS       = -O3
    FLINKFLAGS   = $(FFLAGS)
    RAND         = (none)


 Please send feedbacks and/or the results of this run to:

 NPB Development Team 
 Internet: npb@nas.nasa.gov




 NAS Parallel Benchmarks 3.4 -- BT Benchmark

 No input file inputbt.data. Using compiled defaults
 Size:  162x 162x 162  (class C)
 Iterations:  200    dt:   0.0001000
 WARNING: Number of active processes:    25
 Total number of processes:    32

 Time step    1
 Time step   20
 Time step   40
 Time step   60
 Time step   80
 Time step  100
 Time step  120
 Time step  140
 Time step  160
 Time step  180
 Time step  200
 Verification being performed for class C
 accuracy setting for epsilon =  0.1000000000000E-07
 Comparison of RMS-norms of residual
           1 0.6239811655176E+04 0.6239811655176E+04 0.7287837774866E-15
           2 0.5079323919042E+03 0.5079323919042E+03 0.0000000000000E+00
           3 0.1542353009301E+04 0.1542353009301E+04 0.1326779969727E-14
           4 0.1330238792929E+04 0.1330238792929E+04 0.8546348093735E-15
           5 0.1160408742844E+05 0.1160408742844E+05 0.4702625901684E-15
 Comparison of RMS-norms of solution error
           1 0.1646200836909E+03 0.1646200836909E+03 0.0000000000000E+00
           2 0.1149710790382E+02 0.1149710790382E+02 0.2008560683728E-14
           3 0.4120744620746E+02 0.4120744620746E+02 0.1379445320989E-14
           4 0.3708765105969E+02 0.3708765105969E+02 0.5747541692110E-15
           5 0.3621105305184E+03 0.3621105305184E+03 0.1255824706991E-14
 Verification Successful


 BT Benchmark Completed.
 Class           =                        C
 Size            =            162x 162x 162
 Iterations      =                      200
 Time in seconds =                   143.55
 Total processes =                       32
 Active procs    =                       25
 Mop/s total     =                 19967.72
 Mop/s/process   =                   623.99
 Operation type  =           floating point
 Verification    =               SUCCESSFUL
 Version         =                      3.4
 Compile date    =              01 May 2020

 Compile options:
    MPIFC        = mpifort
    FLINK        = $(MPIFC)
    FMPI_LIB     = (none)
    FMPI_INC     = (none)
    FFLAGS       = -O3
    FLINKFLAGS   = $(FFLAGS)
    RAND         = (none)


 Please send feedbacks and/or the results of this run to:

 NPB Development Team 
 Internet: npb@nas.nasa.gov




 NAS Parallel Benchmarks 3.4 -- BT Benchmark

 No input file inputbt.data. Using compiled defaults
 Size:  162x 162x 162  (class C)
 Iterations:  200    dt:   0.0001000
 WARNING: Number of active processes:    25
 Total number of processes:    32

 Time step    1
 Time step   20
 Time step   40
 Time step   60
 Time step   80
 Time step  100
 Time step  120
 Time step  140
 Time step  160
 Time step  180
 Time step  200
 Verification being performed for class C
 accuracy setting for epsilon =  0.1000000000000E-07
 Comparison of RMS-norms of residual
           1 0.6239811655176E+04 0.6239811655176E+04 0.7287837774866E-15
           2 0.5079323919042E+03 0.5079323919042E+03 0.0000000000000E+00
           3 0.1542353009301E+04 0.1542353009301E+04 0.1326779969727E-14
           4 0.1330238792929E+04 0.1330238792929E+04 0.8546348093735E-15
           5 0.1160408742844E+05 0.1160408742844E+05 0.4702625901684E-15
 Comparison of RMS-norms of solution error
           1 0.1646200836909E+03 0.1646200836909E+03 0.0000000000000E+00
           2 0.1149710790382E+02 0.1149710790382E+02 0.2008560683728E-14
           3 0.4120744620746E+02 0.4120744620746E+02 0.1379445320989E-14
           4 0.3708765105969E+02 0.3708765105969E+02 0.5747541692110E-15
           5 0.3621105305184E+03 0.3621105305184E+03 0.1255824706991E-14
 Verification Successful


 BT Benchmark Completed.
 Class           =                        C
 Size            =            162x 162x 162
 Iterations      =                      200
 Time in seconds =                   143.03
 Total processes =                       32
 Active procs    =                       25
 Mop/s total     =                 20040.40
 Mop/s/process   =                   626.26
 Operation type  =           floating point
 Verification    =               SUCCESSFUL
 Version         =                      3.4
 Compile date    =              01 May 2020

 Compile options:
    MPIFC        = mpifort
    FLINK        = $(MPIFC)
    FMPI_LIB     = (none)
    FMPI_INC     = (none)
    FFLAGS       = -O3
    FLINKFLAGS   = $(FFLAGS)
    RAND         = (none)


 Please send feedbacks and/or the results of this run to:

 NPB Development Team 
 Internet: npb@nas.nasa.gov




 NAS Parallel Benchmarks 3.4 -- BT Benchmark

 No input file inputbt.data. Using compiled defaults
 Size:  162x 162x 162  (class C)
 Iterations:  200    dt:   0.0001000
 WARNING: Number of active processes:    25
 Total number of processes:    32

 Time step    1
 Time step   20
 Time step   40
 Time step   60
 Time step   80
 Time step  100
 Time step  120
 Time step  140
 Time step  160
 Time step  180
 Time step  200
 Verification being performed for class C
 accuracy setting for epsilon =  0.1000000000000E-07
 Comparison of RMS-norms of residual
           1 0.6239811655176E+04 0.6239811655176E+04 0.7287837774866E-15
           2 0.5079323919042E+03 0.5079323919042E+03 0.0000000000000E+00
           3 0.1542353009301E+04 0.1542353009301E+04 0.1326779969727E-14
           4 0.1330238792929E+04 0.1330238792929E+04 0.8546348093735E-15
           5 0.1160408742844E+05 0.1160408742844E+05 0.4702625901684E-15
 Comparison of RMS-norms of solution error
           1 0.1646200836909E+03 0.1646200836909E+03 0.0000000000000E+00
           2 0.1149710790382E+02 0.1149710790382E+02 0.2008560683728E-14
           3 0.4120744620746E+02 0.4120744620746E+02 0.1379445320989E-14
           4 0.3708765105969E+02 0.3708765105969E+02 0.5747541692110E-15
           5 0.3621105305184E+03 0.3621105305184E+03 0.1255824706991E-14
 Verification Successful


 BT Benchmark Completed.
 Class           =                        C
 Size            =            162x 162x 162
 Iterations      =                      200
 Time in seconds =                   139.55
 Total processes =                       32
 Active procs    =                       25
 Mop/s total     =                 20539.22
 Mop/s/process   =                   641.85
 Operation type  =           floating point
 Verification    =               SUCCESSFUL
 Version         =                      3.4
 Compile date    =              01 May 2020

 Compile options:
    MPIFC        = mpifort
    FLINK        = $(MPIFC)
    FMPI_LIB     = (none)
    FMPI_INC     = (none)
    FFLAGS       = -O3
    FLINKFLAGS   = $(FFLAGS)
    RAND         = (none)


 Please send feedbacks and/or the results of this run to:

 NPB Development Team 
 Internet: npb@nas.nasa.gov




 NAS Parallel Benchmarks 3.4 -- BT Benchmark

 No input file inputbt.data. Using compiled defaults
 Size:  162x 162x 162  (class C)
 Iterations:  200    dt:   0.0001000
 WARNING: Number of active processes:    25
 Total number of processes:    32

 Time step    1
 Time step   20
 Time step   40
 Time step   60
 Time step   80
 Time step  100
 Time step  120
 Time step  140
 Time step  160
 Time step  180
 Time step  200
 Verification being performed for class C
 accuracy setting for epsilon =  0.1000000000000E-07
 Comparison of RMS-norms of residual
           1 0.6239811655176E+04 0.6239811655176E+04 0.7287837774866E-15
           2 0.5079323919042E+03 0.5079323919042E+03 0.0000000000000E+00
           3 0.1542353009301E+04 0.1542353009301E+04 0.1326779969727E-14
           4 0.1330238792929E+04 0.1330238792929E+04 0.8546348093735E-15
           5 0.1160408742844E+05 0.1160408742844E+05 0.4702625901684E-15
 Comparison of RMS-norms of solution error
           1 0.1646200836909E+03 0.1646200836909E+03 0.0000000000000E+00
           2 0.1149710790382E+02 0.1149710790382E+02 0.2008560683728E-14
           3 0.4120744620746E+02 0.4120744620746E+02 0.1379445320989E-14
           4 0.3708765105969E+02 0.3708765105969E+02 0.5747541692110E-15
           5 0.3621105305184E+03 0.3621105305184E+03 0.1255824706991E-14
 Verification Successful


 BT Benchmark Completed.
 Class           =                        C
 Size            =            162x 162x 162
 Iterations      =                      200
 Time in seconds =                   142.75
 Total processes =                       32
 Active procs    =                       25
 Mop/s total     =                 20079.63
 Mop/s/process   =                   627.49
 Operation type  =           floating point
 Verification    =               SUCCESSFUL
 Version         =                      3.4
 Compile date    =              01 May 2020

 Compile options:
    MPIFC        = mpifort
    FLINK        = $(MPIFC)
    FMPI_LIB     = (none)
    FMPI_INC     = (none)
    FFLAGS       = -O3
    FLINKFLAGS   = $(FFLAGS)
    RAND         = (none)


 Please send feedbacks and/or the results of this run to:

 NPB Development Team 
 Internet: npb@nas.nasa.gov




 NAS Parallel Benchmarks 3.4 -- BT Benchmark

 No input file inputbt.data. Using compiled defaults
 Size:  162x 162x 162  (class C)
 Iterations:  200    dt:   0.0001000
 WARNING: Number of active processes:    25
 Total number of processes:    32

 Time step    1
 Time step   20
 Time step   40
 Time step   60
 Time step   80
 Time step  100
 Time step  120
 Time step  140
 Time step  160
 Time step  180
 Time step  200
 Verification being performed for class C
 accuracy setting for epsilon =  0.1000000000000E-07
 Comparison of RMS-norms of residual
           1 0.6239811655176E+04 0.6239811655176E+04 0.7287837774866E-15
           2 0.5079323919042E+03 0.5079323919042E+03 0.0000000000000E+00
           3 0.1542353009301E+04 0.1542353009301E+04 0.1326779969727E-14
           4 0.1330238792929E+04 0.1330238792929E+04 0.8546348093735E-15
           5 0.1160408742844E+05 0.1160408742844E+05 0.4702625901684E-15
 Comparison of RMS-norms of solution error
           1 0.1646200836909E+03 0.1646200836909E+03 0.0000000000000E+00
           2 0.1149710790382E+02 0.1149710790382E+02 0.2008560683728E-14
           3 0.4120744620746E+02 0.4120744620746E+02 0.1379445320989E-14
           4 0.3708765105969E+02 0.3708765105969E+02 0.5747541692110E-15
           5 0.3621105305184E+03 0.3621105305184E+03 0.1255824706991E-14
 Verification Successful


 BT Benchmark Completed.
 Class           =                        C
 Size            =            162x 162x 162
 Iterations      =                      200
 Time in seconds =                   143.85
 Total processes =                       32
 Active procs    =                       25
 Mop/s total     =                 19925.90
 Mop/s/process   =                   622.68
 Operation type  =           floating point
 Verification    =               SUCCESSFUL
 Version         =                      3.4
 Compile date    =              01 May 2020

 Compile options:
    MPIFC        = mpifort
    FLINK        = $(MPIFC)
    FMPI_LIB     = (none)
    FMPI_INC     = (none)
    FFLAGS       = -O3
    FLINKFLAGS   = $(FFLAGS)
    RAND         = (none)


 Please send feedbacks and/or the results of this run to:

 NPB Development Team 
 Internet: npb@nas.nasa.gov




 NAS Parallel Benchmarks 3.4 -- BT Benchmark

 No input file inputbt.data. Using compiled defaults
 Size:  162x 162x 162  (class C)
 Iterations:  200    dt:   0.0001000
 WARNING: Number of active processes:    25
 Total number of processes:    32

 Time step    1
 Time step   20
 Time step   40
 Time step   60
 Time step   80
 Time step  100
 Time step  120
 Time step  140
 Time step  160
 Time step  180
 Time step  200
 Verification being performed for class C
 accuracy setting for epsilon =  0.1000000000000E-07
 Comparison of RMS-norms of residual
           1 0.6239811655176E+04 0.6239811655176E+04 0.7287837774866E-15
           2 0.5079323919042E+03 0.5079323919042E+03 0.0000000000000E+00
           3 0.1542353009301E+04 0.1542353009301E+04 0.1326779969727E-14
           4 0.1330238792929E+04 0.1330238792929E+04 0.8546348093735E-15
           5 0.1160408742844E+05 0.1160408742844E+05 0.4702625901684E-15
 Comparison of RMS-norms of solution error
           1 0.1646200836909E+03 0.1646200836909E+03 0.0000000000000E+00
           2 0.1149710790382E+02 0.1149710790382E+02 0.2008560683728E-14
           3 0.4120744620746E+02 0.4120744620746E+02 0.1379445320989E-14
           4 0.3708765105969E+02 0.3708765105969E+02 0.5747541692110E-15
           5 0.3621105305184E+03 0.3621105305184E+03 0.1255824706991E-14
 Verification Successful


 BT Benchmark Completed.
 Class           =                        C
 Size            =            162x 162x 162
 Iterations      =                      200
 Time in seconds =                   142.35
 Total processes =                       32
 Active procs    =                       25
 Mop/s total     =                 20135.89
 Mop/s/process   =                   629.25
 Operation type  =           floating point
 Verification    =               SUCCESSFUL
 Version         =                      3.4
 Compile date    =              01 May 2020

 Compile options:
    MPIFC        = mpifort
    FLINK        = $(MPIFC)
    FMPI_LIB     = (none)
    FMPI_INC     = (none)
    FFLAGS       = -O3
    FLINKFLAGS   = $(FFLAGS)
    RAND         = (none)


 Please send feedbacks and/or the results of this run to:

 NPB Development Team 
 Internet: npb@nas.nasa.gov




 NAS Parallel Benchmarks 3.4 -- BT Benchmark

 No input file inputbt.data. Using compiled defaults
 Size:  162x 162x 162  (class C)
 Iterations:  200    dt:   0.0001000
 WARNING: Number of active processes:    25
 Total number of processes:    32

 Time step    1
 Time step   20
 Time step   40
 Time step   60
 Time step   80
 Time step  100
 Time step  120
 Time step  140
 Time step  160
 Time step  180
 Time step  200
 Verification being performed for class C
 accuracy setting for epsilon =  0.1000000000000E-07
 Comparison of RMS-norms of residual
           1 0.6239811655176E+04 0.6239811655176E+04 0.7287837774866E-15
           2 0.5079323919042E+03 0.5079323919042E+03 0.0000000000000E+00
           3 0.1542353009301E+04 0.1542353009301E+04 0.1326779969727E-14
           4 0.1330238792929E+04 0.1330238792929E+04 0.8546348093735E-15
           5 0.1160408742844E+05 0.1160408742844E+05 0.4702625901684E-15
 Comparison of RMS-norms of solution error
           1 0.1646200836909E+03 0.1646200836909E+03 0.0000000000000E+00
           2 0.1149710790382E+02 0.1149710790382E+02 0.2008560683728E-14
           3 0.4120744620746E+02 0.4120744620746E+02 0.1379445320989E-14
           4 0.3708765105969E+02 0.3708765105969E+02 0.5747541692110E-15
           5 0.3621105305184E+03 0.3621105305184E+03 0.1255824706991E-14
 Verification Successful


 BT Benchmark Completed.
 Class           =                        C
 Size            =            162x 162x 162
 Iterations      =                      200
 Time in seconds =                   145.46
 Total processes =                       32
 Active procs    =                       25
 Mop/s total     =                 19705.52
 Mop/s/process   =                   615.80
 Operation type  =           floating point
 Verification    =               SUCCESSFUL
 Version         =                      3.4
 Compile date    =              01 May 2020

 Compile options:
    MPIFC        = mpifort
    FLINK        = $(MPIFC)
    FMPI_LIB     = (none)
    FMPI_INC     = (none)
    FFLAGS       = -O3
    FLINKFLAGS   = $(FFLAGS)
    RAND         = (none)


 Please send feedbacks and/or the results of this run to:

 NPB Development Team 
 Internet: npb@nas.nasa.gov




 NAS Parallel Benchmarks 3.4 -- BT Benchmark

 No input file inputbt.data. Using compiled defaults
 Size:  162x 162x 162  (class C)
 Iterations:  200    dt:   0.0001000
 WARNING: Number of active processes:    25
 Total number of processes:    32

 Time step    1
 Time step   20
 Time step   40
 Time step   60
 Time step   80
 Time step  100
 Time step  120
 Time step  140
 Time step  160
 Time step  180
 Time step  200
 Verification being performed for class C
 accuracy setting for epsilon =  0.1000000000000E-07
 Comparison of RMS-norms of residual
           1 0.6239811655176E+04 0.6239811655176E+04 0.7287837774866E-15
           2 0.5079323919042E+03 0.5079323919042E+03 0.0000000000000E+00
           3 0.1542353009301E+04 0.1542353009301E+04 0.1326779969727E-14
           4 0.1330238792929E+04 0.1330238792929E+04 0.8546348093735E-15
           5 0.1160408742844E+05 0.1160408742844E+05 0.4702625901684E-15
 Comparison of RMS-norms of solution error
           1 0.1646200836909E+03 0.1646200836909E+03 0.0000000000000E+00
           2 0.1149710790382E+02 0.1149710790382E+02 0.2008560683728E-14
           3 0.4120744620746E+02 0.4120744620746E+02 0.1379445320989E-14
           4 0.3708765105969E+02 0.3708765105969E+02 0.5747541692110E-15
           5 0.3621105305184E+03 0.3621105305184E+03 0.1255824706991E-14
 Verification Successful


 BT Benchmark Completed.
 Class           =                        C
 Size            =            162x 162x 162
 Iterations      =                      200
 Time in seconds =                   144.13
 Total processes =                       32
 Active procs    =                       25
 Mop/s total     =                 19886.38
 Mop/s/process   =                   621.45
 Operation type  =           floating point
 Verification    =               SUCCESSFUL
 Version         =                      3.4
 Compile date    =              01 May 2020

 Compile options:
    MPIFC        = mpifort
    FLINK        = $(MPIFC)
    FMPI_LIB     = (none)
    FMPI_INC     = (none)
    FFLAGS       = -O3
    FLINKFLAGS   = $(FFLAGS)
    RAND         = (none)


 Please send feedbacks and/or the results of this run to:

 NPB Development Team 
 Internet: npb@nas.nasa.gov




 NAS Parallel Benchmarks 3.4 -- BT Benchmark

 No input file inputbt.data. Using compiled defaults
 Size:  162x 162x 162  (class C)
 Iterations:  200    dt:   0.0001000
 WARNING: Number of active processes:    25
 Total number of processes:    32

 Time step    1
 Time step   20
 Time step   40
 Time step   60
 Time step   80
 Time step  100
 Time step  120
 Time step  140
 Time step  160
 Time step  180
 Time step  200
 Verification being performed for class C
 accuracy setting for epsilon =  0.1000000000000E-07
 Comparison of RMS-norms of residual
           1 0.6239811655176E+04 0.6239811655176E+04 0.7287837774866E-15
           2 0.5079323919042E+03 0.5079323919042E+03 0.0000000000000E+00
           3 0.1542353009301E+04 0.1542353009301E+04 0.1326779969727E-14
           4 0.1330238792929E+04 0.1330238792929E+04 0.8546348093735E-15
           5 0.1160408742844E+05 0.1160408742844E+05 0.4702625901684E-15
 Comparison of RMS-norms of solution error
           1 0.1646200836909E+03 0.1646200836909E+03 0.0000000000000E+00
           2 0.1149710790382E+02 0.1149710790382E+02 0.2008560683728E-14
           3 0.4120744620746E+02 0.4120744620746E+02 0.1379445320989E-14
           4 0.3708765105969E+02 0.3708765105969E+02 0.5747541692110E-15
           5 0.3621105305184E+03 0.3621105305184E+03 0.1255824706991E-14
 Verification Successful


 BT Benchmark Completed.
 Class           =                        C
 Size            =            162x 162x 162
 Iterations      =                      200
 Time in seconds =                   143.03
 Total processes =                       32
 Active procs    =                       25
 Mop/s total     =                 20039.42
 Mop/s/process   =                   626.23
 Operation type  =           floating point
 Verification    =               SUCCESSFUL
 Version         =                      3.4
 Compile date    =              01 May 2020

 Compile options:
    MPIFC        = mpifort
    FLINK        = $(MPIFC)
    FMPI_LIB     = (none)
    FMPI_INC     = (none)
    FFLAGS       = -O3
    FLINKFLAGS   = $(FFLAGS)
    RAND         = (none)


 Please send feedbacks and/or the results of this run to:

 NPB Development Team 
 Internet: npb@nas.nasa.gov




 NAS Parallel Benchmarks 3.4 -- BT Benchmark

 No input file inputbt.data. Using compiled defaults
 Size:  162x 162x 162  (class C)
 Iterations:  200    dt:   0.0001000
 WARNING: Number of active processes:    25
 Total number of processes:    32

 Time step    1
 Time step   20
 Time step   40
 Time step   60
 Time step   80
 Time step  100
 Time step  120
 Time step  140
 Time step  160
 Time step  180
 Time step  200
 Verification being performed for class C
 accuracy setting for epsilon =  0.1000000000000E-07
 Comparison of RMS-norms of residual
           1 0.6239811655176E+04 0.6239811655176E+04 0.7287837774866E-15
           2 0.5079323919042E+03 0.5079323919042E+03 0.0000000000000E+00
           3 0.1542353009301E+04 0.1542353009301E+04 0.1326779969727E-14
           4 0.1330238792929E+04 0.1330238792929E+04 0.8546348093735E-15
           5 0.1160408742844E+05 0.1160408742844E+05 0.4702625901684E-15
 Comparison of RMS-norms of solution error
           1 0.1646200836909E+03 0.1646200836909E+03 0.0000000000000E+00
           2 0.1149710790382E+02 0.1149710790382E+02 0.2008560683728E-14
           3 0.4120744620746E+02 0.4120744620746E+02 0.1379445320989E-14
           4 0.3708765105969E+02 0.3708765105969E+02 0.5747541692110E-15
           5 0.3621105305184E+03 0.3621105305184E+03 0.1255824706991E-14
 Verification Successful


 BT Benchmark Completed.
 Class           =                        C
 Size            =            162x 162x 162
 Iterations      =                      200
 Time in seconds =                   143.84
 Total processes =                       32
 Active procs    =                       25
 Mop/s total     =                 19926.84
 Mop/s/process   =                   622.71
 Operation type  =           floating point
 Verification    =               SUCCESSFUL
 Version         =                      3.4
 Compile date    =              01 May 2020

 Compile options:
    MPIFC        = mpifort
    FLINK        = $(MPIFC)
    FMPI_LIB     = (none)
    FMPI_INC     = (none)
    FFLAGS       = -O3
    FLINKFLAGS   = $(FFLAGS)
    RAND         = (none)


 Please send feedbacks and/or the results of this run to:

 NPB Development Team 
 Internet: npb@nas.nasa.gov




 NAS Parallel Benchmarks 3.4 -- BT Benchmark

 No input file inputbt.data. Using compiled defaults
 Size:  162x 162x 162  (class C)
 Iterations:  200    dt:   0.0001000
 WARNING: Number of active processes:    25
 Total number of processes:    32

 Time step    1
 Time step   20
 Time step   40
 Time step   60
 Time step   80
 Time step  100
 Time step  120
 Time step  140
 Time step  160
 Time step  180
 Time step  200
 Verification being performed for class C
 accuracy setting for epsilon =  0.1000000000000E-07
 Comparison of RMS-norms of residual
           1 0.6239811655176E+04 0.6239811655176E+04 0.7287837774866E-15
           2 0.5079323919042E+03 0.5079323919042E+03 0.0000000000000E+00
           3 0.1542353009301E+04 0.1542353009301E+04 0.1326779969727E-14
           4 0.1330238792929E+04 0.1330238792929E+04 0.8546348093735E-15
           5 0.1160408742844E+05 0.1160408742844E+05 0.4702625901684E-15
 Comparison of RMS-norms of solution error
           1 0.1646200836909E+03 0.1646200836909E+03 0.0000000000000E+00
           2 0.1149710790382E+02 0.1149710790382E+02 0.2008560683728E-14
           3 0.4120744620746E+02 0.4120744620746E+02 0.1379445320989E-14
           4 0.3708765105969E+02 0.3708765105969E+02 0.5747541692110E-15
           5 0.3621105305184E+03 0.3621105305184E+03 0.1255824706991E-14
 Verification Successful


 BT Benchmark Completed.
 Class           =                        C
 Size            =            162x 162x 162
 Iterations      =                      200
 Time in seconds =                   142.28
 Total processes =                       32
 Active procs    =                       25
 Mop/s total     =                 20146.00
 Mop/s/process   =                   629.56
 Operation type  =           floating point
 Verification    =               SUCCESSFUL
 Version         =                      3.4
 Compile date    =              01 May 2020

 Compile options:
    MPIFC        = mpifort
    FLINK        = $(MPIFC)
    FMPI_LIB     = (none)
    FMPI_INC     = (none)
    FFLAGS       = -O3
    FLINKFLAGS   = $(FFLAGS)
    RAND         = (none)


 Please send feedbacks and/or the results of this run to:

 NPB Development Team 
 Internet: npb@nas.nasa.gov




 NAS Parallel Benchmarks 3.4 -- BT Benchmark

 No input file inputbt.data. Using compiled defaults
 Size:  162x 162x 162  (class C)
 Iterations:  200    dt:   0.0001000
 WARNING: Number of active processes:    25
 Total number of processes:    32

 Time step    1
 Time step   20
 Time step   40
 Time step   60
 Time step   80
 Time step  100
 Time step  120
 Time step  140
 Time step  160
 Time step  180
 Time step  200
 Verification being performed for class C
 accuracy setting for epsilon =  0.1000000000000E-07
 Comparison of RMS-norms of residual
           1 0.6239811655176E+04 0.6239811655176E+04 0.7287837774866E-15
           2 0.5079323919042E+03 0.5079323919042E+03 0.0000000000000E+00
           3 0.1542353009301E+04 0.1542353009301E+04 0.1326779969727E-14
           4 0.1330238792929E+04 0.1330238792929E+04 0.8546348093735E-15
           5 0.1160408742844E+05 0.1160408742844E+05 0.4702625901684E-15
 Comparison of RMS-norms of solution error
           1 0.1646200836909E+03 0.1646200836909E+03 0.0000000000000E+00
           2 0.1149710790382E+02 0.1149710790382E+02 0.2008560683728E-14
           3 0.4120744620746E+02 0.4120744620746E+02 0.1379445320989E-14
           4 0.3708765105969E+02 0.3708765105969E+02 0.5747541692110E-15
           5 0.3621105305184E+03 0.3621105305184E+03 0.1255824706991E-14
 Verification Successful


 BT Benchmark Completed.
 Class           =                        C
 Size            =            162x 162x 162
 Iterations      =                      200
 Time in seconds =                   140.98
 Total processes =                       32
 Active procs    =                       25
 Mop/s total     =                 20330.44
 Mop/s/process   =                   635.33
 Operation type  =           floating point
 Verification    =               SUCCESSFUL
 Version         =                      3.4
 Compile date    =              01 May 2020

 Compile options:
    MPIFC        = mpifort
    FLINK        = $(MPIFC)
    FMPI_LIB     = (none)
    FMPI_INC     = (none)
    FFLAGS       = -O3
    FLINKFLAGS   = $(FFLAGS)
    RAND         = (none)


 Please send feedbacks and/or the results of this run to:

 NPB Development Team 
 Internet: npb@nas.nasa.gov




 NAS Parallel Benchmarks 3.4 -- BT Benchmark

 No input file inputbt.data. Using compiled defaults
 Size:  162x 162x 162  (class C)
 Iterations:  200    dt:   0.0001000
 WARNING: Number of active processes:    25
 Total number of processes:    32

 Time step    1
 Time step   20
 Time step   40
 Time step   60
 Time step   80
 Time step  100
 Time step  120
 Time step  140
 Time step  160
 Time step  180
 Time step  200
 Verification being performed for class C
 accuracy setting for epsilon =  0.1000000000000E-07
 Comparison of RMS-norms of residual
           1 0.6239811655176E+04 0.6239811655176E+04 0.7287837774866E-15
           2 0.5079323919042E+03 0.5079323919042E+03 0.0000000000000E+00
           3 0.1542353009301E+04 0.1542353009301E+04 0.1326779969727E-14
           4 0.1330238792929E+04 0.1330238792929E+04 0.8546348093735E-15
           5 0.1160408742844E+05 0.1160408742844E+05 0.4702625901684E-15
 Comparison of RMS-norms of solution error
           1 0.1646200836909E+03 0.1646200836909E+03 0.0000000000000E+00
           2 0.1149710790382E+02 0.1149710790382E+02 0.2008560683728E-14
           3 0.4120744620746E+02 0.4120744620746E+02 0.1379445320989E-14
           4 0.3708765105969E+02 0.3708765105969E+02 0.5747541692110E-15
           5 0.3621105305184E+03 0.3621105305184E+03 0.1255824706991E-14
 Verification Successful


 BT Benchmark Completed.
 Class           =                        C
 Size            =            162x 162x 162
 Iterations      =                      200
 Time in seconds =                   144.03
 Total processes =                       32
 Active procs    =                       25
 Mop/s total     =                 19900.94
 Mop/s/process   =                   621.90
 Operation type  =           floating point
 Verification    =               SUCCESSFUL
 Version         =                      3.4
 Compile date    =              01 May 2020

 Compile options:
    MPIFC        = mpifort
    FLINK        = $(MPIFC)
    FMPI_LIB     = (none)
    FMPI_INC     = (none)
    FFLAGS       = -O3
    FLINKFLAGS   = $(FFLAGS)
    RAND         = (none)


 Please send feedbacks and/or the results of this run to:

 NPB Development Team 
 Internet: npb@nas.nasa.gov




 NAS Parallel Benchmarks 3.4 -- BT Benchmark

 No input file inputbt.data. Using compiled defaults
 Size:  162x 162x 162  (class C)
 Iterations:  200    dt:   0.0001000
 WARNING: Number of active processes:    25
 Total number of processes:    32

 Time step    1
 Time step   20
 Time step   40
 Time step   60
 Time step   80
 Time step  100
 Time step  120
 Time step  140
 Time step  160
 Time step  180
 Time step  200
 Verification being performed for class C
 accuracy setting for epsilon =  0.1000000000000E-07
 Comparison of RMS-norms of residual
           1 0.6239811655176E+04 0.6239811655176E+04 0.7287837774866E-15
           2 0.5079323919042E+03 0.5079323919042E+03 0.0000000000000E+00
           3 0.1542353009301E+04 0.1542353009301E+04 0.1326779969727E-14
           4 0.1330238792929E+04 0.1330238792929E+04 0.8546348093735E-15
           5 0.1160408742844E+05 0.1160408742844E+05 0.4702625901684E-15
 Comparison of RMS-norms of solution error
           1 0.1646200836909E+03 0.1646200836909E+03 0.0000000000000E+00
           2 0.1149710790382E+02 0.1149710790382E+02 0.2008560683728E-14
           3 0.4120744620746E+02 0.4120744620746E+02 0.1379445320989E-14
           4 0.3708765105969E+02 0.3708765105969E+02 0.5747541692110E-15
           5 0.3621105305184E+03 0.3621105305184E+03 0.1255824706991E-14
 Verification Successful


 BT Benchmark Completed.
 Class           =                        C
 Size            =            162x 162x 162
 Iterations      =                      200
 Time in seconds =                   142.84
 Total processes =                       32
 Active procs    =                       25
 Mop/s total     =                 20066.20
 Mop/s/process   =                   627.07
 Operation type  =           floating point
 Verification    =               SUCCESSFUL
 Version         =                      3.4
 Compile date    =              01 May 2020

 Compile options:
    MPIFC        = mpifort
    FLINK        = $(MPIFC)
    FMPI_LIB     = (none)
    FMPI_INC     = (none)
    FFLAGS       = -O3
    FLINKFLAGS   = $(FFLAGS)
    RAND         = (none)


 Please send feedbacks and/or the results of this run to:

 NPB Development Team 
 Internet: npb@nas.nasa.gov




 NAS Parallel Benchmarks 3.4 -- BT Benchmark

 No input file inputbt.data. Using compiled defaults
 Size:  162x 162x 162  (class C)
 Iterations:  200    dt:   0.0001000
 WARNING: Number of active processes:    25
 Total number of processes:    32

 Time step    1
 Time step   20
 Time step   40
 Time step   60
 Time step   80
 Time step  100
 Time step  120
 Time step  140
 Time step  160
 Time step  180
 Time step  200
 Verification being performed for class C
 accuracy setting for epsilon =  0.1000000000000E-07
 Comparison of RMS-norms of residual
           1 0.6239811655176E+04 0.6239811655176E+04 0.7287837774866E-15
           2 0.5079323919042E+03 0.5079323919042E+03 0.0000000000000E+00
           3 0.1542353009301E+04 0.1542353009301E+04 0.1326779969727E-14
           4 0.1330238792929E+04 0.1330238792929E+04 0.8546348093735E-15
           5 0.1160408742844E+05 0.1160408742844E+05 0.4702625901684E-15
 Comparison of RMS-norms of solution error
           1 0.1646200836909E+03 0.1646200836909E+03 0.0000000000000E+00
           2 0.1149710790382E+02 0.1149710790382E+02 0.2008560683728E-14
           3 0.4120744620746E+02 0.4120744620746E+02 0.1379445320989E-14
           4 0.3708765105969E+02 0.3708765105969E+02 0.5747541692110E-15
           5 0.3621105305184E+03 0.3621105305184E+03 0.1255824706991E-14
 Verification Successful


 BT Benchmark Completed.
 Class           =                        C
 Size            =            162x 162x 162
 Iterations      =                      200
 Time in seconds =                   143.45
 Total processes =                       32
 Active procs    =                       25
 Mop/s total     =                 19981.36
 Mop/s/process   =                   624.42
 Operation type  =           floating point
 Verification    =               SUCCESSFUL
 Version         =                      3.4
 Compile date    =              01 May 2020

 Compile options:
    MPIFC        = mpifort
    FLINK        = $(MPIFC)
    FMPI_LIB     = (none)
    FMPI_INC     = (none)
    FFLAGS       = -O3
    FLINKFLAGS   = $(FFLAGS)
    RAND         = (none)


 Please send feedbacks and/or the results of this run to:

 NPB Development Team 
 Internet: npb@nas.nasa.gov


