

 NAS Parallel Benchmarks 3.4 -- FT Benchmark

 No input file inputft.data. Using compiled defaults
 Size                :  512x 512x 512  (class C)
 Iterations          :             20
 Number of processes :             32
 Processor array     :         1x  32
 Layout type         :             1D

 Initialization time =      6.1116

 T =    1     Checksum =    5.195078707457D+02    5.149019699238D+02
 T =    2     Checksum =    5.155422171134D+02    5.127578201997D+02
 T =    3     Checksum =    5.144678022222D+02    5.122251847514D+02
 T =    4     Checksum =    5.140150594328D+02    5.121090289018D+02
 T =    5     Checksum =    5.137550426810D+02    5.121143685824D+02
 T =    6     Checksum =    5.135811056728D+02    5.121496764568D+02
 T =    7     Checksum =    5.134569343165D+02    5.121870921893D+02
 T =    8     Checksum =    5.133651975661D+02    5.122193250322D+02
 T =    9     Checksum =    5.132955192805D+02    5.122454735794D+02
 T =   10     Checksum =    5.132410471738D+02    5.122663649603D+02
 T =   11     Checksum =    5.131971141679D+02    5.122830879827D+02
 T =   12     Checksum =    5.131605205716D+02    5.122965869718D+02
 T =   13     Checksum =    5.131290734194D+02    5.123075927445D+02
 T =   14     Checksum =    5.131012720314D+02    5.123166486553D+02
 T =   15     Checksum =    5.130760908195D+02    5.123241541685D+02
 T =   16     Checksum =    5.130528295923D+02    5.123304037599D+02
 T =   17     Checksum =    5.130310107773D+02    5.123356167976D+02
 T =   18     Checksum =    5.130103090133D+02    5.123399592211D+02
 T =   19     Checksum =    5.129905029333D+02    5.123435588985D+02
 T =   20     Checksum =    5.129714421109D+02    5.123465164008D+02
 Result verification successful


 FT Benchmark Completed.
 Class           =                        C
 Size            =            512x 512x 512
 Iterations      =                       20
 Time in seconds =                    86.17
 Total processes =                       32
 Active procs    =                       32
 Mop/s total     =                  4600.00
 Mop/s/process   =                   143.75
 Operation type  =           floating point
 Verification    =               SUCCESSFUL
 Version         =                      3.4
 Compile date    =              01 May 2020

 Compile options:
    MPIFC        = mpifort
    FLINK        = $(MPIFC)
    FMPI_LIB     = (none)
    FMPI_INC     = (none)
    FFLAGS       = -O3
    FLINKFLAGS   = $(FFLAGS)
    RAND         = randi8


 Please send feedbacks and/or the results of this run to:

 NPB Development Team 
 Internet: npb@nas.nasa.gov




 NAS Parallel Benchmarks 3.4 -- FT Benchmark

 No input file inputft.data. Using compiled defaults
 Size                :  512x 512x 512  (class C)
 Iterations          :             20
 Number of processes :             32
 Processor array     :         1x  32
 Layout type         :             1D

 Initialization time =      4.7724

 T =    1     Checksum =    5.195078707457D+02    5.149019699238D+02
 T =    2     Checksum =    5.155422171134D+02    5.127578201997D+02
 T =    3     Checksum =    5.144678022222D+02    5.122251847514D+02
 T =    4     Checksum =    5.140150594328D+02    5.121090289018D+02
 T =    5     Checksum =    5.137550426810D+02    5.121143685824D+02
 T =    6     Checksum =    5.135811056728D+02    5.121496764568D+02
 T =    7     Checksum =    5.134569343165D+02    5.121870921893D+02
 T =    8     Checksum =    5.133651975661D+02    5.122193250322D+02
 T =    9     Checksum =    5.132955192805D+02    5.122454735794D+02
 T =   10     Checksum =    5.132410471738D+02    5.122663649603D+02
 T =   11     Checksum =    5.131971141679D+02    5.122830879827D+02
 T =   12     Checksum =    5.131605205716D+02    5.122965869718D+02
 T =   13     Checksum =    5.131290734194D+02    5.123075927445D+02
 T =   14     Checksum =    5.131012720314D+02    5.123166486553D+02
 T =   15     Checksum =    5.130760908195D+02    5.123241541685D+02
 T =   16     Checksum =    5.130528295923D+02    5.123304037599D+02
 T =   17     Checksum =    5.130310107773D+02    5.123356167976D+02
 T =   18     Checksum =    5.130103090133D+02    5.123399592211D+02
 T =   19     Checksum =    5.129905029333D+02    5.123435588985D+02
 T =   20     Checksum =    5.129714421109D+02    5.123465164008D+02
 Result verification successful


 FT Benchmark Completed.
 Class           =                        C
 Size            =            512x 512x 512
 Iterations      =                       20
 Time in seconds =                    85.14
 Total processes =                       32
 Active procs    =                       32
 Mop/s total     =                  4655.58
 Mop/s/process   =                   145.49
 Operation type  =           floating point
 Verification    =               SUCCESSFUL
 Version         =                      3.4
 Compile date    =              01 May 2020

 Compile options:
    MPIFC        = mpifort
    FLINK        = $(MPIFC)
    FMPI_LIB     = (none)
    FMPI_INC     = (none)
    FFLAGS       = -O3
    FLINKFLAGS   = $(FFLAGS)
    RAND         = randi8


 Please send feedbacks and/or the results of this run to:

 NPB Development Team 
 Internet: npb@nas.nasa.gov




 NAS Parallel Benchmarks 3.4 -- FT Benchmark

 No input file inputft.data. Using compiled defaults
 Size                :  512x 512x 512  (class C)
 Iterations          :             20
 Number of processes :             32
 Processor array     :         1x  32
 Layout type         :             1D

 Initialization time =      6.2294

 T =    1     Checksum =    5.195078707457D+02    5.149019699238D+02
 T =    2     Checksum =    5.155422171134D+02    5.127578201997D+02
 T =    3     Checksum =    5.144678022222D+02    5.122251847514D+02
 T =    4     Checksum =    5.140150594328D+02    5.121090289018D+02
 T =    5     Checksum =    5.137550426810D+02    5.121143685824D+02
 T =    6     Checksum =    5.135811056728D+02    5.121496764568D+02
 T =    7     Checksum =    5.134569343165D+02    5.121870921893D+02
 T =    8     Checksum =    5.133651975661D+02    5.122193250322D+02
 T =    9     Checksum =    5.132955192805D+02    5.122454735794D+02
 T =   10     Checksum =    5.132410471738D+02    5.122663649603D+02
 T =   11     Checksum =    5.131971141679D+02    5.122830879827D+02
 T =   12     Checksum =    5.131605205716D+02    5.122965869718D+02
 T =   13     Checksum =    5.131290734194D+02    5.123075927445D+02
 T =   14     Checksum =    5.131012720314D+02    5.123166486553D+02
 T =   15     Checksum =    5.130760908195D+02    5.123241541685D+02
 T =   16     Checksum =    5.130528295923D+02    5.123304037599D+02
 T =   17     Checksum =    5.130310107773D+02    5.123356167976D+02
 T =   18     Checksum =    5.130103090133D+02    5.123399592211D+02
 T =   19     Checksum =    5.129905029333D+02    5.123435588985D+02
 T =   20     Checksum =    5.129714421109D+02    5.123465164008D+02
 Result verification successful


 FT Benchmark Completed.
 Class           =                        C
 Size            =            512x 512x 512
 Iterations      =                       20
 Time in seconds =                    85.61
 Total processes =                       32
 Active procs    =                       32
 Mop/s total     =                  4630.15
 Mop/s/process   =                   144.69
 Operation type  =           floating point
 Verification    =               SUCCESSFUL
 Version         =                      3.4
 Compile date    =              01 May 2020

 Compile options:
    MPIFC        = mpifort
    FLINK        = $(MPIFC)
    FMPI_LIB     = (none)
    FMPI_INC     = (none)
    FFLAGS       = -O3
    FLINKFLAGS   = $(FFLAGS)
    RAND         = randi8


 Please send feedbacks and/or the results of this run to:

 NPB Development Team 
 Internet: npb@nas.nasa.gov




 NAS Parallel Benchmarks 3.4 -- FT Benchmark

 No input file inputft.data. Using compiled defaults
 Size                :  512x 512x 512  (class C)
 Iterations          :             20
 Number of processes :             32
 Processor array     :         1x  32
 Layout type         :             1D

 Initialization time =      4.6488

 T =    1     Checksum =    5.195078707457D+02    5.149019699238D+02
 T =    2     Checksum =    5.155422171134D+02    5.127578201997D+02
 T =    3     Checksum =    5.144678022222D+02    5.122251847514D+02
 T =    4     Checksum =    5.140150594328D+02    5.121090289018D+02
 T =    5     Checksum =    5.137550426810D+02    5.121143685824D+02
 T =    6     Checksum =    5.135811056728D+02    5.121496764568D+02
 T =    7     Checksum =    5.134569343165D+02    5.121870921893D+02
 T =    8     Checksum =    5.133651975661D+02    5.122193250322D+02
 T =    9     Checksum =    5.132955192805D+02    5.122454735794D+02
 T =   10     Checksum =    5.132410471738D+02    5.122663649603D+02
 T =   11     Checksum =    5.131971141679D+02    5.122830879827D+02
 T =   12     Checksum =    5.131605205716D+02    5.122965869718D+02
 T =   13     Checksum =    5.131290734194D+02    5.123075927445D+02
 T =   14     Checksum =    5.131012720314D+02    5.123166486553D+02
 T =   15     Checksum =    5.130760908195D+02    5.123241541685D+02
 T =   16     Checksum =    5.130528295923D+02    5.123304037599D+02
 T =   17     Checksum =    5.130310107773D+02    5.123356167976D+02
 T =   18     Checksum =    5.130103090133D+02    5.123399592211D+02
 T =   19     Checksum =    5.129905029333D+02    5.123435588985D+02
 T =   20     Checksum =    5.129714421109D+02    5.123465164008D+02
 Result verification successful


 FT Benchmark Completed.
 Class           =                        C
 Size            =            512x 512x 512
 Iterations      =                       20
 Time in seconds =                    85.61
 Total processes =                       32
 Active procs    =                       32
 Mop/s total     =                  4630.13
 Mop/s/process   =                   144.69
 Operation type  =           floating point
 Verification    =               SUCCESSFUL
 Version         =                      3.4
 Compile date    =              01 May 2020

 Compile options:
    MPIFC        = mpifort
    FLINK        = $(MPIFC)
    FMPI_LIB     = (none)
    FMPI_INC     = (none)
    FFLAGS       = -O3
    FLINKFLAGS   = $(FFLAGS)
    RAND         = randi8


 Please send feedbacks and/or the results of this run to:

 NPB Development Team 
 Internet: npb@nas.nasa.gov




 NAS Parallel Benchmarks 3.4 -- FT Benchmark

 No input file inputft.data. Using compiled defaults
 Size                :  512x 512x 512  (class C)
 Iterations          :             20
 Number of processes :             32
 Processor array     :         1x  32
 Layout type         :             1D

 Initialization time =      6.1221

 T =    1     Checksum =    5.195078707457D+02    5.149019699238D+02
 T =    2     Checksum =    5.155422171134D+02    5.127578201997D+02
 T =    3     Checksum =    5.144678022222D+02    5.122251847514D+02
 T =    4     Checksum =    5.140150594328D+02    5.121090289018D+02
 T =    5     Checksum =    5.137550426810D+02    5.121143685824D+02
 T =    6     Checksum =    5.135811056728D+02    5.121496764568D+02
 T =    7     Checksum =    5.134569343165D+02    5.121870921893D+02
 T =    8     Checksum =    5.133651975661D+02    5.122193250322D+02
 T =    9     Checksum =    5.132955192805D+02    5.122454735794D+02
 T =   10     Checksum =    5.132410471738D+02    5.122663649603D+02
 T =   11     Checksum =    5.131971141679D+02    5.122830879827D+02
 T =   12     Checksum =    5.131605205716D+02    5.122965869718D+02
 T =   13     Checksum =    5.131290734194D+02    5.123075927445D+02
 T =   14     Checksum =    5.131012720314D+02    5.123166486553D+02
 T =   15     Checksum =    5.130760908195D+02    5.123241541685D+02
 T =   16     Checksum =    5.130528295923D+02    5.123304037599D+02
 T =   17     Checksum =    5.130310107773D+02    5.123356167976D+02
 T =   18     Checksum =    5.130103090133D+02    5.123399592211D+02
 T =   19     Checksum =    5.129905029333D+02    5.123435588985D+02
 T =   20     Checksum =    5.129714421109D+02    5.123465164008D+02
 Result verification successful


 FT Benchmark Completed.
 Class           =                        C
 Size            =            512x 512x 512
 Iterations      =                       20
 Time in seconds =                    85.10
 Total processes =                       32
 Active procs    =                       32
 Mop/s total     =                  4657.77
 Mop/s/process   =                   145.56
 Operation type  =           floating point
 Verification    =               SUCCESSFUL
 Version         =                      3.4
 Compile date    =              01 May 2020

 Compile options:
    MPIFC        = mpifort
    FLINK        = $(MPIFC)
    FMPI_LIB     = (none)
    FMPI_INC     = (none)
    FFLAGS       = -O3
    FLINKFLAGS   = $(FFLAGS)
    RAND         = randi8


 Please send feedbacks and/or the results of this run to:

 NPB Development Team 
 Internet: npb@nas.nasa.gov




 NAS Parallel Benchmarks 3.4 -- FT Benchmark

 No input file inputft.data. Using compiled defaults
 Size                :  512x 512x 512  (class C)
 Iterations          :             20
 Number of processes :             32
 Processor array     :         1x  32
 Layout type         :             1D

 Initialization time =      6.0074

 T =    1     Checksum =    5.195078707457D+02    5.149019699238D+02
 T =    2     Checksum =    5.155422171134D+02    5.127578201997D+02
 T =    3     Checksum =    5.144678022222D+02    5.122251847514D+02
 T =    4     Checksum =    5.140150594328D+02    5.121090289018D+02
 T =    5     Checksum =    5.137550426810D+02    5.121143685824D+02
 T =    6     Checksum =    5.135811056728D+02    5.121496764568D+02
 T =    7     Checksum =    5.134569343165D+02    5.121870921893D+02
 T =    8     Checksum =    5.133651975661D+02    5.122193250322D+02
 T =    9     Checksum =    5.132955192805D+02    5.122454735794D+02
 T =   10     Checksum =    5.132410471738D+02    5.122663649603D+02
 T =   11     Checksum =    5.131971141679D+02    5.122830879827D+02
 T =   12     Checksum =    5.131605205716D+02    5.122965869718D+02
 T =   13     Checksum =    5.131290734194D+02    5.123075927445D+02
 T =   14     Checksum =    5.131012720314D+02    5.123166486553D+02
 T =   15     Checksum =    5.130760908195D+02    5.123241541685D+02
 T =   16     Checksum =    5.130528295923D+02    5.123304037599D+02
 T =   17     Checksum =    5.130310107773D+02    5.123356167976D+02
 T =   18     Checksum =    5.130103090133D+02    5.123399592211D+02
 T =   19     Checksum =    5.129905029333D+02    5.123435588985D+02
 T =   20     Checksum =    5.129714421109D+02    5.123465164008D+02
 Result verification successful


 FT Benchmark Completed.
 Class           =                        C
 Size            =            512x 512x 512
 Iterations      =                       20
 Time in seconds =                    85.58
 Total processes =                       32
 Active procs    =                       32
 Mop/s total     =                  4631.71
 Mop/s/process   =                   144.74
 Operation type  =           floating point
 Verification    =               SUCCESSFUL
 Version         =                      3.4
 Compile date    =              01 May 2020

 Compile options:
    MPIFC        = mpifort
    FLINK        = $(MPIFC)
    FMPI_LIB     = (none)
    FMPI_INC     = (none)
    FFLAGS       = -O3
    FLINKFLAGS   = $(FFLAGS)
    RAND         = randi8


 Please send feedbacks and/or the results of this run to:

 NPB Development Team 
 Internet: npb@nas.nasa.gov




 NAS Parallel Benchmarks 3.4 -- FT Benchmark

 No input file inputft.data. Using compiled defaults
 Size                :  512x 512x 512  (class C)
 Iterations          :             20
 Number of processes :             32
 Processor array     :         1x  32
 Layout type         :             1D

 Initialization time =      5.4332

 T =    1     Checksum =    5.195078707457D+02    5.149019699238D+02
 T =    2     Checksum =    5.155422171134D+02    5.127578201997D+02
 T =    3     Checksum =    5.144678022222D+02    5.122251847514D+02
 T =    4     Checksum =    5.140150594328D+02    5.121090289018D+02
 T =    5     Checksum =    5.137550426810D+02    5.121143685824D+02
 T =    6     Checksum =    5.135811056728D+02    5.121496764568D+02
 T =    7     Checksum =    5.134569343165D+02    5.121870921893D+02
 T =    8     Checksum =    5.133651975661D+02    5.122193250322D+02
 T =    9     Checksum =    5.132955192805D+02    5.122454735794D+02
 T =   10     Checksum =    5.132410471738D+02    5.122663649603D+02
 T =   11     Checksum =    5.131971141679D+02    5.122830879827D+02
 T =   12     Checksum =    5.131605205716D+02    5.122965869718D+02
 T =   13     Checksum =    5.131290734194D+02    5.123075927445D+02
 T =   14     Checksum =    5.131012720314D+02    5.123166486553D+02
 T =   15     Checksum =    5.130760908195D+02    5.123241541685D+02
 T =   16     Checksum =    5.130528295923D+02    5.123304037599D+02
 T =   17     Checksum =    5.130310107773D+02    5.123356167976D+02
 T =   18     Checksum =    5.130103090133D+02    5.123399592211D+02
 T =   19     Checksum =    5.129905029333D+02    5.123435588985D+02
 T =   20     Checksum =    5.129714421109D+02    5.123465164008D+02
 Result verification successful


 FT Benchmark Completed.
 Class           =                        C
 Size            =            512x 512x 512
 Iterations      =                       20
 Time in seconds =                    85.00
 Total processes =                       32
 Active procs    =                       32
 Mop/s total     =                  4663.39
 Mop/s/process   =                   145.73
 Operation type  =           floating point
 Verification    =               SUCCESSFUL
 Version         =                      3.4
 Compile date    =              01 May 2020

 Compile options:
    MPIFC        = mpifort
    FLINK        = $(MPIFC)
    FMPI_LIB     = (none)
    FMPI_INC     = (none)
    FFLAGS       = -O3
    FLINKFLAGS   = $(FFLAGS)
    RAND         = randi8


 Please send feedbacks and/or the results of this run to:

 NPB Development Team 
 Internet: npb@nas.nasa.gov




 NAS Parallel Benchmarks 3.4 -- FT Benchmark

 No input file inputft.data. Using compiled defaults
 Size                :  512x 512x 512  (class C)
 Iterations          :             20
 Number of processes :             32
 Processor array     :         1x  32
 Layout type         :             1D

 Initialization time =      6.9491

 T =    1     Checksum =    5.195078707457D+02    5.149019699238D+02
 T =    2     Checksum =    5.155422171134D+02    5.127578201997D+02
 T =    3     Checksum =    5.144678022222D+02    5.122251847514D+02
 T =    4     Checksum =    5.140150594328D+02    5.121090289018D+02
 T =    5     Checksum =    5.137550426810D+02    5.121143685824D+02
 T =    6     Checksum =    5.135811056728D+02    5.121496764568D+02
 T =    7     Checksum =    5.134569343165D+02    5.121870921893D+02
 T =    8     Checksum =    5.133651975661D+02    5.122193250322D+02
 T =    9     Checksum =    5.132955192805D+02    5.122454735794D+02
 T =   10     Checksum =    5.132410471738D+02    5.122663649603D+02
 T =   11     Checksum =    5.131971141679D+02    5.122830879827D+02
 T =   12     Checksum =    5.131605205716D+02    5.122965869718D+02
 T =   13     Checksum =    5.131290734194D+02    5.123075927445D+02
 T =   14     Checksum =    5.131012720314D+02    5.123166486553D+02
 T =   15     Checksum =    5.130760908195D+02    5.123241541685D+02
 T =   16     Checksum =    5.130528295923D+02    5.123304037599D+02
 T =   17     Checksum =    5.130310107773D+02    5.123356167976D+02
 T =   18     Checksum =    5.130103090133D+02    5.123399592211D+02
 T =   19     Checksum =    5.129905029333D+02    5.123435588985D+02
 T =   20     Checksum =    5.129714421109D+02    5.123465164008D+02
 Result verification successful


 FT Benchmark Completed.
 Class           =                        C
 Size            =            512x 512x 512
 Iterations      =                       20
 Time in seconds =                    85.63
 Total processes =                       32
 Active procs    =                       32
 Mop/s total     =                  4628.91
 Mop/s/process   =                   144.65
 Operation type  =           floating point
 Verification    =               SUCCESSFUL
 Version         =                      3.4
 Compile date    =              01 May 2020

 Compile options:
    MPIFC        = mpifort
    FLINK        = $(MPIFC)
    FMPI_LIB     = (none)
    FMPI_INC     = (none)
    FFLAGS       = -O3
    FLINKFLAGS   = $(FFLAGS)
    RAND         = randi8


 Please send feedbacks and/or the results of this run to:

 NPB Development Team 
 Internet: npb@nas.nasa.gov




 NAS Parallel Benchmarks 3.4 -- FT Benchmark

 No input file inputft.data. Using compiled defaults
 Size                :  512x 512x 512  (class C)
 Iterations          :             20
 Number of processes :             32
 Processor array     :         1x  32
 Layout type         :             1D

 Initialization time =      4.6661

 T =    1     Checksum =    5.195078707457D+02    5.149019699238D+02
 T =    2     Checksum =    5.155422171134D+02    5.127578201997D+02
 T =    3     Checksum =    5.144678022222D+02    5.122251847514D+02
 T =    4     Checksum =    5.140150594328D+02    5.121090289018D+02
 T =    5     Checksum =    5.137550426810D+02    5.121143685824D+02
 T =    6     Checksum =    5.135811056728D+02    5.121496764568D+02
 T =    7     Checksum =    5.134569343165D+02    5.121870921893D+02
 T =    8     Checksum =    5.133651975661D+02    5.122193250322D+02
 T =    9     Checksum =    5.132955192805D+02    5.122454735794D+02
 T =   10     Checksum =    5.132410471738D+02    5.122663649603D+02
 T =   11     Checksum =    5.131971141679D+02    5.122830879827D+02
 T =   12     Checksum =    5.131605205716D+02    5.122965869718D+02
 T =   13     Checksum =    5.131290734194D+02    5.123075927445D+02
 T =   14     Checksum =    5.131012720314D+02    5.123166486553D+02
 T =   15     Checksum =    5.130760908195D+02    5.123241541685D+02
 T =   16     Checksum =    5.130528295923D+02    5.123304037599D+02
 T =   17     Checksum =    5.130310107773D+02    5.123356167976D+02
 T =   18     Checksum =    5.130103090133D+02    5.123399592211D+02
 T =   19     Checksum =    5.129905029333D+02    5.123435588985D+02
 T =   20     Checksum =    5.129714421109D+02    5.123465164008D+02
 Result verification successful


 FT Benchmark Completed.
 Class           =                        C
 Size            =            512x 512x 512
 Iterations      =                       20
 Time in seconds =                    85.42
 Total processes =                       32
 Active procs    =                       32
 Mop/s total     =                  4640.51
 Mop/s/process   =                   145.02
 Operation type  =           floating point
 Verification    =               SUCCESSFUL
 Version         =                      3.4
 Compile date    =              01 May 2020

 Compile options:
    MPIFC        = mpifort
    FLINK        = $(MPIFC)
    FMPI_LIB     = (none)
    FMPI_INC     = (none)
    FFLAGS       = -O3
    FLINKFLAGS   = $(FFLAGS)
    RAND         = randi8


 Please send feedbacks and/or the results of this run to:

 NPB Development Team 
 Internet: npb@nas.nasa.gov




 NAS Parallel Benchmarks 3.4 -- FT Benchmark

 No input file inputft.data. Using compiled defaults
 Size                :  512x 512x 512  (class C)
 Iterations          :             20
 Number of processes :             32
 Processor array     :         1x  32
 Layout type         :             1D

 Initialization time =      5.4523

 T =    1     Checksum =    5.195078707457D+02    5.149019699238D+02
 T =    2     Checksum =    5.155422171134D+02    5.127578201997D+02
 T =    3     Checksum =    5.144678022222D+02    5.122251847514D+02
 T =    4     Checksum =    5.140150594328D+02    5.121090289018D+02
 T =    5     Checksum =    5.137550426810D+02    5.121143685824D+02
 T =    6     Checksum =    5.135811056728D+02    5.121496764568D+02
 T =    7     Checksum =    5.134569343165D+02    5.121870921893D+02
 T =    8     Checksum =    5.133651975661D+02    5.122193250322D+02
 T =    9     Checksum =    5.132955192805D+02    5.122454735794D+02
 T =   10     Checksum =    5.132410471738D+02    5.122663649603D+02
 T =   11     Checksum =    5.131971141679D+02    5.122830879827D+02
 T =   12     Checksum =    5.131605205716D+02    5.122965869718D+02
 T =   13     Checksum =    5.131290734194D+02    5.123075927445D+02
 T =   14     Checksum =    5.131012720314D+02    5.123166486553D+02
 T =   15     Checksum =    5.130760908195D+02    5.123241541685D+02
 T =   16     Checksum =    5.130528295923D+02    5.123304037599D+02
 T =   17     Checksum =    5.130310107773D+02    5.123356167976D+02
 T =   18     Checksum =    5.130103090133D+02    5.123399592211D+02
 T =   19     Checksum =    5.129905029333D+02    5.123435588985D+02
 T =   20     Checksum =    5.129714421109D+02    5.123465164008D+02
 Result verification successful


 FT Benchmark Completed.
 Class           =                        C
 Size            =            512x 512x 512
 Iterations      =                       20
 Time in seconds =                    84.98
 Total processes =                       32
 Active procs    =                       32
 Mop/s total     =                  4664.72
 Mop/s/process   =                   145.77
 Operation type  =           floating point
 Verification    =               SUCCESSFUL
 Version         =                      3.4
 Compile date    =              01 May 2020

 Compile options:
    MPIFC        = mpifort
    FLINK        = $(MPIFC)
    FMPI_LIB     = (none)
    FMPI_INC     = (none)
    FFLAGS       = -O3
    FLINKFLAGS   = $(FFLAGS)
    RAND         = randi8


 Please send feedbacks and/or the results of this run to:

 NPB Development Team 
 Internet: npb@nas.nasa.gov




 NAS Parallel Benchmarks 3.4 -- FT Benchmark

 No input file inputft.data. Using compiled defaults
 Size                :  512x 512x 512  (class C)
 Iterations          :             20
 Number of processes :             32
 Processor array     :         1x  32
 Layout type         :             1D

 Initialization time =      5.3637

 T =    1     Checksum =    5.195078707457D+02    5.149019699238D+02
 T =    2     Checksum =    5.155422171134D+02    5.127578201997D+02
 T =    3     Checksum =    5.144678022222D+02    5.122251847514D+02
 T =    4     Checksum =    5.140150594328D+02    5.121090289018D+02
 T =    5     Checksum =    5.137550426810D+02    5.121143685824D+02
 T =    6     Checksum =    5.135811056728D+02    5.121496764568D+02
 T =    7     Checksum =    5.134569343165D+02    5.121870921893D+02
 T =    8     Checksum =    5.133651975661D+02    5.122193250322D+02
 T =    9     Checksum =    5.132955192805D+02    5.122454735794D+02
 T =   10     Checksum =    5.132410471738D+02    5.122663649603D+02
 T =   11     Checksum =    5.131971141679D+02    5.122830879827D+02
 T =   12     Checksum =    5.131605205716D+02    5.122965869718D+02
 T =   13     Checksum =    5.131290734194D+02    5.123075927445D+02
 T =   14     Checksum =    5.131012720314D+02    5.123166486553D+02
 T =   15     Checksum =    5.130760908195D+02    5.123241541685D+02
 T =   16     Checksum =    5.130528295923D+02    5.123304037599D+02
 T =   17     Checksum =    5.130310107773D+02    5.123356167976D+02
 T =   18     Checksum =    5.130103090133D+02    5.123399592211D+02
 T =   19     Checksum =    5.129905029333D+02    5.123435588985D+02
 T =   20     Checksum =    5.129714421109D+02    5.123465164008D+02
 Result verification successful


 FT Benchmark Completed.
 Class           =                        C
 Size            =            512x 512x 512
 Iterations      =                       20
 Time in seconds =                    85.32
 Total processes =                       32
 Active procs    =                       32
 Mop/s total     =                  4645.72
 Mop/s/process   =                   145.18
 Operation type  =           floating point
 Verification    =               SUCCESSFUL
 Version         =                      3.4
 Compile date    =              01 May 2020

 Compile options:
    MPIFC        = mpifort
    FLINK        = $(MPIFC)
    FMPI_LIB     = (none)
    FMPI_INC     = (none)
    FFLAGS       = -O3
    FLINKFLAGS   = $(FFLAGS)
    RAND         = randi8


 Please send feedbacks and/or the results of this run to:

 NPB Development Team 
 Internet: npb@nas.nasa.gov




 NAS Parallel Benchmarks 3.4 -- FT Benchmark

 No input file inputft.data. Using compiled defaults
 Size                :  512x 512x 512  (class C)
 Iterations          :             20
 Number of processes :             32
 Processor array     :         1x  32
 Layout type         :             1D

 Initialization time =      6.9620

 T =    1     Checksum =    5.195078707457D+02    5.149019699238D+02
 T =    2     Checksum =    5.155422171134D+02    5.127578201997D+02
 T =    3     Checksum =    5.144678022222D+02    5.122251847514D+02
 T =    4     Checksum =    5.140150594328D+02    5.121090289018D+02
 T =    5     Checksum =    5.137550426810D+02    5.121143685824D+02
 T =    6     Checksum =    5.135811056728D+02    5.121496764568D+02
 T =    7     Checksum =    5.134569343165D+02    5.121870921893D+02
 T =    8     Checksum =    5.133651975661D+02    5.122193250322D+02
 T =    9     Checksum =    5.132955192805D+02    5.122454735794D+02
 T =   10     Checksum =    5.132410471738D+02    5.122663649603D+02
 T =   11     Checksum =    5.131971141679D+02    5.122830879827D+02
 T =   12     Checksum =    5.131605205716D+02    5.122965869718D+02
 T =   13     Checksum =    5.131290734194D+02    5.123075927445D+02
 T =   14     Checksum =    5.131012720314D+02    5.123166486553D+02
 T =   15     Checksum =    5.130760908195D+02    5.123241541685D+02
 T =   16     Checksum =    5.130528295923D+02    5.123304037599D+02
 T =   17     Checksum =    5.130310107773D+02    5.123356167976D+02
 T =   18     Checksum =    5.130103090133D+02    5.123399592211D+02
 T =   19     Checksum =    5.129905029333D+02    5.123435588985D+02
 T =   20     Checksum =    5.129714421109D+02    5.123465164008D+02
 Result verification successful


 FT Benchmark Completed.
 Class           =                        C
 Size            =            512x 512x 512
 Iterations      =                       20
 Time in seconds =                    85.95
 Total processes =                       32
 Active procs    =                       32
 Mop/s total     =                  4611.81
 Mop/s/process   =                   144.12
 Operation type  =           floating point
 Verification    =               SUCCESSFUL
 Version         =                      3.4
 Compile date    =              01 May 2020

 Compile options:
    MPIFC        = mpifort
    FLINK        = $(MPIFC)
    FMPI_LIB     = (none)
    FMPI_INC     = (none)
    FFLAGS       = -O3
    FLINKFLAGS   = $(FFLAGS)
    RAND         = randi8


 Please send feedbacks and/or the results of this run to:

 NPB Development Team 
 Internet: npb@nas.nasa.gov




 NAS Parallel Benchmarks 3.4 -- FT Benchmark

 No input file inputft.data. Using compiled defaults
 Size                :  512x 512x 512  (class C)
 Iterations          :             20
 Number of processes :             32
 Processor array     :         1x  32
 Layout type         :             1D

 Initialization time =      4.6845

 T =    1     Checksum =    5.195078707457D+02    5.149019699238D+02
 T =    2     Checksum =    5.155422171134D+02    5.127578201997D+02
 T =    3     Checksum =    5.144678022222D+02    5.122251847514D+02
 T =    4     Checksum =    5.140150594328D+02    5.121090289018D+02
 T =    5     Checksum =    5.137550426810D+02    5.121143685824D+02
 T =    6     Checksum =    5.135811056728D+02    5.121496764568D+02
 T =    7     Checksum =    5.134569343165D+02    5.121870921893D+02
 T =    8     Checksum =    5.133651975661D+02    5.122193250322D+02
 T =    9     Checksum =    5.132955192805D+02    5.122454735794D+02
 T =   10     Checksum =    5.132410471738D+02    5.122663649603D+02
 T =   11     Checksum =    5.131971141679D+02    5.122830879827D+02
 T =   12     Checksum =    5.131605205716D+02    5.122965869718D+02
 T =   13     Checksum =    5.131290734194D+02    5.123075927445D+02
 T =   14     Checksum =    5.131012720314D+02    5.123166486553D+02
 T =   15     Checksum =    5.130760908195D+02    5.123241541685D+02
 T =   16     Checksum =    5.130528295923D+02    5.123304037599D+02
 T =   17     Checksum =    5.130310107773D+02    5.123356167976D+02
 T =   18     Checksum =    5.130103090133D+02    5.123399592211D+02
 T =   19     Checksum =    5.129905029333D+02    5.123435588985D+02
 T =   20     Checksum =    5.129714421109D+02    5.123465164008D+02
 Result verification successful


 FT Benchmark Completed.
 Class           =                        C
 Size            =            512x 512x 512
 Iterations      =                       20
 Time in seconds =                    85.64
 Total processes =                       32
 Active procs    =                       32
 Mop/s total     =                  4628.28
 Mop/s/process   =                   144.63
 Operation type  =           floating point
 Verification    =               SUCCESSFUL
 Version         =                      3.4
 Compile date    =              01 May 2020

 Compile options:
    MPIFC        = mpifort
    FLINK        = $(MPIFC)
    FMPI_LIB     = (none)
    FMPI_INC     = (none)
    FFLAGS       = -O3
    FLINKFLAGS   = $(FFLAGS)
    RAND         = randi8


 Please send feedbacks and/or the results of this run to:

 NPB Development Team 
 Internet: npb@nas.nasa.gov




 NAS Parallel Benchmarks 3.4 -- FT Benchmark

 No input file inputft.data. Using compiled defaults
 Size                :  512x 512x 512  (class C)
 Iterations          :             20
 Number of processes :             32
 Processor array     :         1x  32
 Layout type         :             1D

 Initialization time =      6.0454

 T =    1     Checksum =    5.195078707457D+02    5.149019699238D+02
 T =    2     Checksum =    5.155422171134D+02    5.127578201997D+02
 T =    3     Checksum =    5.144678022222D+02    5.122251847514D+02
 T =    4     Checksum =    5.140150594328D+02    5.121090289018D+02
 T =    5     Checksum =    5.137550426810D+02    5.121143685824D+02
 T =    6     Checksum =    5.135811056728D+02    5.121496764568D+02
 T =    7     Checksum =    5.134569343165D+02    5.121870921893D+02
 T =    8     Checksum =    5.133651975661D+02    5.122193250322D+02
 T =    9     Checksum =    5.132955192805D+02    5.122454735794D+02
 T =   10     Checksum =    5.132410471738D+02    5.122663649603D+02
 T =   11     Checksum =    5.131971141679D+02    5.122830879827D+02
 T =   12     Checksum =    5.131605205716D+02    5.122965869718D+02
 T =   13     Checksum =    5.131290734194D+02    5.123075927445D+02
 T =   14     Checksum =    5.131012720314D+02    5.123166486553D+02
 T =   15     Checksum =    5.130760908195D+02    5.123241541685D+02
 T =   16     Checksum =    5.130528295923D+02    5.123304037599D+02
 T =   17     Checksum =    5.130310107773D+02    5.123356167976D+02
 T =   18     Checksum =    5.130103090133D+02    5.123399592211D+02
 T =   19     Checksum =    5.129905029333D+02    5.123435588985D+02
 T =   20     Checksum =    5.129714421109D+02    5.123465164008D+02
 Result verification successful


 FT Benchmark Completed.
 Class           =                        C
 Size            =            512x 512x 512
 Iterations      =                       20
 Time in seconds =                    85.38
 Total processes =                       32
 Active procs    =                       32
 Mop/s total     =                  4642.38
 Mop/s/process   =                   145.07
 Operation type  =           floating point
 Verification    =               SUCCESSFUL
 Version         =                      3.4
 Compile date    =              01 May 2020

 Compile options:
    MPIFC        = mpifort
    FLINK        = $(MPIFC)
    FMPI_LIB     = (none)
    FMPI_INC     = (none)
    FFLAGS       = -O3
    FLINKFLAGS   = $(FFLAGS)
    RAND         = randi8


 Please send feedbacks and/or the results of this run to:

 NPB Development Team 
 Internet: npb@nas.nasa.gov




 NAS Parallel Benchmarks 3.4 -- FT Benchmark

 No input file inputft.data. Using compiled defaults
 Size                :  512x 512x 512  (class C)
 Iterations          :             20
 Number of processes :             32
 Processor array     :         1x  32
 Layout type         :             1D

 Initialization time =      5.3733

 T =    1     Checksum =    5.195078707457D+02    5.149019699238D+02
 T =    2     Checksum =    5.155422171134D+02    5.127578201997D+02
 T =    3     Checksum =    5.144678022222D+02    5.122251847514D+02
 T =    4     Checksum =    5.140150594328D+02    5.121090289018D+02
 T =    5     Checksum =    5.137550426810D+02    5.121143685824D+02
 T =    6     Checksum =    5.135811056728D+02    5.121496764568D+02
 T =    7     Checksum =    5.134569343165D+02    5.121870921893D+02
 T =    8     Checksum =    5.133651975661D+02    5.122193250322D+02
 T =    9     Checksum =    5.132955192805D+02    5.122454735794D+02
 T =   10     Checksum =    5.132410471738D+02    5.122663649603D+02
 T =   11     Checksum =    5.131971141679D+02    5.122830879827D+02
 T =   12     Checksum =    5.131605205716D+02    5.122965869718D+02
 T =   13     Checksum =    5.131290734194D+02    5.123075927445D+02
 T =   14     Checksum =    5.131012720314D+02    5.123166486553D+02
 T =   15     Checksum =    5.130760908195D+02    5.123241541685D+02
 T =   16     Checksum =    5.130528295923D+02    5.123304037599D+02
 T =   17     Checksum =    5.130310107773D+02    5.123356167976D+02
 T =   18     Checksum =    5.130103090133D+02    5.123399592211D+02
 T =   19     Checksum =    5.129905029333D+02    5.123435588985D+02
 T =   20     Checksum =    5.129714421109D+02    5.123465164008D+02
 Result verification successful


 FT Benchmark Completed.
 Class           =                        C
 Size            =            512x 512x 512
 Iterations      =                       20
 Time in seconds =                    85.01
 Total processes =                       32
 Active procs    =                       32
 Mop/s total     =                  4662.97
 Mop/s/process   =                   145.72
 Operation type  =           floating point
 Verification    =               SUCCESSFUL
 Version         =                      3.4
 Compile date    =              01 May 2020

 Compile options:
    MPIFC        = mpifort
    FLINK        = $(MPIFC)
    FMPI_LIB     = (none)
    FMPI_INC     = (none)
    FFLAGS       = -O3
    FLINKFLAGS   = $(FFLAGS)
    RAND         = randi8


 Please send feedbacks and/or the results of this run to:

 NPB Development Team 
 Internet: npb@nas.nasa.gov




 NAS Parallel Benchmarks 3.4 -- FT Benchmark

 No input file inputft.data. Using compiled defaults
 Size                :  512x 512x 512  (class C)
 Iterations          :             20
 Number of processes :             32
 Processor array     :         1x  32
 Layout type         :             1D

 Initialization time =      4.7390

 T =    1     Checksum =    5.195078707457D+02    5.149019699238D+02
 T =    2     Checksum =    5.155422171134D+02    5.127578201997D+02
 T =    3     Checksum =    5.144678022222D+02    5.122251847514D+02
 T =    4     Checksum =    5.140150594328D+02    5.121090289018D+02
 T =    5     Checksum =    5.137550426810D+02    5.121143685824D+02
 T =    6     Checksum =    5.135811056728D+02    5.121496764568D+02
 T =    7     Checksum =    5.134569343165D+02    5.121870921893D+02
 T =    8     Checksum =    5.133651975661D+02    5.122193250322D+02
 T =    9     Checksum =    5.132955192805D+02    5.122454735794D+02
 T =   10     Checksum =    5.132410471738D+02    5.122663649603D+02
 T =   11     Checksum =    5.131971141679D+02    5.122830879827D+02
 T =   12     Checksum =    5.131605205716D+02    5.122965869718D+02
 T =   13     Checksum =    5.131290734194D+02    5.123075927445D+02
 T =   14     Checksum =    5.131012720314D+02    5.123166486553D+02
 T =   15     Checksum =    5.130760908195D+02    5.123241541685D+02
 T =   16     Checksum =    5.130528295923D+02    5.123304037599D+02
 T =   17     Checksum =    5.130310107773D+02    5.123356167976D+02
 T =   18     Checksum =    5.130103090133D+02    5.123399592211D+02
 T =   19     Checksum =    5.129905029333D+02    5.123435588985D+02
 T =   20     Checksum =    5.129714421109D+02    5.123465164008D+02
 Result verification successful


 FT Benchmark Completed.
 Class           =                        C
 Size            =            512x 512x 512
 Iterations      =                       20
 Time in seconds =                    85.95
 Total processes =                       32
 Active procs    =                       32
 Mop/s total     =                  4611.93
 Mop/s/process   =                   144.12
 Operation type  =           floating point
 Verification    =               SUCCESSFUL
 Version         =                      3.4
 Compile date    =              01 May 2020

 Compile options:
    MPIFC        = mpifort
    FLINK        = $(MPIFC)
    FMPI_LIB     = (none)
    FMPI_INC     = (none)
    FFLAGS       = -O3
    FLINKFLAGS   = $(FFLAGS)
    RAND         = randi8


 Please send feedbacks and/or the results of this run to:

 NPB Development Team 
 Internet: npb@nas.nasa.gov




 NAS Parallel Benchmarks 3.4 -- FT Benchmark

 No input file inputft.data. Using compiled defaults
 Size                :  512x 512x 512  (class C)
 Iterations          :             20
 Number of processes :             32
 Processor array     :         1x  32
 Layout type         :             1D

 Initialization time =      5.5480

 T =    1     Checksum =    5.195078707457D+02    5.149019699238D+02
 T =    2     Checksum =    5.155422171134D+02    5.127578201997D+02
 T =    3     Checksum =    5.144678022222D+02    5.122251847514D+02
 T =    4     Checksum =    5.140150594328D+02    5.121090289018D+02
 T =    5     Checksum =    5.137550426810D+02    5.121143685824D+02
 T =    6     Checksum =    5.135811056728D+02    5.121496764568D+02
 T =    7     Checksum =    5.134569343165D+02    5.121870921893D+02
 T =    8     Checksum =    5.133651975661D+02    5.122193250322D+02
 T =    9     Checksum =    5.132955192805D+02    5.122454735794D+02
 T =   10     Checksum =    5.132410471738D+02    5.122663649603D+02
 T =   11     Checksum =    5.131971141679D+02    5.122830879827D+02
 T =   12     Checksum =    5.131605205716D+02    5.122965869718D+02
 T =   13     Checksum =    5.131290734194D+02    5.123075927445D+02
 T =   14     Checksum =    5.131012720314D+02    5.123166486553D+02
 T =   15     Checksum =    5.130760908195D+02    5.123241541685D+02
 T =   16     Checksum =    5.130528295923D+02    5.123304037599D+02
 T =   17     Checksum =    5.130310107773D+02    5.123356167976D+02
 T =   18     Checksum =    5.130103090133D+02    5.123399592211D+02
 T =   19     Checksum =    5.129905029333D+02    5.123435588985D+02
 T =   20     Checksum =    5.129714421109D+02    5.123465164008D+02
 Result verification successful


 FT Benchmark Completed.
 Class           =                        C
 Size            =            512x 512x 512
 Iterations      =                       20
 Time in seconds =                    85.93
 Total processes =                       32
 Active procs    =                       32
 Mop/s total     =                  4612.82
 Mop/s/process   =                   144.15
 Operation type  =           floating point
 Verification    =               SUCCESSFUL
 Version         =                      3.4
 Compile date    =              01 May 2020

 Compile options:
    MPIFC        = mpifort
    FLINK        = $(MPIFC)
    FMPI_LIB     = (none)
    FMPI_INC     = (none)
    FFLAGS       = -O3
    FLINKFLAGS   = $(FFLAGS)
    RAND         = randi8


 Please send feedbacks and/or the results of this run to:

 NPB Development Team 
 Internet: npb@nas.nasa.gov




 NAS Parallel Benchmarks 3.4 -- FT Benchmark

 No input file inputft.data. Using compiled defaults
 Size                :  512x 512x 512  (class C)
 Iterations          :             20
 Number of processes :             32
 Processor array     :         1x  32
 Layout type         :             1D

 Initialization time =      6.0430

 T =    1     Checksum =    5.195078707457D+02    5.149019699238D+02
 T =    2     Checksum =    5.155422171134D+02    5.127578201997D+02
 T =    3     Checksum =    5.144678022222D+02    5.122251847514D+02
 T =    4     Checksum =    5.140150594328D+02    5.121090289018D+02
 T =    5     Checksum =    5.137550426810D+02    5.121143685824D+02
 T =    6     Checksum =    5.135811056728D+02    5.121496764568D+02
 T =    7     Checksum =    5.134569343165D+02    5.121870921893D+02
 T =    8     Checksum =    5.133651975661D+02    5.122193250322D+02
 T =    9     Checksum =    5.132955192805D+02    5.122454735794D+02
 T =   10     Checksum =    5.132410471738D+02    5.122663649603D+02
 T =   11     Checksum =    5.131971141679D+02    5.122830879827D+02
 T =   12     Checksum =    5.131605205716D+02    5.122965869718D+02
 T =   13     Checksum =    5.131290734194D+02    5.123075927445D+02
 T =   14     Checksum =    5.131012720314D+02    5.123166486553D+02
 T =   15     Checksum =    5.130760908195D+02    5.123241541685D+02
 T =   16     Checksum =    5.130528295923D+02    5.123304037599D+02
 T =   17     Checksum =    5.130310107773D+02    5.123356167976D+02
 T =   18     Checksum =    5.130103090133D+02    5.123399592211D+02
 T =   19     Checksum =    5.129905029333D+02    5.123435588985D+02
 T =   20     Checksum =    5.129714421109D+02    5.123465164008D+02
 Result verification successful


 FT Benchmark Completed.
 Class           =                        C
 Size            =            512x 512x 512
 Iterations      =                       20
 Time in seconds =                    85.71
 Total processes =                       32
 Active procs    =                       32
 Mop/s total     =                  4624.54
 Mop/s/process   =                   144.52
 Operation type  =           floating point
 Verification    =               SUCCESSFUL
 Version         =                      3.4
 Compile date    =              01 May 2020

 Compile options:
    MPIFC        = mpifort
    FLINK        = $(MPIFC)
    FMPI_LIB     = (none)
    FMPI_INC     = (none)
    FFLAGS       = -O3
    FLINKFLAGS   = $(FFLAGS)
    RAND         = randi8


 Please send feedbacks and/or the results of this run to:

 NPB Development Team 
 Internet: npb@nas.nasa.gov




 NAS Parallel Benchmarks 3.4 -- FT Benchmark

 No input file inputft.data. Using compiled defaults
 Size                :  512x 512x 512  (class C)
 Iterations          :             20
 Number of processes :             32
 Processor array     :         1x  32
 Layout type         :             1D

 Initialization time =      4.6901

 T =    1     Checksum =    5.195078707457D+02    5.149019699238D+02
 T =    2     Checksum =    5.155422171134D+02    5.127578201997D+02
 T =    3     Checksum =    5.144678022222D+02    5.122251847514D+02
 T =    4     Checksum =    5.140150594328D+02    5.121090289018D+02
 T =    5     Checksum =    5.137550426810D+02    5.121143685824D+02
 T =    6     Checksum =    5.135811056728D+02    5.121496764568D+02
 T =    7     Checksum =    5.134569343165D+02    5.121870921893D+02
 T =    8     Checksum =    5.133651975661D+02    5.122193250322D+02
 T =    9     Checksum =    5.132955192805D+02    5.122454735794D+02
 T =   10     Checksum =    5.132410471738D+02    5.122663649603D+02
 T =   11     Checksum =    5.131971141679D+02    5.122830879827D+02
 T =   12     Checksum =    5.131605205716D+02    5.122965869718D+02
 T =   13     Checksum =    5.131290734194D+02    5.123075927445D+02
 T =   14     Checksum =    5.131012720314D+02    5.123166486553D+02
 T =   15     Checksum =    5.130760908195D+02    5.123241541685D+02
 T =   16     Checksum =    5.130528295923D+02    5.123304037599D+02
 T =   17     Checksum =    5.130310107773D+02    5.123356167976D+02
 T =   18     Checksum =    5.130103090133D+02    5.123399592211D+02
 T =   19     Checksum =    5.129905029333D+02    5.123435588985D+02
 T =   20     Checksum =    5.129714421109D+02    5.123465164008D+02
 Result verification successful


 FT Benchmark Completed.
 Class           =                        C
 Size            =            512x 512x 512
 Iterations      =                       20
 Time in seconds =                    85.65
 Total processes =                       32
 Active procs    =                       32
 Mop/s total     =                  4628.25
 Mop/s/process   =                   144.63
 Operation type  =           floating point
 Verification    =               SUCCESSFUL
 Version         =                      3.4
 Compile date    =              01 May 2020

 Compile options:
    MPIFC        = mpifort
    FLINK        = $(MPIFC)
    FMPI_LIB     = (none)
    FMPI_INC     = (none)
    FFLAGS       = -O3
    FLINKFLAGS   = $(FFLAGS)
    RAND         = randi8


 Please send feedbacks and/or the results of this run to:

 NPB Development Team 
 Internet: npb@nas.nasa.gov




 NAS Parallel Benchmarks 3.4 -- FT Benchmark

 No input file inputft.data. Using compiled defaults
 Size                :  512x 512x 512  (class C)
 Iterations          :             20
 Number of processes :             32
 Processor array     :         1x  32
 Layout type         :             1D

 Initialization time =      5.1316

 T =    1     Checksum =    5.195078707457D+02    5.149019699238D+02
 T =    2     Checksum =    5.155422171134D+02    5.127578201997D+02
 T =    3     Checksum =    5.144678022222D+02    5.122251847514D+02
 T =    4     Checksum =    5.140150594328D+02    5.121090289018D+02
 T =    5     Checksum =    5.137550426810D+02    5.121143685824D+02
 T =    6     Checksum =    5.135811056728D+02    5.121496764568D+02
 T =    7     Checksum =    5.134569343165D+02    5.121870921893D+02
 T =    8     Checksum =    5.133651975661D+02    5.122193250322D+02
 T =    9     Checksum =    5.132955192805D+02    5.122454735794D+02
 T =   10     Checksum =    5.132410471738D+02    5.122663649603D+02
 T =   11     Checksum =    5.131971141679D+02    5.122830879827D+02
 T =   12     Checksum =    5.131605205716D+02    5.122965869718D+02
 T =   13     Checksum =    5.131290734194D+02    5.123075927445D+02
 T =   14     Checksum =    5.131012720314D+02    5.123166486553D+02
 T =   15     Checksum =    5.130760908195D+02    5.123241541685D+02
 T =   16     Checksum =    5.130528295923D+02    5.123304037599D+02
 T =   17     Checksum =    5.130310107773D+02    5.123356167976D+02
 T =   18     Checksum =    5.130103090133D+02    5.123399592211D+02
 T =   19     Checksum =    5.129905029333D+02    5.123435588985D+02
 T =   20     Checksum =    5.129714421109D+02    5.123465164008D+02
 Result verification successful


 FT Benchmark Completed.
 Class           =                        C
 Size            =            512x 512x 512
 Iterations      =                       20
 Time in seconds =                    85.98
 Total processes =                       32
 Active procs    =                       32
 Mop/s total     =                  4610.41
 Mop/s/process   =                   144.08
 Operation type  =           floating point
 Verification    =               SUCCESSFUL
 Version         =                      3.4
 Compile date    =              01 May 2020

 Compile options:
    MPIFC        = mpifort
    FLINK        = $(MPIFC)
    FMPI_LIB     = (none)
    FMPI_INC     = (none)
    FFLAGS       = -O3
    FLINKFLAGS   = $(FFLAGS)
    RAND         = randi8


 Please send feedbacks and/or the results of this run to:

 NPB Development Team 
 Internet: npb@nas.nasa.gov




 NAS Parallel Benchmarks 3.4 -- FT Benchmark

 No input file inputft.data. Using compiled defaults
 Size                :  512x 512x 512  (class C)
 Iterations          :             20
 Number of processes :             32
 Processor array     :         1x  32
 Layout type         :             1D

 Initialization time =      4.7173

 T =    1     Checksum =    5.195078707457D+02    5.149019699238D+02
 T =    2     Checksum =    5.155422171134D+02    5.127578201997D+02
 T =    3     Checksum =    5.144678022222D+02    5.122251847514D+02
 T =    4     Checksum =    5.140150594328D+02    5.121090289018D+02
 T =    5     Checksum =    5.137550426810D+02    5.121143685824D+02
 T =    6     Checksum =    5.135811056728D+02    5.121496764568D+02
 T =    7     Checksum =    5.134569343165D+02    5.121870921893D+02
 T =    8     Checksum =    5.133651975661D+02    5.122193250322D+02
 T =    9     Checksum =    5.132955192805D+02    5.122454735794D+02
 T =   10     Checksum =    5.132410471738D+02    5.122663649603D+02
 T =   11     Checksum =    5.131971141679D+02    5.122830879827D+02
 T =   12     Checksum =    5.131605205716D+02    5.122965869718D+02
 T =   13     Checksum =    5.131290734194D+02    5.123075927445D+02
 T =   14     Checksum =    5.131012720314D+02    5.123166486553D+02
 T =   15     Checksum =    5.130760908195D+02    5.123241541685D+02
 T =   16     Checksum =    5.130528295923D+02    5.123304037599D+02
 T =   17     Checksum =    5.130310107773D+02    5.123356167976D+02
 T =   18     Checksum =    5.130103090133D+02    5.123399592211D+02
 T =   19     Checksum =    5.129905029333D+02    5.123435588985D+02
 T =   20     Checksum =    5.129714421109D+02    5.123465164008D+02
 Result verification successful


 FT Benchmark Completed.
 Class           =                        C
 Size            =            512x 512x 512
 Iterations      =                       20
 Time in seconds =                    85.50
 Total processes =                       32
 Active procs    =                       32
 Mop/s total     =                  4635.85
 Mop/s/process   =                   144.87
 Operation type  =           floating point
 Verification    =               SUCCESSFUL
 Version         =                      3.4
 Compile date    =              01 May 2020

 Compile options:
    MPIFC        = mpifort
    FLINK        = $(MPIFC)
    FMPI_LIB     = (none)
    FMPI_INC     = (none)
    FFLAGS       = -O3
    FLINKFLAGS   = $(FFLAGS)
    RAND         = randi8


 Please send feedbacks and/or the results of this run to:

 NPB Development Team 
 Internet: npb@nas.nasa.gov




 NAS Parallel Benchmarks 3.4 -- FT Benchmark

 No input file inputft.data. Using compiled defaults
 Size                :  512x 512x 512  (class C)
 Iterations          :             20
 Number of processes :             32
 Processor array     :         1x  32
 Layout type         :             1D

 Initialization time =      5.2597

 T =    1     Checksum =    5.195078707457D+02    5.149019699238D+02
 T =    2     Checksum =    5.155422171134D+02    5.127578201997D+02
 T =    3     Checksum =    5.144678022222D+02    5.122251847514D+02
 T =    4     Checksum =    5.140150594328D+02    5.121090289018D+02
 T =    5     Checksum =    5.137550426810D+02    5.121143685824D+02
 T =    6     Checksum =    5.135811056728D+02    5.121496764568D+02
 T =    7     Checksum =    5.134569343165D+02    5.121870921893D+02
 T =    8     Checksum =    5.133651975661D+02    5.122193250322D+02
 T =    9     Checksum =    5.132955192805D+02    5.122454735794D+02
 T =   10     Checksum =    5.132410471738D+02    5.122663649603D+02
 T =   11     Checksum =    5.131971141679D+02    5.122830879827D+02
 T =   12     Checksum =    5.131605205716D+02    5.122965869718D+02
 T =   13     Checksum =    5.131290734194D+02    5.123075927445D+02
 T =   14     Checksum =    5.131012720314D+02    5.123166486553D+02
 T =   15     Checksum =    5.130760908195D+02    5.123241541685D+02
 T =   16     Checksum =    5.130528295923D+02    5.123304037599D+02
 T =   17     Checksum =    5.130310107773D+02    5.123356167976D+02
 T =   18     Checksum =    5.130103090133D+02    5.123399592211D+02
 T =   19     Checksum =    5.129905029333D+02    5.123435588985D+02
 T =   20     Checksum =    5.129714421109D+02    5.123465164008D+02
 Result verification successful


 FT Benchmark Completed.
 Class           =                        C
 Size            =            512x 512x 512
 Iterations      =                       20
 Time in seconds =                    85.68
 Total processes =                       32
 Active procs    =                       32
 Mop/s total     =                  4626.57
 Mop/s/process   =                   144.58
 Operation type  =           floating point
 Verification    =               SUCCESSFUL
 Version         =                      3.4
 Compile date    =              01 May 2020

 Compile options:
    MPIFC        = mpifort
    FLINK        = $(MPIFC)
    FMPI_LIB     = (none)
    FMPI_INC     = (none)
    FFLAGS       = -O3
    FLINKFLAGS   = $(FFLAGS)
    RAND         = randi8


 Please send feedbacks and/or the results of this run to:

 NPB Development Team 
 Internet: npb@nas.nasa.gov




 NAS Parallel Benchmarks 3.4 -- FT Benchmark

 No input file inputft.data. Using compiled defaults
 Size                :  512x 512x 512  (class C)
 Iterations          :             20
 Number of processes :             32
 Processor array     :         1x  32
 Layout type         :             1D

 Initialization time =      5.2961

 T =    1     Checksum =    5.195078707457D+02    5.149019699238D+02
 T =    2     Checksum =    5.155422171134D+02    5.127578201997D+02
 T =    3     Checksum =    5.144678022222D+02    5.122251847514D+02
 T =    4     Checksum =    5.140150594328D+02    5.121090289018D+02
 T =    5     Checksum =    5.137550426810D+02    5.121143685824D+02
 T =    6     Checksum =    5.135811056728D+02    5.121496764568D+02
 T =    7     Checksum =    5.134569343165D+02    5.121870921893D+02
 T =    8     Checksum =    5.133651975661D+02    5.122193250322D+02
 T =    9     Checksum =    5.132955192805D+02    5.122454735794D+02
 T =   10     Checksum =    5.132410471738D+02    5.122663649603D+02
 T =   11     Checksum =    5.131971141679D+02    5.122830879827D+02
 T =   12     Checksum =    5.131605205716D+02    5.122965869718D+02
 T =   13     Checksum =    5.131290734194D+02    5.123075927445D+02
 T =   14     Checksum =    5.131012720314D+02    5.123166486553D+02
 T =   15     Checksum =    5.130760908195D+02    5.123241541685D+02
 T =   16     Checksum =    5.130528295923D+02    5.123304037599D+02
 T =   17     Checksum =    5.130310107773D+02    5.123356167976D+02
 T =   18     Checksum =    5.130103090133D+02    5.123399592211D+02
 T =   19     Checksum =    5.129905029333D+02    5.123435588985D+02
 T =   20     Checksum =    5.129714421109D+02    5.123465164008D+02
 Result verification successful


 FT Benchmark Completed.
 Class           =                        C
 Size            =            512x 512x 512
 Iterations      =                       20
 Time in seconds =                    85.71
 Total processes =                       32
 Active procs    =                       32
 Mop/s total     =                  4624.97
 Mop/s/process   =                   144.53
 Operation type  =           floating point
 Verification    =               SUCCESSFUL
 Version         =                      3.4
 Compile date    =              01 May 2020

 Compile options:
    MPIFC        = mpifort
    FLINK        = $(MPIFC)
    FMPI_LIB     = (none)
    FMPI_INC     = (none)
    FFLAGS       = -O3
    FLINKFLAGS   = $(FFLAGS)
    RAND         = randi8


 Please send feedbacks and/or the results of this run to:

 NPB Development Team 
 Internet: npb@nas.nasa.gov




 NAS Parallel Benchmarks 3.4 -- FT Benchmark

 No input file inputft.data. Using compiled defaults
 Size                :  512x 512x 512  (class C)
 Iterations          :             20
 Number of processes :             32
 Processor array     :         1x  32
 Layout type         :             1D

 Initialization time =      6.0879

 T =    1     Checksum =    5.195078707457D+02    5.149019699238D+02
 T =    2     Checksum =    5.155422171134D+02    5.127578201997D+02
 T =    3     Checksum =    5.144678022222D+02    5.122251847514D+02
 T =    4     Checksum =    5.140150594328D+02    5.121090289018D+02
 T =    5     Checksum =    5.137550426810D+02    5.121143685824D+02
 T =    6     Checksum =    5.135811056728D+02    5.121496764568D+02
 T =    7     Checksum =    5.134569343165D+02    5.121870921893D+02
 T =    8     Checksum =    5.133651975661D+02    5.122193250322D+02
 T =    9     Checksum =    5.132955192805D+02    5.122454735794D+02
 T =   10     Checksum =    5.132410471738D+02    5.122663649603D+02
 T =   11     Checksum =    5.131971141679D+02    5.122830879827D+02
 T =   12     Checksum =    5.131605205716D+02    5.122965869718D+02
 T =   13     Checksum =    5.131290734194D+02    5.123075927445D+02
 T =   14     Checksum =    5.131012720314D+02    5.123166486553D+02
 T =   15     Checksum =    5.130760908195D+02    5.123241541685D+02
 T =   16     Checksum =    5.130528295923D+02    5.123304037599D+02
 T =   17     Checksum =    5.130310107773D+02    5.123356167976D+02
 T =   18     Checksum =    5.130103090133D+02    5.123399592211D+02
 T =   19     Checksum =    5.129905029333D+02    5.123435588985D+02
 T =   20     Checksum =    5.129714421109D+02    5.123465164008D+02
 Result verification successful


 FT Benchmark Completed.
 Class           =                        C
 Size            =            512x 512x 512
 Iterations      =                       20
 Time in seconds =                    85.19
 Total processes =                       32
 Active procs    =                       32
 Mop/s total     =                  4653.05
 Mop/s/process   =                   145.41
 Operation type  =           floating point
 Verification    =               SUCCESSFUL
 Version         =                      3.4
 Compile date    =              01 May 2020

 Compile options:
    MPIFC        = mpifort
    FLINK        = $(MPIFC)
    FMPI_LIB     = (none)
    FMPI_INC     = (none)
    FFLAGS       = -O3
    FLINKFLAGS   = $(FFLAGS)
    RAND         = randi8


 Please send feedbacks and/or the results of this run to:

 NPB Development Team 
 Internet: npb@nas.nasa.gov




 NAS Parallel Benchmarks 3.4 -- FT Benchmark

 No input file inputft.data. Using compiled defaults
 Size                :  512x 512x 512  (class C)
 Iterations          :             20
 Number of processes :             32
 Processor array     :         1x  32
 Layout type         :             1D

 Initialization time =      5.3524

 T =    1     Checksum =    5.195078707457D+02    5.149019699238D+02
 T =    2     Checksum =    5.155422171134D+02    5.127578201997D+02
 T =    3     Checksum =    5.144678022222D+02    5.122251847514D+02
 T =    4     Checksum =    5.140150594328D+02    5.121090289018D+02
 T =    5     Checksum =    5.137550426810D+02    5.121143685824D+02
 T =    6     Checksum =    5.135811056728D+02    5.121496764568D+02
 T =    7     Checksum =    5.134569343165D+02    5.121870921893D+02
 T =    8     Checksum =    5.133651975661D+02    5.122193250322D+02
 T =    9     Checksum =    5.132955192805D+02    5.122454735794D+02
 T =   10     Checksum =    5.132410471738D+02    5.122663649603D+02
 T =   11     Checksum =    5.131971141679D+02    5.122830879827D+02
 T =   12     Checksum =    5.131605205716D+02    5.122965869718D+02
 T =   13     Checksum =    5.131290734194D+02    5.123075927445D+02
 T =   14     Checksum =    5.131012720314D+02    5.123166486553D+02
 T =   15     Checksum =    5.130760908195D+02    5.123241541685D+02
 T =   16     Checksum =    5.130528295923D+02    5.123304037599D+02
 T =   17     Checksum =    5.130310107773D+02    5.123356167976D+02
 T =   18     Checksum =    5.130103090133D+02    5.123399592211D+02
 T =   19     Checksum =    5.129905029333D+02    5.123435588985D+02
 T =   20     Checksum =    5.129714421109D+02    5.123465164008D+02
 Result verification successful


 FT Benchmark Completed.
 Class           =                        C
 Size            =            512x 512x 512
 Iterations      =                       20
 Time in seconds =                    85.29
 Total processes =                       32
 Active procs    =                       32
 Mop/s total     =                  4647.71
 Mop/s/process   =                   145.24
 Operation type  =           floating point
 Verification    =               SUCCESSFUL
 Version         =                      3.4
 Compile date    =              01 May 2020

 Compile options:
    MPIFC        = mpifort
    FLINK        = $(MPIFC)
    FMPI_LIB     = (none)
    FMPI_INC     = (none)
    FFLAGS       = -O3
    FLINKFLAGS   = $(FFLAGS)
    RAND         = randi8


 Please send feedbacks and/or the results of this run to:

 NPB Development Team 
 Internet: npb@nas.nasa.gov




 NAS Parallel Benchmarks 3.4 -- FT Benchmark

 No input file inputft.data. Using compiled defaults
 Size                :  512x 512x 512  (class C)
 Iterations          :             20
 Number of processes :             32
 Processor array     :         1x  32
 Layout type         :             1D

 Initialization time =      6.2675

 T =    1     Checksum =    5.195078707457D+02    5.149019699238D+02
 T =    2     Checksum =    5.155422171134D+02    5.127578201997D+02
 T =    3     Checksum =    5.144678022222D+02    5.122251847514D+02
 T =    4     Checksum =    5.140150594328D+02    5.121090289018D+02
 T =    5     Checksum =    5.137550426810D+02    5.121143685824D+02
 T =    6     Checksum =    5.135811056728D+02    5.121496764568D+02
 T =    7     Checksum =    5.134569343165D+02    5.121870921893D+02
 T =    8     Checksum =    5.133651975661D+02    5.122193250322D+02
 T =    9     Checksum =    5.132955192805D+02    5.122454735794D+02
 T =   10     Checksum =    5.132410471738D+02    5.122663649603D+02
 T =   11     Checksum =    5.131971141679D+02    5.122830879827D+02
 T =   12     Checksum =    5.131605205716D+02    5.122965869718D+02
 T =   13     Checksum =    5.131290734194D+02    5.123075927445D+02
 T =   14     Checksum =    5.131012720314D+02    5.123166486553D+02
 T =   15     Checksum =    5.130760908195D+02    5.123241541685D+02
 T =   16     Checksum =    5.130528295923D+02    5.123304037599D+02
 T =   17     Checksum =    5.130310107773D+02    5.123356167976D+02
 T =   18     Checksum =    5.130103090133D+02    5.123399592211D+02
 T =   19     Checksum =    5.129905029333D+02    5.123435588985D+02
 T =   20     Checksum =    5.129714421109D+02    5.123465164008D+02
 Result verification successful


 FT Benchmark Completed.
 Class           =                        C
 Size            =            512x 512x 512
 Iterations      =                       20
 Time in seconds =                    85.20
 Total processes =                       32
 Active procs    =                       32
 Mop/s total     =                  4652.33
 Mop/s/process   =                   145.39
 Operation type  =           floating point
 Verification    =               SUCCESSFUL
 Version         =                      3.4
 Compile date    =              01 May 2020

 Compile options:
    MPIFC        = mpifort
    FLINK        = $(MPIFC)
    FMPI_LIB     = (none)
    FMPI_INC     = (none)
    FFLAGS       = -O3
    FLINKFLAGS   = $(FFLAGS)
    RAND         = randi8


 Please send feedbacks and/or the results of this run to:

 NPB Development Team 
 Internet: npb@nas.nasa.gov




 NAS Parallel Benchmarks 3.4 -- FT Benchmark

 No input file inputft.data. Using compiled defaults
 Size                :  512x 512x 512  (class C)
 Iterations          :             20
 Number of processes :             32
 Processor array     :         1x  32
 Layout type         :             1D

 Initialization time =      4.7533

 T =    1     Checksum =    5.195078707457D+02    5.149019699238D+02
 T =    2     Checksum =    5.155422171134D+02    5.127578201997D+02
 T =    3     Checksum =    5.144678022222D+02    5.122251847514D+02
 T =    4     Checksum =    5.140150594328D+02    5.121090289018D+02
 T =    5     Checksum =    5.137550426810D+02    5.121143685824D+02
 T =    6     Checksum =    5.135811056728D+02    5.121496764568D+02
 T =    7     Checksum =    5.134569343165D+02    5.121870921893D+02
 T =    8     Checksum =    5.133651975661D+02    5.122193250322D+02
 T =    9     Checksum =    5.132955192805D+02    5.122454735794D+02
 T =   10     Checksum =    5.132410471738D+02    5.122663649603D+02
 T =   11     Checksum =    5.131971141679D+02    5.122830879827D+02
 T =   12     Checksum =    5.131605205716D+02    5.122965869718D+02
 T =   13     Checksum =    5.131290734194D+02    5.123075927445D+02
 T =   14     Checksum =    5.131012720314D+02    5.123166486553D+02
 T =   15     Checksum =    5.130760908195D+02    5.123241541685D+02
 T =   16     Checksum =    5.130528295923D+02    5.123304037599D+02
 T =   17     Checksum =    5.130310107773D+02    5.123356167976D+02
 T =   18     Checksum =    5.130103090133D+02    5.123399592211D+02
 T =   19     Checksum =    5.129905029333D+02    5.123435588985D+02
 T =   20     Checksum =    5.129714421109D+02    5.123465164008D+02
 Result verification successful


 FT Benchmark Completed.
 Class           =                        C
 Size            =            512x 512x 512
 Iterations      =                       20
 Time in seconds =                    85.82
 Total processes =                       32
 Active procs    =                       32
 Mop/s total     =                  4619.04
 Mop/s/process   =                   144.34
 Operation type  =           floating point
 Verification    =               SUCCESSFUL
 Version         =                      3.4
 Compile date    =              01 May 2020

 Compile options:
    MPIFC        = mpifort
    FLINK        = $(MPIFC)
    FMPI_LIB     = (none)
    FMPI_INC     = (none)
    FFLAGS       = -O3
    FLINKFLAGS   = $(FFLAGS)
    RAND         = randi8


 Please send feedbacks and/or the results of this run to:

 NPB Development Team 
 Internet: npb@nas.nasa.gov




 NAS Parallel Benchmarks 3.4 -- FT Benchmark

 No input file inputft.data. Using compiled defaults
 Size                :  512x 512x 512  (class C)
 Iterations          :             20
 Number of processes :             32
 Processor array     :         1x  32
 Layout type         :             1D

 Initialization time =      5.3120

 T =    1     Checksum =    5.195078707457D+02    5.149019699238D+02
 T =    2     Checksum =    5.155422171134D+02    5.127578201997D+02
 T =    3     Checksum =    5.144678022222D+02    5.122251847514D+02
 T =    4     Checksum =    5.140150594328D+02    5.121090289018D+02
 T =    5     Checksum =    5.137550426810D+02    5.121143685824D+02
 T =    6     Checksum =    5.135811056728D+02    5.121496764568D+02
 T =    7     Checksum =    5.134569343165D+02    5.121870921893D+02
 T =    8     Checksum =    5.133651975661D+02    5.122193250322D+02
 T =    9     Checksum =    5.132955192805D+02    5.122454735794D+02
 T =   10     Checksum =    5.132410471738D+02    5.122663649603D+02
 T =   11     Checksum =    5.131971141679D+02    5.122830879827D+02
 T =   12     Checksum =    5.131605205716D+02    5.122965869718D+02
 T =   13     Checksum =    5.131290734194D+02    5.123075927445D+02
 T =   14     Checksum =    5.131012720314D+02    5.123166486553D+02
 T =   15     Checksum =    5.130760908195D+02    5.123241541685D+02
 T =   16     Checksum =    5.130528295923D+02    5.123304037599D+02
 T =   17     Checksum =    5.130310107773D+02    5.123356167976D+02
 T =   18     Checksum =    5.130103090133D+02    5.123399592211D+02
 T =   19     Checksum =    5.129905029333D+02    5.123435588985D+02
 T =   20     Checksum =    5.129714421109D+02    5.123465164008D+02
 Result verification successful


 FT Benchmark Completed.
 Class           =                        C
 Size            =            512x 512x 512
 Iterations      =                       20
 Time in seconds =                    85.67
 Total processes =                       32
 Active procs    =                       32
 Mop/s total     =                  4626.70
 Mop/s/process   =                   144.58
 Operation type  =           floating point
 Verification    =               SUCCESSFUL
 Version         =                      3.4
 Compile date    =              01 May 2020

 Compile options:
    MPIFC        = mpifort
    FLINK        = $(MPIFC)
    FMPI_LIB     = (none)
    FMPI_INC     = (none)
    FFLAGS       = -O3
    FLINKFLAGS   = $(FFLAGS)
    RAND         = randi8


 Please send feedbacks and/or the results of this run to:

 NPB Development Team 
 Internet: npb@nas.nasa.gov




 NAS Parallel Benchmarks 3.4 -- FT Benchmark

 No input file inputft.data. Using compiled defaults
 Size                :  512x 512x 512  (class C)
 Iterations          :             20
 Number of processes :             32
 Processor array     :         1x  32
 Layout type         :             1D

 Initialization time =      6.4810

 T =    1     Checksum =    5.195078707457D+02    5.149019699238D+02
 T =    2     Checksum =    5.155422171134D+02    5.127578201997D+02
 T =    3     Checksum =    5.144678022222D+02    5.122251847514D+02
 T =    4     Checksum =    5.140150594328D+02    5.121090289018D+02
 T =    5     Checksum =    5.137550426810D+02    5.121143685824D+02
 T =    6     Checksum =    5.135811056728D+02    5.121496764568D+02
 T =    7     Checksum =    5.134569343165D+02    5.121870921893D+02
 T =    8     Checksum =    5.133651975661D+02    5.122193250322D+02
 T =    9     Checksum =    5.132955192805D+02    5.122454735794D+02
 T =   10     Checksum =    5.132410471738D+02    5.122663649603D+02
 T =   11     Checksum =    5.131971141679D+02    5.122830879827D+02
 T =   12     Checksum =    5.131605205716D+02    5.122965869718D+02
 T =   13     Checksum =    5.131290734194D+02    5.123075927445D+02
 T =   14     Checksum =    5.131012720314D+02    5.123166486553D+02
 T =   15     Checksum =    5.130760908195D+02    5.123241541685D+02
 T =   16     Checksum =    5.130528295923D+02    5.123304037599D+02
 T =   17     Checksum =    5.130310107773D+02    5.123356167976D+02
 T =   18     Checksum =    5.130103090133D+02    5.123399592211D+02
 T =   19     Checksum =    5.129905029333D+02    5.123435588985D+02
 T =   20     Checksum =    5.129714421109D+02    5.123465164008D+02
 Result verification successful


 FT Benchmark Completed.
 Class           =                        C
 Size            =            512x 512x 512
 Iterations      =                       20
 Time in seconds =                    85.20
 Total processes =                       32
 Active procs    =                       32
 Mop/s total     =                  4652.51
 Mop/s/process   =                   145.39
 Operation type  =           floating point
 Verification    =               SUCCESSFUL
 Version         =                      3.4
 Compile date    =              01 May 2020

 Compile options:
    MPIFC        = mpifort
    FLINK        = $(MPIFC)
    FMPI_LIB     = (none)
    FMPI_INC     = (none)
    FFLAGS       = -O3
    FLINKFLAGS   = $(FFLAGS)
    RAND         = randi8


 Please send feedbacks and/or the results of this run to:

 NPB Development Team 
 Internet: npb@nas.nasa.gov




 NAS Parallel Benchmarks 3.4 -- FT Benchmark

 No input file inputft.data. Using compiled defaults
 Size                :  512x 512x 512  (class C)
 Iterations          :             20
 Number of processes :             32
 Processor array     :         1x  32
 Layout type         :             1D

 Initialization time =      5.9762

 T =    1     Checksum =    5.195078707457D+02    5.149019699238D+02
 T =    2     Checksum =    5.155422171134D+02    5.127578201997D+02
 T =    3     Checksum =    5.144678022222D+02    5.122251847514D+02
 T =    4     Checksum =    5.140150594328D+02    5.121090289018D+02
 T =    5     Checksum =    5.137550426810D+02    5.121143685824D+02
 T =    6     Checksum =    5.135811056728D+02    5.121496764568D+02
 T =    7     Checksum =    5.134569343165D+02    5.121870921893D+02
 T =    8     Checksum =    5.133651975661D+02    5.122193250322D+02
 T =    9     Checksum =    5.132955192805D+02    5.122454735794D+02
 T =   10     Checksum =    5.132410471738D+02    5.122663649603D+02
 T =   11     Checksum =    5.131971141679D+02    5.122830879827D+02
 T =   12     Checksum =    5.131605205716D+02    5.122965869718D+02
 T =   13     Checksum =    5.131290734194D+02    5.123075927445D+02
 T =   14     Checksum =    5.131012720314D+02    5.123166486553D+02
 T =   15     Checksum =    5.130760908195D+02    5.123241541685D+02
 T =   16     Checksum =    5.130528295923D+02    5.123304037599D+02
 T =   17     Checksum =    5.130310107773D+02    5.123356167976D+02
 T =   18     Checksum =    5.130103090133D+02    5.123399592211D+02
 T =   19     Checksum =    5.129905029333D+02    5.123435588985D+02
 T =   20     Checksum =    5.129714421109D+02    5.123465164008D+02
 Result verification successful


 FT Benchmark Completed.
 Class           =                        C
 Size            =            512x 512x 512
 Iterations      =                       20
 Time in seconds =                    85.34
 Total processes =                       32
 Active procs    =                       32
 Mop/s total     =                  4644.62
 Mop/s/process   =                   145.14
 Operation type  =           floating point
 Verification    =               SUCCESSFUL
 Version         =                      3.4
 Compile date    =              01 May 2020

 Compile options:
    MPIFC        = mpifort
    FLINK        = $(MPIFC)
    FMPI_LIB     = (none)
    FMPI_INC     = (none)
    FFLAGS       = -O3
    FLINKFLAGS   = $(FFLAGS)
    RAND         = randi8


 Please send feedbacks and/or the results of this run to:

 NPB Development Team 
 Internet: npb@nas.nasa.gov


