#------------------------------------------------------------
#    Intel(R) MPI Benchmarks 2019 Update 6, MPI-1 part    
#------------------------------------------------------------
# Date                  : Fri May  1 22:14:21 2020
# Machine               : x86_64
# System                : Linux
# Release               : 4.15.0-99-generic
# Version               : #100-Ubuntu SMP Wed Apr 22 20:32:56 UTC 2020
# MPI Version           : 3.1
# MPI Thread Environment: 


# Calling sequence was: 

# /home/lacp/lacp-cloud-experiments/BENCHMARKS/mpi-benchmarks/IMB-MPI1 PingPong 

# Minimum message length in bytes:   0
# Maximum message length in bytes:   4194304
#
# MPI_Datatype                   :   MPI_BYTE 
# MPI_Datatype for reductions    :   MPI_FLOAT 
# MPI_Op                         :   MPI_SUM  
# 
# 

# List of Benchmarks to run:

# PingPong

#---------------------------------------------------
# Benchmarking PingPong 
# #processes = 2 
#---------------------------------------------------
       #bytes #repetitions      t[usec]   Mbytes/sec
            0         1000        25.68         0.00
            1         1000        26.54         0.04
            2         1000        26.25         0.08
            4         1000        26.39         0.15
            8         1000        26.27         0.30
           16         1000        26.32         0.61
           32         1000        26.61         1.20
           64         1000        26.52         2.41
          128         1000        26.77         4.78
          256         1000        26.91         9.51
          512         1000        27.59        18.56
         1024         1000        28.89        35.45
         2048         1000        32.27        63.47
         4096         1000        40.12       102.08
         8192         1000        46.17       177.44
        16384         1000        68.63       238.73
        32768         1000        66.87       490.05
        65536          640       113.77       576.05
       131072          320       167.27       783.58
       262144          160       259.46      1010.35
       524288           80       438.65      1195.24
      1048576           40       829.03      1264.83
      2097152           20      1629.69      1286.84
      4194304           10      3245.57      1292.32


# All processes entering MPI_Finalize

#------------------------------------------------------------
#    Intel(R) MPI Benchmarks 2019 Update 6, MPI-1 part    
#------------------------------------------------------------
# Date                  : Fri May  1 22:35:52 2020
# Machine               : x86_64
# System                : Linux
# Release               : 4.15.0-99-generic
# Version               : #100-Ubuntu SMP Wed Apr 22 20:32:56 UTC 2020
# MPI Version           : 3.1
# MPI Thread Environment: 


# Calling sequence was: 

# /home/lacp/lacp-cloud-experiments/BENCHMARKS/mpi-benchmarks/IMB-MPI1 PingPong 

# Minimum message length in bytes:   0
# Maximum message length in bytes:   4194304
#
# MPI_Datatype                   :   MPI_BYTE 
# MPI_Datatype for reductions    :   MPI_FLOAT 
# MPI_Op                         :   MPI_SUM  
# 
# 

# List of Benchmarks to run:

# PingPong

#---------------------------------------------------
# Benchmarking PingPong 
# #processes = 2 
#---------------------------------------------------
       #bytes #repetitions      t[usec]   Mbytes/sec
            0         1000        26.55         0.00
            1         1000        25.60         0.04
            2         1000        25.69         0.08
            4         1000        25.59         0.16
            8         1000        25.80         0.31
           16         1000        25.36         0.63
           32         1000        25.80         1.24
           64         1000        25.89         2.47
          128         1000        26.23         4.88
          256         1000        26.16         9.78
          512         1000        26.89        19.04
         1024         1000        28.17        36.35
         2048         1000        31.01        66.05
         4096         1000        38.73       105.76
         8192         1000        44.87       182.56
        16384         1000        66.70       245.65
        32768         1000        51.91       631.26
        65536          640       113.02       579.87
       131072          320       163.94       799.51
       262144          160       258.09      1015.70
       524288           80       433.29      1210.01
      1048576           40       790.64      1326.24
      2097152           20      1697.27      1235.60
      4194304           10      3430.81      1222.54


# All processes entering MPI_Finalize

#------------------------------------------------------------
#    Intel(R) MPI Benchmarks 2019 Update 6, MPI-1 part    
#------------------------------------------------------------
# Date                  : Fri May  1 22:35:59 2020
# Machine               : x86_64
# System                : Linux
# Release               : 4.15.0-99-generic
# Version               : #100-Ubuntu SMP Wed Apr 22 20:32:56 UTC 2020
# MPI Version           : 3.1
# MPI Thread Environment: 


# Calling sequence was: 

# /home/lacp/lacp-cloud-experiments/BENCHMARKS/mpi-benchmarks/IMB-MPI1 PingPong 

# Minimum message length in bytes:   0
# Maximum message length in bytes:   4194304
#
# MPI_Datatype                   :   MPI_BYTE 
# MPI_Datatype for reductions    :   MPI_FLOAT 
# MPI_Op                         :   MPI_SUM  
# 
# 

# List of Benchmarks to run:

# PingPong

#---------------------------------------------------
# Benchmarking PingPong 
# #processes = 2 
#---------------------------------------------------
       #bytes #repetitions      t[usec]   Mbytes/sec
            0         1000        25.44         0.00
            1         1000        26.24         0.04
            2         1000        26.08         0.08
            4         1000        26.19         0.15
            8         1000        25.99         0.31
           16         1000        25.88         0.62
           32         1000        26.31         1.22
           64         1000        26.40         2.42
          128         1000        26.33         4.86
          256         1000        26.81         9.55
          512         1000        27.50        18.62
         1024         1000        28.31        36.16
         2048         1000        31.40        65.22
         4096         1000        39.82       102.87
         8192         1000        45.67       179.35
        16384         1000        67.57       242.48
        32768         1000        81.12       403.93
        65536          640       112.69       581.58
       131072          320       167.35       783.23
       262144          160       259.59      1009.84
       524288           80       441.39      1187.82
      1048576           40       792.29      1323.48
      2097152           20      1713.36      1224.00
      4194304           10      3445.66      1217.27


# All processes entering MPI_Finalize

#------------------------------------------------------------
#    Intel(R) MPI Benchmarks 2019 Update 6, MPI-1 part    
#------------------------------------------------------------
# Date                  : Fri May  1 22:55:12 2020
# Machine               : x86_64
# System                : Linux
# Release               : 4.15.0-99-generic
# Version               : #100-Ubuntu SMP Wed Apr 22 20:32:56 UTC 2020
# MPI Version           : 3.1
# MPI Thread Environment: 


# Calling sequence was: 

# /home/lacp/lacp-cloud-experiments/BENCHMARKS/mpi-benchmarks/IMB-MPI1 PingPong 

# Minimum message length in bytes:   0
# Maximum message length in bytes:   4194304
#
# MPI_Datatype                   :   MPI_BYTE 
# MPI_Datatype for reductions    :   MPI_FLOAT 
# MPI_Op                         :   MPI_SUM  
# 
# 

# List of Benchmarks to run:

# PingPong

#---------------------------------------------------
# Benchmarking PingPong 
# #processes = 2 
#---------------------------------------------------
       #bytes #repetitions      t[usec]   Mbytes/sec
            0         1000        24.98         0.00
            1         1000        25.33         0.04
            2         1000        25.76         0.08
            4         1000        25.61         0.16
            8         1000        25.82         0.31
           16         1000        25.36         0.63
           32         1000        25.55         1.25
           64         1000        25.93         2.47
          128         1000        26.69         4.80
          256         1000        26.60         9.62
          512         1000        27.12        18.88
         1024         1000        28.15        36.38
         2048         1000        31.60        64.80
         4096         1000        39.27       104.31
         8192         1000        45.57       179.77
        16384         1000        65.96       248.41
        32768         1000        56.11       583.95
        65536          640       120.11       545.64
       131072          320       165.97       789.74
       262144          160       261.21      1003.57
       524288           80       437.63      1198.02
      1048576           40       897.40      1168.46
      2097152           20      1804.46      1162.20
      4194304           10      3547.48      1182.33


# All processes entering MPI_Finalize

#------------------------------------------------------------
#    Intel(R) MPI Benchmarks 2019 Update 6, MPI-1 part    
#------------------------------------------------------------
# Date                  : Fri May  1 22:55:19 2020
# Machine               : x86_64
# System                : Linux
# Release               : 4.15.0-99-generic
# Version               : #100-Ubuntu SMP Wed Apr 22 20:32:56 UTC 2020
# MPI Version           : 3.1
# MPI Thread Environment: 


# Calling sequence was: 

# /home/lacp/lacp-cloud-experiments/BENCHMARKS/mpi-benchmarks/IMB-MPI1 PingPong 

# Minimum message length in bytes:   0
# Maximum message length in bytes:   4194304
#
# MPI_Datatype                   :   MPI_BYTE 
# MPI_Datatype for reductions    :   MPI_FLOAT 
# MPI_Op                         :   MPI_SUM  
# 
# 

# List of Benchmarks to run:

# PingPong

#---------------------------------------------------
# Benchmarking PingPong 
# #processes = 2 
#---------------------------------------------------
       #bytes #repetitions      t[usec]   Mbytes/sec
            0         1000        25.14         0.00
            1         1000        25.85         0.04
            2         1000        25.98         0.08
            4         1000        25.70         0.16
            8         1000        25.94         0.31
           16         1000        25.74         0.62
           32         1000        25.93         1.23
           64         1000        25.81         2.48
          128         1000        26.17         4.89
          256         1000        26.33         9.72
          512         1000        26.81        19.09
         1024         1000        28.23        36.28
         2048         1000        31.58        64.85
         4096         1000        38.74       105.73
         8192         1000        45.44       180.29
        16384         1000        67.55       242.53
        32768         1000        68.78       476.40
        65536          640       110.71       591.98
       131072          320       164.72       795.71
       262144          160       259.04      1012.00
       524288           80       434.28      1207.26
      1048576           40       785.77      1334.45
      2097152           20      1622.28      1292.72
      4194304           10      3263.87      1285.07


# All processes entering MPI_Finalize

#------------------------------------------------------------
#    Intel(R) MPI Benchmarks 2019 Update 6, MPI-1 part    
#------------------------------------------------------------
# Date                  : Fri May  1 22:55:26 2020
# Machine               : x86_64
# System                : Linux
# Release               : 4.15.0-99-generic
# Version               : #100-Ubuntu SMP Wed Apr 22 20:32:56 UTC 2020
# MPI Version           : 3.1
# MPI Thread Environment: 


# Calling sequence was: 

# /home/lacp/lacp-cloud-experiments/BENCHMARKS/mpi-benchmarks/IMB-MPI1 PingPong 

# Minimum message length in bytes:   0
# Maximum message length in bytes:   4194304
#
# MPI_Datatype                   :   MPI_BYTE 
# MPI_Datatype for reductions    :   MPI_FLOAT 
# MPI_Op                         :   MPI_SUM  
# 
# 

# List of Benchmarks to run:

# PingPong

#---------------------------------------------------
# Benchmarking PingPong 
# #processes = 2 
#---------------------------------------------------
       #bytes #repetitions      t[usec]   Mbytes/sec
            0         1000        26.25         0.00
            1         1000        25.44         0.04
            2         1000        25.43         0.08
            4         1000        25.39         0.16
            8         1000        25.56         0.31
           16         1000        25.32         0.63
           32         1000        25.82         1.24
           64         1000        25.79         2.48
          128         1000        26.15         4.90
          256         1000        26.16         9.79
          512         1000        26.71        19.17
         1024         1000        28.02        36.54
         2048         1000        23.16        88.43
         4096         1000        28.36       144.41
         8192         1000        35.63       229.92
        16384         1000        50.61       323.73
        32768         1000        67.50       485.46
        65536          640       149.79       437.53
       131072          320       163.41       802.09
       262144          160       262.43       998.91
       524288           80       431.21      1215.85
      1048576           40       789.03      1328.94
      2097152           20      1621.13      1293.64
      4194304           10      3276.92      1279.95


# All processes entering MPI_Finalize

#------------------------------------------------------------
#    Intel(R) MPI Benchmarks 2019 Update 6, MPI-1 part    
#------------------------------------------------------------
# Date                  : Fri May  1 23:00:04 2020
# Machine               : x86_64
# System                : Linux
# Release               : 4.15.0-99-generic
# Version               : #100-Ubuntu SMP Wed Apr 22 20:32:56 UTC 2020
# MPI Version           : 3.1
# MPI Thread Environment: 


# Calling sequence was: 

# /home/lacp/lacp-cloud-experiments/BENCHMARKS/mpi-benchmarks/IMB-MPI1 PingPong 

# Minimum message length in bytes:   0
# Maximum message length in bytes:   4194304
#
# MPI_Datatype                   :   MPI_BYTE 
# MPI_Datatype for reductions    :   MPI_FLOAT 
# MPI_Op                         :   MPI_SUM  
# 
# 

# List of Benchmarks to run:

# PingPong

#---------------------------------------------------
# Benchmarking PingPong 
# #processes = 2 
#---------------------------------------------------
       #bytes #repetitions      t[usec]   Mbytes/sec
            0         1000        26.39         0.00
            1         1000        25.74         0.04
            2         1000        25.55         0.08
            4         1000        25.32         0.16
            8         1000        25.26         0.32
           16         1000        25.23         0.63
           32         1000        25.76         1.24
           64         1000        25.57         2.50
          128         1000        26.17         4.89
          256         1000        26.04         9.83
          512         1000        26.63        19.23
         1024         1000        27.99        36.59
         2048         1000        31.24        65.55
         4096         1000        38.37       106.76
         8192         1000        44.55       183.90
        16384         1000        66.69       245.69
        32768         1000        76.95       425.86
        65536          640       111.97       585.32
       131072          320       164.55       796.55
       262144          160       259.13      1011.64
       524288           80       437.82      1197.49
      1048576           40       786.30      1333.55
      2097152           20      1622.83      1292.28
      4194304           10      3213.77      1305.10


# All processes entering MPI_Finalize

#------------------------------------------------------------
#    Intel(R) MPI Benchmarks 2019 Update 6, MPI-1 part    
#------------------------------------------------------------
# Date                  : Fri May  1 23:02:15 2020
# Machine               : x86_64
# System                : Linux
# Release               : 4.15.0-99-generic
# Version               : #100-Ubuntu SMP Wed Apr 22 20:32:56 UTC 2020
# MPI Version           : 3.1
# MPI Thread Environment: 


# Calling sequence was: 

# /home/lacp/lacp-cloud-experiments/BENCHMARKS/mpi-benchmarks/IMB-MPI1 PingPong 

# Minimum message length in bytes:   0
# Maximum message length in bytes:   4194304
#
# MPI_Datatype                   :   MPI_BYTE 
# MPI_Datatype for reductions    :   MPI_FLOAT 
# MPI_Op                         :   MPI_SUM  
# 
# 

# List of Benchmarks to run:

# PingPong

#---------------------------------------------------
# Benchmarking PingPong 
# #processes = 2 
#---------------------------------------------------
       #bytes #repetitions      t[usec]   Mbytes/sec
            0         1000        24.93         0.00
            1         1000        25.79         0.04
            2         1000        25.82         0.08
            4         1000        25.90         0.15
            8         1000        25.72         0.31
           16         1000        25.67         0.62
           32         1000        26.03         1.23
           64         1000        26.31         2.43
          128         1000        26.82         4.77
          256         1000        26.51         9.66
          512         1000        27.28        18.77
         1024         1000        28.26        36.24
         2048         1000        31.50        65.02
         4096         1000        39.12       104.72
         8192         1000        34.42       237.97
        16384         1000        51.90       315.68
        32768         1000        75.22       435.63
        65536          640       111.06       590.09
       131072          320       167.99       780.25
       262144          160       257.39      1018.49
       524288           80       437.45      1198.52
      1048576           40       792.80      1322.63
      2097152           20      1623.90      1291.43
      4194304           10      3226.64      1299.90


# All processes entering MPI_Finalize

#------------------------------------------------------------
#    Intel(R) MPI Benchmarks 2019 Update 6, MPI-1 part    
#------------------------------------------------------------
# Date                  : Fri May  1 23:08:48 2020
# Machine               : x86_64
# System                : Linux
# Release               : 4.15.0-99-generic
# Version               : #100-Ubuntu SMP Wed Apr 22 20:32:56 UTC 2020
# MPI Version           : 3.1
# MPI Thread Environment: 


# Calling sequence was: 

# /home/lacp/lacp-cloud-experiments/BENCHMARKS/mpi-benchmarks/IMB-MPI1 PingPong 

# Minimum message length in bytes:   0
# Maximum message length in bytes:   4194304
#
# MPI_Datatype                   :   MPI_BYTE 
# MPI_Datatype for reductions    :   MPI_FLOAT 
# MPI_Op                         :   MPI_SUM  
# 
# 

# List of Benchmarks to run:

# PingPong

#---------------------------------------------------
# Benchmarking PingPong 
# #processes = 2 
#---------------------------------------------------
       #bytes #repetitions      t[usec]   Mbytes/sec
            0         1000        26.30         0.00
            1         1000        25.71         0.04
            2         1000        25.75         0.08
            4         1000        26.02         0.15
            8         1000        25.66         0.31
           16         1000        25.64         0.62
           32         1000        25.66         1.25
           64         1000        26.26         2.44
          128         1000        26.23         4.88
          256         1000        26.46         9.67
          512         1000        27.10        18.89
         1024         1000        28.17        36.35
         2048         1000        31.97        64.06
         4096         1000        39.47       103.77
         8192         1000        45.02       181.96
        16384         1000        67.02       244.46
        32768         1000       111.13       294.86
        65536          640       114.74       571.18
       131072          320       171.53       764.16
       262144          160       257.62      1017.58
       524288           80       443.53      1182.09
      1048576           40       796.10      1317.15
      2097152           20      1699.54      1233.95
      4194304           10      3259.93      1286.62


# All processes entering MPI_Finalize

#------------------------------------------------------------
#    Intel(R) MPI Benchmarks 2019 Update 6, MPI-1 part    
#------------------------------------------------------------
# Date                  : Fri May  1 23:37:07 2020
# Machine               : x86_64
# System                : Linux
# Release               : 4.15.0-99-generic
# Version               : #100-Ubuntu SMP Wed Apr 22 20:32:56 UTC 2020
# MPI Version           : 3.1
# MPI Thread Environment: 


# Calling sequence was: 

# /home/lacp/lacp-cloud-experiments/BENCHMARKS/mpi-benchmarks/IMB-MPI1 PingPong 

# Minimum message length in bytes:   0
# Maximum message length in bytes:   4194304
#
# MPI_Datatype                   :   MPI_BYTE 
# MPI_Datatype for reductions    :   MPI_FLOAT 
# MPI_Op                         :   MPI_SUM  
# 
# 

# List of Benchmarks to run:

# PingPong

#---------------------------------------------------
# Benchmarking PingPong 
# #processes = 2 
#---------------------------------------------------
       #bytes #repetitions      t[usec]   Mbytes/sec
            0         1000        25.82         0.00
            1         1000        26.70         0.04
            2         1000        26.82         0.07
            4         1000        26.55         0.15
            8         1000        26.60         0.30
           16         1000        26.45         0.60
           32         1000        26.91         1.19
           64         1000        26.90         2.38
          128         1000        28.29         4.52
          256         1000        20.21        12.66
          512         1000        21.04        24.33
         1024         1000        21.62        47.36
         2048         1000        24.11        84.93
         4096         1000        29.44       139.14
         8192         1000        35.58       230.23
        16384         1000        51.89       315.73
        32768         1000        71.12       460.72
        65536          640       113.53       577.24
       131072          320       166.17       788.77
       262144          160       257.97      1016.17
       524288           80       438.15      1196.60
      1048576           40       797.57      1314.72
      2097152           20      1700.86      1232.99
      4194304           10      3473.78      1207.42


# All processes entering MPI_Finalize

#------------------------------------------------------------
#    Intel(R) MPI Benchmarks 2019 Update 6, MPI-1 part    
#------------------------------------------------------------
# Date                  : Fri May  1 23:46:17 2020
# Machine               : x86_64
# System                : Linux
# Release               : 4.15.0-99-generic
# Version               : #100-Ubuntu SMP Wed Apr 22 20:32:56 UTC 2020
# MPI Version           : 3.1
# MPI Thread Environment: 


# Calling sequence was: 

# /home/lacp/lacp-cloud-experiments/BENCHMARKS/mpi-benchmarks/IMB-MPI1 PingPong 

# Minimum message length in bytes:   0
# Maximum message length in bytes:   4194304
#
# MPI_Datatype                   :   MPI_BYTE 
# MPI_Datatype for reductions    :   MPI_FLOAT 
# MPI_Op                         :   MPI_SUM  
# 
# 

# List of Benchmarks to run:

# PingPong

#---------------------------------------------------
# Benchmarking PingPong 
# #processes = 2 
#---------------------------------------------------
       #bytes #repetitions      t[usec]   Mbytes/sec
            0         1000        26.35         0.00
            1         1000        25.95         0.04
            2         1000        25.82         0.08
            4         1000        25.95         0.15
            8         1000        25.76         0.31
           16         1000        26.06         0.61
           32         1000        26.05         1.23
           64         1000        19.34         3.31
          128         1000        19.84         6.45
          256         1000        19.69        13.00
          512         1000        20.30        25.22
         1024         1000        21.70        47.20
         2048         1000        23.69        86.46
         4096         1000        27.19       150.66
         8192         1000        36.13       226.75
        16384         1000        51.28       319.49
        32768         1000        84.81       386.36
        65536          640       115.70       566.45
       131072          320       164.45       797.05
       262144          160       262.55       998.45
       524288           80       442.01      1186.15
      1048576           40       792.13      1323.74
      2097152           20      1623.25      1291.94
      4194304           10      3246.01      1292.14


# All processes entering MPI_Finalize

#------------------------------------------------------------
#    Intel(R) MPI Benchmarks 2019 Update 6, MPI-1 part    
#------------------------------------------------------------
# Date                  : Fri May  1 23:46:23 2020
# Machine               : x86_64
# System                : Linux
# Release               : 4.15.0-99-generic
# Version               : #100-Ubuntu SMP Wed Apr 22 20:32:56 UTC 2020
# MPI Version           : 3.1
# MPI Thread Environment: 


# Calling sequence was: 

# /home/lacp/lacp-cloud-experiments/BENCHMARKS/mpi-benchmarks/IMB-MPI1 PingPong 

# Minimum message length in bytes:   0
# Maximum message length in bytes:   4194304
#
# MPI_Datatype                   :   MPI_BYTE 
# MPI_Datatype for reductions    :   MPI_FLOAT 
# MPI_Op                         :   MPI_SUM  
# 
# 

# List of Benchmarks to run:

# PingPong

#---------------------------------------------------
# Benchmarking PingPong 
# #processes = 2 
#---------------------------------------------------
       #bytes #repetitions      t[usec]   Mbytes/sec
            0         1000        25.51         0.00
            1         1000        26.52         0.04
            2         1000        26.11         0.08
            4         1000        26.27         0.15
            8         1000        26.39         0.30
           16         1000        26.28         0.61
           32         1000        26.40         1.21
           64         1000        26.26         2.44
          128         1000        26.50         4.83
          256         1000        26.60         9.62
          512         1000        27.58        18.56
         1024         1000        28.67        35.72
         2048         1000        31.97        64.05
         4096         1000        39.61       103.41
         8192         1000        47.65       171.91
        16384         1000        68.63       238.72
        32768         1000        84.48       387.88
        65536          640       112.70       581.53
       131072          320       165.15       793.66
       262144          160       258.37      1014.63
       524288           80       438.61      1195.35
      1048576           40       786.44      1333.32
      2097152           20      1626.57      1289.31
      4194304           10      3225.67      1300.29


# All processes entering MPI_Finalize

#------------------------------------------------------------
#    Intel(R) MPI Benchmarks 2019 Update 6, MPI-1 part    
#------------------------------------------------------------
# Date                  : Fri May  1 23:55:38 2020
# Machine               : x86_64
# System                : Linux
# Release               : 4.15.0-99-generic
# Version               : #100-Ubuntu SMP Wed Apr 22 20:32:56 UTC 2020
# MPI Version           : 3.1
# MPI Thread Environment: 


# Calling sequence was: 

# /home/lacp/lacp-cloud-experiments/BENCHMARKS/mpi-benchmarks/IMB-MPI1 PingPong 

# Minimum message length in bytes:   0
# Maximum message length in bytes:   4194304
#
# MPI_Datatype                   :   MPI_BYTE 
# MPI_Datatype for reductions    :   MPI_FLOAT 
# MPI_Op                         :   MPI_SUM  
# 
# 

# List of Benchmarks to run:

# PingPong

#---------------------------------------------------
# Benchmarking PingPong 
# #processes = 2 
#---------------------------------------------------
       #bytes #repetitions      t[usec]   Mbytes/sec
            0         1000        25.68         0.00
            1         1000        26.78         0.04
            2         1000        26.33         0.08
            4         1000        26.30         0.15
            8         1000        26.34         0.30
           16         1000        26.44         0.61
           32         1000        26.88         1.19
           64         1000        27.05         2.37
          128         1000        26.89         4.76
          256         1000        27.19         9.42
          512         1000        27.64        18.52
         1024         1000        28.86        35.49
         2048         1000        31.74        64.53
         4096         1000        39.28       104.26
         8192         1000        45.28       180.92
        16384         1000        68.39       239.56
        32768         1000        81.84       400.40
        65536          640       112.76       581.20
       131072          320       165.59       791.55
       262144          160       259.33      1010.86
       524288           80       437.61      1198.06
      1048576           40       798.21      1313.66
      2097152           20      1633.84      1283.57
      4194304           10      3234.74      1296.64


# All processes entering MPI_Finalize

#------------------------------------------------------------
#    Intel(R) MPI Benchmarks 2019 Update 6, MPI-1 part    
#------------------------------------------------------------
# Date                  : Fri May  1 23:55:45 2020
# Machine               : x86_64
# System                : Linux
# Release               : 4.15.0-99-generic
# Version               : #100-Ubuntu SMP Wed Apr 22 20:32:56 UTC 2020
# MPI Version           : 3.1
# MPI Thread Environment: 


# Calling sequence was: 

# /home/lacp/lacp-cloud-experiments/BENCHMARKS/mpi-benchmarks/IMB-MPI1 PingPong 

# Minimum message length in bytes:   0
# Maximum message length in bytes:   4194304
#
# MPI_Datatype                   :   MPI_BYTE 
# MPI_Datatype for reductions    :   MPI_FLOAT 
# MPI_Op                         :   MPI_SUM  
# 
# 

# List of Benchmarks to run:

# PingPong

#---------------------------------------------------
# Benchmarking PingPong 
# #processes = 2 
#---------------------------------------------------
       #bytes #repetitions      t[usec]   Mbytes/sec
            0         1000        27.46         0.00
            1         1000        26.73         0.04
            2         1000        26.31         0.08
            4         1000        26.35         0.15
            8         1000        26.28         0.30
           16         1000        26.29         0.61
           32         1000        26.52         1.21
           64         1000        26.61         2.41
          128         1000        26.94         4.75
          256         1000        27.07         9.46
          512         1000        27.82        18.41
         1024         1000        28.76        35.61
         2048         1000        32.17        63.67
         4096         1000        39.49       103.72
         8192         1000        45.26       181.01
        16384         1000        68.41       239.51
        32768         1000        84.77       386.53
        65536          640       112.72       581.41
       131072          320       167.00       784.87
       262144          160       259.29      1010.99
       524288           80       438.57      1195.45
      1048576           40       795.46      1318.21
      2097152           20      1632.64      1284.52
      4194304           10      3282.33      1277.84


# All processes entering MPI_Finalize

#------------------------------------------------------------
#    Intel(R) MPI Benchmarks 2019 Update 6, MPI-1 part    
#------------------------------------------------------------
# Date                  : Fri May  1 23:55:52 2020
# Machine               : x86_64
# System                : Linux
# Release               : 4.15.0-99-generic
# Version               : #100-Ubuntu SMP Wed Apr 22 20:32:56 UTC 2020
# MPI Version           : 3.1
# MPI Thread Environment: 


# Calling sequence was: 

# /home/lacp/lacp-cloud-experiments/BENCHMARKS/mpi-benchmarks/IMB-MPI1 PingPong 

# Minimum message length in bytes:   0
# Maximum message length in bytes:   4194304
#
# MPI_Datatype                   :   MPI_BYTE 
# MPI_Datatype for reductions    :   MPI_FLOAT 
# MPI_Op                         :   MPI_SUM  
# 
# 

# List of Benchmarks to run:

# PingPong

#---------------------------------------------------
# Benchmarking PingPong 
# #processes = 2 
#---------------------------------------------------
       #bytes #repetitions      t[usec]   Mbytes/sec
            0         1000        26.18         0.00
            1         1000        26.99         0.04
            2         1000        27.02         0.07
            4         1000        26.98         0.15
            8         1000        27.10         0.30
           16         1000        27.03         0.59
           32         1000        27.07         1.18
           64         1000        27.21         2.35
          128         1000        27.16         4.71
          256         1000        27.48         9.32
          512         1000        28.33        18.07
         1024         1000        29.52        34.68
         2048         1000        32.54        62.95
         4096         1000        40.19       101.92
         8192         1000        46.45       176.37
        16384         1000        69.23       236.68
        32768         1000        81.53       401.91
        65536          640       113.83       575.73
       131072          320       166.74       786.07
       262144          160       261.52      1002.37
       524288           80       445.15      1177.79
      1048576           40       805.53      1301.72
      2097152           20      1637.15      1280.98
      4194304           10      3301.23      1270.53


# All processes entering MPI_Finalize

#------------------------------------------------------------
#    Intel(R) MPI Benchmarks 2019 Update 6, MPI-1 part    
#------------------------------------------------------------
# Date                  : Fri May  1 23:56:17 2020
# Machine               : x86_64
# System                : Linux
# Release               : 4.15.0-99-generic
# Version               : #100-Ubuntu SMP Wed Apr 22 20:32:56 UTC 2020
# MPI Version           : 3.1
# MPI Thread Environment: 


# Calling sequence was: 

# /home/lacp/lacp-cloud-experiments/BENCHMARKS/mpi-benchmarks/IMB-MPI1 PingPong 

# Minimum message length in bytes:   0
# Maximum message length in bytes:   4194304
#
# MPI_Datatype                   :   MPI_BYTE 
# MPI_Datatype for reductions    :   MPI_FLOAT 
# MPI_Op                         :   MPI_SUM  
# 
# 

# List of Benchmarks to run:

# PingPong

#---------------------------------------------------
# Benchmarking PingPong 
# #processes = 2 
#---------------------------------------------------
       #bytes #repetitions      t[usec]   Mbytes/sec
            0         1000        26.93         0.00
            1         1000        25.83         0.04
            2         1000        25.79         0.08
            4         1000        25.95         0.15
            8         1000        25.98         0.31
           16         1000        25.72         0.62
           32         1000        25.96         1.23
           64         1000        26.24         2.44
          128         1000        26.32         4.86
          256         1000        26.71         9.58
          512         1000        27.06        18.92
         1024         1000        28.33        36.15
         2048         1000        31.74        64.51
         4096         1000        39.72       103.13
         8192         1000        46.06       177.86
        16384         1000        68.59       238.88
        32768         1000       113.11       289.71
        65536          640       113.50       577.41
       131072          320       166.83       785.68
       262144          160       259.21      1011.31
       524288           80       438.33      1196.11
      1048576           40       794.91      1319.11
      2097152           20      1653.91      1268.00
      4194304           10      3238.30      1295.22


# All processes entering MPI_Finalize

#------------------------------------------------------------
#    Intel(R) MPI Benchmarks 2019 Update 6, MPI-1 part    
#------------------------------------------------------------
# Date                  : Sat May  2 00:08:51 2020
# Machine               : x86_64
# System                : Linux
# Release               : 4.15.0-99-generic
# Version               : #100-Ubuntu SMP Wed Apr 22 20:32:56 UTC 2020
# MPI Version           : 3.1
# MPI Thread Environment: 


# Calling sequence was: 

# /home/lacp/lacp-cloud-experiments/BENCHMARKS/mpi-benchmarks/IMB-MPI1 PingPong 

# Minimum message length in bytes:   0
# Maximum message length in bytes:   4194304
#
# MPI_Datatype                   :   MPI_BYTE 
# MPI_Datatype for reductions    :   MPI_FLOAT 
# MPI_Op                         :   MPI_SUM  
# 
# 

# List of Benchmarks to run:

# PingPong

#---------------------------------------------------
# Benchmarking PingPong 
# #processes = 2 
#---------------------------------------------------
       #bytes #repetitions      t[usec]   Mbytes/sec
            0         1000        24.59         0.00
            1         1000        25.62         0.04
            2         1000        25.46         0.08
            4         1000        25.85         0.15
            8         1000        25.45         0.31
           16         1000        25.33         0.63
           32         1000        26.06         1.23
           64         1000        26.47         2.42
          128         1000        26.86         4.77
          256         1000        26.50         9.66
          512         1000        26.92        19.02
         1024         1000        28.11        36.43
         2048         1000        33.09        61.89
         4096         1000        39.90       102.67
         8192         1000        45.99       178.13
        16384         1000        67.72       241.93
        32768         1000        55.41       591.40
        65536          640       111.18       589.44
       131072          320       166.65       786.52
       262144          160       265.77       986.36
       524288           80       450.06      1164.93
      1048576           40       792.63      1322.91
      2097152           20      1635.42      1282.33
      4194304           10      3318.43      1263.94


# All processes entering MPI_Finalize

#------------------------------------------------------------
#    Intel(R) MPI Benchmarks 2019 Update 6, MPI-1 part    
#------------------------------------------------------------
# Date                  : Sat May  2 00:08:58 2020
# Machine               : x86_64
# System                : Linux
# Release               : 4.15.0-99-generic
# Version               : #100-Ubuntu SMP Wed Apr 22 20:32:56 UTC 2020
# MPI Version           : 3.1
# MPI Thread Environment: 


# Calling sequence was: 

# /home/lacp/lacp-cloud-experiments/BENCHMARKS/mpi-benchmarks/IMB-MPI1 PingPong 

# Minimum message length in bytes:   0
# Maximum message length in bytes:   4194304
#
# MPI_Datatype                   :   MPI_BYTE 
# MPI_Datatype for reductions    :   MPI_FLOAT 
# MPI_Op                         :   MPI_SUM  
# 
# 

# List of Benchmarks to run:

# PingPong

#---------------------------------------------------
# Benchmarking PingPong 
# #processes = 2 
#---------------------------------------------------
       #bytes #repetitions      t[usec]   Mbytes/sec
            0         1000        26.92         0.00
            1         1000        26.34         0.04
            2         1000        26.45         0.08
            4         1000        26.25         0.15
            8         1000        26.21         0.31
           16         1000        26.19         0.61
           32         1000        26.38         1.21
           64         1000        26.68         2.40
          128         1000        26.58         4.82
          256         1000        26.80         9.55
          512         1000        27.33        18.73
         1024         1000        28.60        35.81
         2048         1000        31.89        64.23
         4096         1000        39.25       104.36
         8192         1000        46.04       177.94
        16384         1000        68.19       240.27
        32768         1000        59.78       548.13
        65536          640       112.17       584.24
       131072          320       166.55       786.96
       262144          160       259.68      1009.49
       524288           80       435.58      1203.66
      1048576           40       795.03      1318.92
      2097152           20      1690.44      1240.60
      4194304           10      3253.32      1289.24


# All processes entering MPI_Finalize

#------------------------------------------------------------
#    Intel(R) MPI Benchmarks 2019 Update 6, MPI-1 part    
#------------------------------------------------------------
# Date                  : Sat May  2 00:09:05 2020
# Machine               : x86_64
# System                : Linux
# Release               : 4.15.0-99-generic
# Version               : #100-Ubuntu SMP Wed Apr 22 20:32:56 UTC 2020
# MPI Version           : 3.1
# MPI Thread Environment: 


# Calling sequence was: 

# /home/lacp/lacp-cloud-experiments/BENCHMARKS/mpi-benchmarks/IMB-MPI1 PingPong 

# Minimum message length in bytes:   0
# Maximum message length in bytes:   4194304
#
# MPI_Datatype                   :   MPI_BYTE 
# MPI_Datatype for reductions    :   MPI_FLOAT 
# MPI_Op                         :   MPI_SUM  
# 
# 

# List of Benchmarks to run:

# PingPong

#---------------------------------------------------
# Benchmarking PingPong 
# #processes = 2 
#---------------------------------------------------
       #bytes #repetitions      t[usec]   Mbytes/sec
            0         1000        25.17         0.00
            1         1000        25.90         0.04
            2         1000        25.79         0.08
            4         1000        25.71         0.16
            8         1000        25.73         0.31
           16         1000        25.76         0.62
           32         1000        25.93         1.23
           64         1000        26.21         2.44
          128         1000        26.40         4.85
          256         1000        26.47         9.67
          512         1000        27.20        18.82
         1024         1000        28.27        36.22
         2048         1000        31.78        64.45
         4096         1000        39.78       102.96
         8192         1000        45.71       179.23
        16384         1000        68.18       240.32
        32768         1000        82.60       396.72
        65536          640       111.45       588.01
       131072          320       164.81       795.31
       262144          160       256.51      1021.98
       524288           80       436.26      1201.78
      1048576           40       787.24      1331.96
      2097152           20      1637.11      1281.01
      4194304           10      3251.65      1289.90


# All processes entering MPI_Finalize

#------------------------------------------------------------
#    Intel(R) MPI Benchmarks 2019 Update 6, MPI-1 part    
#------------------------------------------------------------
# Date                  : Sat May  2 00:09:12 2020
# Machine               : x86_64
# System                : Linux
# Release               : 4.15.0-99-generic
# Version               : #100-Ubuntu SMP Wed Apr 22 20:32:56 UTC 2020
# MPI Version           : 3.1
# MPI Thread Environment: 


# Calling sequence was: 

# /home/lacp/lacp-cloud-experiments/BENCHMARKS/mpi-benchmarks/IMB-MPI1 PingPong 

# Minimum message length in bytes:   0
# Maximum message length in bytes:   4194304
#
# MPI_Datatype                   :   MPI_BYTE 
# MPI_Datatype for reductions    :   MPI_FLOAT 
# MPI_Op                         :   MPI_SUM  
# 
# 

# List of Benchmarks to run:

# PingPong

#---------------------------------------------------
# Benchmarking PingPong 
# #processes = 2 
#---------------------------------------------------
       #bytes #repetitions      t[usec]   Mbytes/sec
            0         1000        25.16         0.00
            1         1000        25.87         0.04
            2         1000        25.86         0.08
            4         1000        25.88         0.15
            8         1000        25.79         0.31
           16         1000        25.82         0.62
           32         1000        25.91         1.24
           64         1000        25.99         2.46
          128         1000        26.29         4.87
          256         1000        26.94         9.50
          512         1000        28.65        17.87
         1024         1000        28.67        35.71
         2048         1000        31.93        64.14
         4096         1000        39.38       104.03
         8192         1000        46.95       174.49
        16384         1000        63.12       259.56
        32768         1000        84.94       385.79
        65536          640       176.30       371.73
       131072          320       164.46       796.99
       262144          160       261.44      1002.70
       524288           80       437.49      1198.40
      1048576           40       792.94      1322.39
      2097152           20      1617.76      1296.33
      4194304           10      3250.61      1290.31


# All processes entering MPI_Finalize

#------------------------------------------------------------
#    Intel(R) MPI Benchmarks 2019 Update 6, MPI-1 part    
#------------------------------------------------------------
# Date                  : Sat May  2 00:31:25 2020
# Machine               : x86_64
# System                : Linux
# Release               : 4.15.0-99-generic
# Version               : #100-Ubuntu SMP Wed Apr 22 20:32:56 UTC 2020
# MPI Version           : 3.1
# MPI Thread Environment: 


# Calling sequence was: 

# /home/lacp/lacp-cloud-experiments/BENCHMARKS/mpi-benchmarks/IMB-MPI1 PingPong 

# Minimum message length in bytes:   0
# Maximum message length in bytes:   4194304
#
# MPI_Datatype                   :   MPI_BYTE 
# MPI_Datatype for reductions    :   MPI_FLOAT 
# MPI_Op                         :   MPI_SUM  
# 
# 

# List of Benchmarks to run:

# PingPong

#---------------------------------------------------
# Benchmarking PingPong 
# #processes = 2 
#---------------------------------------------------
       #bytes #repetitions      t[usec]   Mbytes/sec
            0         1000        26.80         0.00
            1         1000        25.83         0.04
            2         1000        25.93         0.08
            4         1000        25.98         0.15
            8         1000        26.18         0.31
           16         1000        25.94         0.62
           32         1000        26.13         1.22
           64         1000        26.21         2.44
          128         1000        26.25         4.88
          256         1000        26.81         9.55
          512         1000        27.35        18.72
         1024         1000        28.29        36.20
         2048         1000        23.68        86.47
         4096         1000        28.03       146.13
         8192         1000        36.78       222.74
        16384         1000        52.21       313.78
        32768         1000        85.15       384.84
        65536          640       113.38       578.02
       131072          320       163.69       800.74
       262144          160       258.38      1014.57
       524288           80       431.96      1213.75
      1048576           40       791.93      1324.07
      2097152           20      1623.06      1292.10
      4194304           10      3223.01      1301.36


# All processes entering MPI_Finalize

#------------------------------------------------------------
#    Intel(R) MPI Benchmarks 2019 Update 6, MPI-1 part    
#------------------------------------------------------------
# Date                  : Sat May  2 01:00:42 2020
# Machine               : x86_64
# System                : Linux
# Release               : 4.15.0-99-generic
# Version               : #100-Ubuntu SMP Wed Apr 22 20:32:56 UTC 2020
# MPI Version           : 3.1
# MPI Thread Environment: 


# Calling sequence was: 

# /home/lacp/lacp-cloud-experiments/BENCHMARKS/mpi-benchmarks/IMB-MPI1 PingPong 

# Minimum message length in bytes:   0
# Maximum message length in bytes:   4194304
#
# MPI_Datatype                   :   MPI_BYTE 
# MPI_Datatype for reductions    :   MPI_FLOAT 
# MPI_Op                         :   MPI_SUM  
# 
# 

# List of Benchmarks to run:

# PingPong

#---------------------------------------------------
# Benchmarking PingPong 
# #processes = 2 
#---------------------------------------------------
       #bytes #repetitions      t[usec]   Mbytes/sec
            0         1000        27.46         0.00
            1         1000        26.46         0.04
            2         1000        26.54         0.08
            4         1000        26.32         0.15
            8         1000        26.28         0.30
           16         1000        26.41         0.61
           32         1000        26.80         1.19
           64         1000        26.59         2.41
          128         1000        26.70         4.79
          256         1000        27.04         9.47
          512         1000        27.62        18.54
         1024         1000        28.98        35.34
         2048         1000        32.07        63.87
         4096         1000        39.51       103.68
         8192         1000        46.36       176.70
        16384         1000        68.20       240.24
        32768         1000        66.25       494.58
        65536          640       112.34       583.39
       131072          320       170.92       766.87
       262144          160       260.06      1008.02
       524288           80       436.12      1202.16
      1048576           40       783.19      1338.85
      2097152           20      1625.33      1290.30
      4194304           10      3229.46      1298.76


# All processes entering MPI_Finalize

#------------------------------------------------------------
#    Intel(R) MPI Benchmarks 2019 Update 6, MPI-1 part    
#------------------------------------------------------------
# Date                  : Sat May  2 01:04:46 2020
# Machine               : x86_64
# System                : Linux
# Release               : 4.15.0-99-generic
# Version               : #100-Ubuntu SMP Wed Apr 22 20:32:56 UTC 2020
# MPI Version           : 3.1
# MPI Thread Environment: 


# Calling sequence was: 

# /home/lacp/lacp-cloud-experiments/BENCHMARKS/mpi-benchmarks/IMB-MPI1 PingPong 

# Minimum message length in bytes:   0
# Maximum message length in bytes:   4194304
#
# MPI_Datatype                   :   MPI_BYTE 
# MPI_Datatype for reductions    :   MPI_FLOAT 
# MPI_Op                         :   MPI_SUM  
# 
# 

# List of Benchmarks to run:

# PingPong

#---------------------------------------------------
# Benchmarking PingPong 
# #processes = 2 
#---------------------------------------------------
       #bytes #repetitions      t[usec]   Mbytes/sec
            0         1000        25.12         0.00
            1         1000        25.89         0.04
            2         1000        25.94         0.08
            4         1000        26.01         0.15
            8         1000        25.95         0.31
           16         1000        25.91         0.62
           32         1000        25.97         1.23
           64         1000        26.35         2.43
          128         1000        26.61         4.81
          256         1000        26.79         9.55
          512         1000        27.30        18.76
         1024         1000        28.25        36.25
         2048         1000        31.40        65.22
         4096         1000        38.90       105.31
         8192         1000        44.62       183.58
        16384         1000        67.00       244.53
        32768         1000       111.69       293.38
        65536          640       172.61       379.68
       131072          320       163.64       800.99
       262144          160       257.21      1019.17
       524288           80       434.36      1207.04
      1048576           40       797.71      1314.48
      2097152           20      1630.09      1286.53
      4194304           10      3257.62      1287.54


# All processes entering MPI_Finalize

#------------------------------------------------------------
#    Intel(R) MPI Benchmarks 2019 Update 6, MPI-1 part    
#------------------------------------------------------------
# Date                  : Sat May  2 01:04:53 2020
# Machine               : x86_64
# System                : Linux
# Release               : 4.15.0-99-generic
# Version               : #100-Ubuntu SMP Wed Apr 22 20:32:56 UTC 2020
# MPI Version           : 3.1
# MPI Thread Environment: 


# Calling sequence was: 

# /home/lacp/lacp-cloud-experiments/BENCHMARKS/mpi-benchmarks/IMB-MPI1 PingPong 

# Minimum message length in bytes:   0
# Maximum message length in bytes:   4194304
#
# MPI_Datatype                   :   MPI_BYTE 
# MPI_Datatype for reductions    :   MPI_FLOAT 
# MPI_Op                         :   MPI_SUM  
# 
# 

# List of Benchmarks to run:

# PingPong

#---------------------------------------------------
# Benchmarking PingPong 
# #processes = 2 
#---------------------------------------------------
       #bytes #repetitions      t[usec]   Mbytes/sec
            0         1000        25.34         0.00
            1         1000        25.99         0.04
            2         1000        26.05         0.08
            4         1000        25.86         0.15
            8         1000        26.19         0.31
           16         1000        26.01         0.62
           32         1000        26.14         1.22
           64         1000        26.35         2.43
          128         1000        26.57         4.82
          256         1000        26.41         9.69
          512         1000        27.19        18.83
         1024         1000        28.32        36.15
         2048         1000        31.40        65.22
         4096         1000        39.52       103.65
         8192         1000        44.61       183.64
        16384         1000        67.90       241.28
        32768         1000        52.87       619.78
        65536          640       112.30       583.58
       131072          320       166.67       786.43
       262144          160       257.32      1018.76
       524288           80       433.75      1208.72
      1048576           40       794.50      1319.79
      2097152           20      1642.36      1276.91
      4194304           10      3217.13      1303.74


# All processes entering MPI_Finalize

#------------------------------------------------------------
#    Intel(R) MPI Benchmarks 2019 Update 6, MPI-1 part    
#------------------------------------------------------------
# Date                  : Sat May  2 01:18:21 2020
# Machine               : x86_64
# System                : Linux
# Release               : 4.15.0-99-generic
# Version               : #100-Ubuntu SMP Wed Apr 22 20:32:56 UTC 2020
# MPI Version           : 3.1
# MPI Thread Environment: 


# Calling sequence was: 

# /home/lacp/lacp-cloud-experiments/BENCHMARKS/mpi-benchmarks/IMB-MPI1 PingPong 

# Minimum message length in bytes:   0
# Maximum message length in bytes:   4194304
#
# MPI_Datatype                   :   MPI_BYTE 
# MPI_Datatype for reductions    :   MPI_FLOAT 
# MPI_Op                         :   MPI_SUM  
# 
# 

# List of Benchmarks to run:

# PingPong

#---------------------------------------------------
# Benchmarking PingPong 
# #processes = 2 
#---------------------------------------------------
       #bytes #repetitions      t[usec]   Mbytes/sec
            0         1000        25.34         0.00
            1         1000        25.97         0.04
            2         1000        26.28         0.08
            4         1000        25.89         0.15
            8         1000        26.14         0.31
           16         1000        25.86         0.62
           32         1000        26.12         1.23
           64         1000        26.47         2.42
          128         1000        26.89         4.76
          256         1000        26.93         9.51
          512         1000        27.41        18.68
         1024         1000        28.36        36.11
         2048         1000        31.85        64.29
         4096         1000        39.44       103.85
         8192         1000        47.23       173.45
        16384         1000        69.27       236.52
        32768         1000        60.79       539.05
        65536          640       119.51       548.38
       131072          320       165.22       793.31
       262144          160       258.51      1014.04
       524288           80       437.39      1198.67
      1048576           40       807.17      1299.08
      2097152           20      1648.73      1271.98
      4194304           10      3232.35      1297.60


# All processes entering MPI_Finalize

#------------------------------------------------------------
#    Intel(R) MPI Benchmarks 2019 Update 6, MPI-1 part    
#------------------------------------------------------------
# Date                  : Sat May  2 01:18:45 2020
# Machine               : x86_64
# System                : Linux
# Release               : 4.15.0-99-generic
# Version               : #100-Ubuntu SMP Wed Apr 22 20:32:56 UTC 2020
# MPI Version           : 3.1
# MPI Thread Environment: 


# Calling sequence was: 

# /home/lacp/lacp-cloud-experiments/BENCHMARKS/mpi-benchmarks/IMB-MPI1 PingPong 

# Minimum message length in bytes:   0
# Maximum message length in bytes:   4194304
#
# MPI_Datatype                   :   MPI_BYTE 
# MPI_Datatype for reductions    :   MPI_FLOAT 
# MPI_Op                         :   MPI_SUM  
# 
# 

# List of Benchmarks to run:

# PingPong

#---------------------------------------------------
# Benchmarking PingPong 
# #processes = 2 
#---------------------------------------------------
       #bytes #repetitions      t[usec]   Mbytes/sec
            0         1000        24.86         0.00
            1         1000        25.76         0.04
            2         1000        25.41         0.08
            4         1000        25.53         0.16
            8         1000        25.79         0.31
           16         1000        25.50         0.63
           32         1000        25.66         1.25
           64         1000        25.67         2.49
          128         1000        26.26         4.87
          256         1000        26.34         9.72
          512         1000        26.66        19.20
         1024         1000        28.09        36.45
         2048         1000        31.10        65.84
         4096         1000        38.48       106.44
         8192         1000        44.85       182.64
        16384         1000        66.42       246.69
        32768         1000       111.01       295.18
        65536          640       111.06       590.09
       131072          320       164.38       797.36
       262144          160       257.78      1016.93
       524288           80       434.65      1206.22
      1048576           40       782.35      1340.30
      2097152           20      1629.26      1287.18
      4194304           10      3206.94      1307.88


# All processes entering MPI_Finalize

#------------------------------------------------------------
#    Intel(R) MPI Benchmarks 2019 Update 6, MPI-1 part    
#------------------------------------------------------------
# Date                  : Sat May  2 01:21:18 2020
# Machine               : x86_64
# System                : Linux
# Release               : 4.15.0-99-generic
# Version               : #100-Ubuntu SMP Wed Apr 22 20:32:56 UTC 2020
# MPI Version           : 3.1
# MPI Thread Environment: 


# Calling sequence was: 

# /home/lacp/lacp-cloud-experiments/BENCHMARKS/mpi-benchmarks/IMB-MPI1 PingPong 

# Minimum message length in bytes:   0
# Maximum message length in bytes:   4194304
#
# MPI_Datatype                   :   MPI_BYTE 
# MPI_Datatype for reductions    :   MPI_FLOAT 
# MPI_Op                         :   MPI_SUM  
# 
# 

# List of Benchmarks to run:

# PingPong

#---------------------------------------------------
# Benchmarking PingPong 
# #processes = 2 
#---------------------------------------------------
       #bytes #repetitions      t[usec]   Mbytes/sec
            0         1000        27.15         0.00
            1         1000        26.41         0.04
            2         1000        26.63         0.08
            4         1000        26.44         0.15
            8         1000        26.73         0.30
           16         1000        26.54         0.60
           32         1000        26.73         1.20
           64         1000        26.87         2.38
          128         1000        27.03         4.74
          256         1000        27.11         9.44
          512         1000        27.75        18.45
         1024         1000        29.14        35.15
         2048         1000        32.62        62.79
         4096         1000        39.77       103.00
         8192         1000        46.14       177.54
        16384         1000        66.05       248.05
        32768         1000        53.50       612.52
        65536          640       114.03       574.75
       131072          320       166.23       788.51
       262144          160       258.19      1015.32
       524288           80       434.31      1207.18
      1048576           40       788.04      1330.61
      2097152           20      1626.18      1289.62
      4194304           10      3388.97      1237.63


# All processes entering MPI_Finalize

#------------------------------------------------------------
#    Intel(R) MPI Benchmarks 2019 Update 6, MPI-1 part    
#------------------------------------------------------------
# Date                  : Sat May  2 01:22:58 2020
# Machine               : x86_64
# System                : Linux
# Release               : 4.15.0-99-generic
# Version               : #100-Ubuntu SMP Wed Apr 22 20:32:56 UTC 2020
# MPI Version           : 3.1
# MPI Thread Environment: 


# Calling sequence was: 

# /home/lacp/lacp-cloud-experiments/BENCHMARKS/mpi-benchmarks/IMB-MPI1 PingPong 

# Minimum message length in bytes:   0
# Maximum message length in bytes:   4194304
#
# MPI_Datatype                   :   MPI_BYTE 
# MPI_Datatype for reductions    :   MPI_FLOAT 
# MPI_Op                         :   MPI_SUM  
# 
# 

# List of Benchmarks to run:

# PingPong

#---------------------------------------------------
# Benchmarking PingPong 
# #processes = 2 
#---------------------------------------------------
       #bytes #repetitions      t[usec]   Mbytes/sec
            0         1000        26.64         0.00
            1         1000        25.89         0.04
            2         1000        26.14         0.08
            4         1000        26.03         0.15
            8         1000        25.94         0.31
           16         1000        25.85         0.62
           32         1000        26.21         1.22
           64         1000        26.19         2.44
          128         1000        26.26         4.87
          256         1000        26.58         9.63
          512         1000        26.98        18.97
         1024         1000        28.37        36.09
         2048         1000        31.56        64.90
         4096         1000        39.38       104.01
         8192         1000        45.59       179.69
        16384         1000        67.57       242.47
        32768         1000        72.50       452.00
        65536          640       111.22       589.23
       131072          320       169.27       774.33
       262144          160       258.71      1013.27
       524288           80       435.66      1203.45
      1048576           40       796.28      1316.84
      2097152           20      1631.11      1285.72
      4194304           10      3233.87      1296.99


# All processes entering MPI_Finalize

#------------------------------------------------------------
#    Intel(R) MPI Benchmarks 2019 Update 6, MPI-1 part    
#------------------------------------------------------------
# Date                  : Sat May  2 01:24:36 2020
# Machine               : x86_64
# System                : Linux
# Release               : 4.15.0-99-generic
# Version               : #100-Ubuntu SMP Wed Apr 22 20:32:56 UTC 2020
# MPI Version           : 3.1
# MPI Thread Environment: 


# Calling sequence was: 

# /home/lacp/lacp-cloud-experiments/BENCHMARKS/mpi-benchmarks/IMB-MPI1 PingPong 

# Minimum message length in bytes:   0
# Maximum message length in bytes:   4194304
#
# MPI_Datatype                   :   MPI_BYTE 
# MPI_Datatype for reductions    :   MPI_FLOAT 
# MPI_Op                         :   MPI_SUM  
# 
# 

# List of Benchmarks to run:

# PingPong

#---------------------------------------------------
# Benchmarking PingPong 
# #processes = 2 
#---------------------------------------------------
       #bytes #repetitions      t[usec]   Mbytes/sec
            0         1000        25.55         0.00
            1         1000        26.30         0.04
            2         1000        26.27         0.08
            4         1000        26.20         0.15
            8         1000        26.31         0.30
           16         1000        26.30         0.61
           32         1000        26.43         1.21
           64         1000        26.47         2.42
          128         1000        26.57         4.82
          256         1000        26.92         9.51
          512         1000        27.67        18.50
         1024         1000        28.67        35.71
         2048         1000        31.53        64.96
         4096         1000        38.91       105.27
         8192         1000        45.24       181.08
        16384         1000        68.14       240.46
        32768         1000        88.20       371.52
        65536          640       111.99       585.21
       131072          320       165.03       794.25
       262144          160       258.43      1014.36
       524288           80       437.17      1199.27
      1048576           40       786.95      1332.45
      2097152           20      1636.55      1281.45
      4194304           10      3240.94      1294.16


# All processes entering MPI_Finalize

#------------------------------------------------------------
#    Intel(R) MPI Benchmarks 2019 Update 6, MPI-1 part    
#------------------------------------------------------------
# Date                  : Sat May  2 01:41:13 2020
# Machine               : x86_64
# System                : Linux
# Release               : 4.15.0-99-generic
# Version               : #100-Ubuntu SMP Wed Apr 22 20:32:56 UTC 2020
# MPI Version           : 3.1
# MPI Thread Environment: 


# Calling sequence was: 

# /home/lacp/lacp-cloud-experiments/BENCHMARKS/mpi-benchmarks/IMB-MPI1 PingPong 

# Minimum message length in bytes:   0
# Maximum message length in bytes:   4194304
#
# MPI_Datatype                   :   MPI_BYTE 
# MPI_Datatype for reductions    :   MPI_FLOAT 
# MPI_Op                         :   MPI_SUM  
# 
# 

# List of Benchmarks to run:

# PingPong

#---------------------------------------------------
# Benchmarking PingPong 
# #processes = 2 
#---------------------------------------------------
       #bytes #repetitions      t[usec]   Mbytes/sec
            0         1000        27.50         0.00
            1         1000        26.81         0.04
            2         1000        26.97         0.07
            4         1000        26.59         0.15
            8         1000        25.87         0.31
           16         1000        19.67         0.81
           32         1000        26.87         1.19
           64         1000        27.02         2.37
          128         1000        27.24         4.70
          256         1000        27.58         9.28
          512         1000        28.03        18.26
         1024         1000        29.32        34.93
         2048         1000        32.46        63.10
         4096         1000        40.33       101.57
         8192         1000        45.91       178.42
        16384         1000        68.87       237.91
        32768         1000        52.75       621.14
        65536          640       112.46       582.75
       131072          320       165.80       790.54
       262144          160       258.06      1015.81
       524288           80       436.73      1200.47
      1048576           40       793.09      1322.14
      2097152           20      1621.46      1293.37
      4194304           10      3239.78      1294.63


# All processes entering MPI_Finalize

