#------------------------------------------------------------
#    Intel(R) MPI Benchmarks 2019 Update 6, MPI-1 part    
#------------------------------------------------------------
# Date                  : Sun May 17 19:26:48 2020
# Machine               : x86_64
# System                : Linux
# Release               : 4.15.0-99-generic
# Version               : #100-Ubuntu SMP Wed Apr 22 20:32:56 UTC 2020
# MPI Version           : 3.1
# MPI Thread Environment: 


# Calling sequence was: 

# /home/lacp/lacp-cloud-experiments/BENCHMARKS/mpi-benchmarks/IMB-MPI1 PingPong 

# Minimum message length in bytes:   0
# Maximum message length in bytes:   4194304
#
# MPI_Datatype                   :   MPI_BYTE 
# MPI_Datatype for reductions    :   MPI_FLOAT 
# MPI_Op                         :   MPI_SUM  
# 
# 

# List of Benchmarks to run:

# PingPong

#---------------------------------------------------
# Benchmarking PingPong 
# #processes = 2 
#---------------------------------------------------
       #bytes #repetitions      t[usec]   Mbytes/sec
            0         1000        26.02         0.00
            1         1000        25.95         0.04
            2         1000        25.73         0.08
            4         1000        25.76         0.16
            8         1000        25.79         0.31
           16         1000        25.66         0.62
           32         1000        25.60         1.25
           64         1000        26.05         2.46
          128         1000        26.17         4.89
          256         1000        26.30         9.73
          512         1000        27.05        18.93
         1024         1000        27.96        36.62
         2048         1000        32.86        62.33
         4096         1000        38.44       106.56
         8192         1000        35.47       230.95
        16384         1000        50.31       325.69
        32768         1000        84.23       389.04
        65536          640       119.34       549.15
       131072          320       164.84       795.16
       262144          160       257.46      1018.21
       524288           80       431.82      1214.14
      1048576           40       784.68      1336.31
      2097152           20      1630.51      1286.19
      4194304           10      3238.31      1295.21


# All processes entering MPI_Finalize

#------------------------------------------------------------
#    Intel(R) MPI Benchmarks 2019 Update 6, MPI-1 part    
#------------------------------------------------------------
# Date                  : Sun May 17 19:45:15 2020
# Machine               : x86_64
# System                : Linux
# Release               : 4.15.0-99-generic
# Version               : #100-Ubuntu SMP Wed Apr 22 20:32:56 UTC 2020
# MPI Version           : 3.1
# MPI Thread Environment: 


# Calling sequence was: 

# /home/lacp/lacp-cloud-experiments/BENCHMARKS/mpi-benchmarks/IMB-MPI1 PingPong 

# Minimum message length in bytes:   0
# Maximum message length in bytes:   4194304
#
# MPI_Datatype                   :   MPI_BYTE 
# MPI_Datatype for reductions    :   MPI_FLOAT 
# MPI_Op                         :   MPI_SUM  
# 
# 

# List of Benchmarks to run:

# PingPong

#---------------------------------------------------
# Benchmarking PingPong 
# #processes = 2 
#---------------------------------------------------
       #bytes #repetitions      t[usec]   Mbytes/sec
            0         1000        25.00         0.00
            1         1000        18.74         0.05
            2         1000        18.86         0.11
            4         1000        18.68         0.21
            8         1000        18.66         0.43
           16         1000        18.81         0.85
           32         1000        18.69         1.71
           64         1000        18.81         3.40
          128         1000        19.07         6.71
          256         1000        19.00        13.47
          512         1000        19.51        26.24
         1024         1000        20.97        48.84
         2048         1000        22.99        89.10
         4096         1000        26.53       154.36
         8192         1000        35.70       229.49
        16384         1000        50.58       323.92
        32768         1000        84.42       388.16
        65536          640       132.00       496.48
       131072          320       162.91       804.56
       262144          160       252.51      1038.16
       524288           80       428.27      1224.21
      1048576           40       781.14      1342.37
      2097152           20      1625.92      1289.82
      4194304           10      3191.85      1314.07


# All processes entering MPI_Finalize

#------------------------------------------------------------
#    Intel(R) MPI Benchmarks 2019 Update 6, MPI-1 part    
#------------------------------------------------------------
# Date                  : Sun May 17 20:10:36 2020
# Machine               : x86_64
# System                : Linux
# Release               : 4.15.0-99-generic
# Version               : #100-Ubuntu SMP Wed Apr 22 20:32:56 UTC 2020
# MPI Version           : 3.1
# MPI Thread Environment: 


# Calling sequence was: 

# /home/lacp/lacp-cloud-experiments/BENCHMARKS/mpi-benchmarks/IMB-MPI1 PingPong 

# Minimum message length in bytes:   0
# Maximum message length in bytes:   4194304
#
# MPI_Datatype                   :   MPI_BYTE 
# MPI_Datatype for reductions    :   MPI_FLOAT 
# MPI_Op                         :   MPI_SUM  
# 
# 

# List of Benchmarks to run:

# PingPong

#---------------------------------------------------
# Benchmarking PingPong 
# #processes = 2 
#---------------------------------------------------
       #bytes #repetitions      t[usec]   Mbytes/sec
            0         1000        24.45         0.00
            1         1000        25.42         0.04
            2         1000        25.58         0.08
            4         1000        25.46         0.16
            8         1000        25.53         0.31
           16         1000        25.23         0.63
           32         1000        25.78         1.24
           64         1000        25.75         2.49
          128         1000        26.15         4.89
          256         1000        26.11         9.80
          512         1000        26.53        19.30
         1024         1000        27.89        36.72
         2048         1000        30.93        66.22
         4096         1000        38.54       106.28
         8192         1000        45.48       180.12
        16384         1000        66.94       244.76
        32768         1000        73.67       444.80
        65536          640       109.65       597.68
       131072          320       164.30       797.74
       262144          160       254.88      1028.48
       524288           80       431.01      1216.43
      1048576           40       779.68      1344.88
      2097152           20      1610.58      1302.11
      4194304           10      3185.94      1316.51


# All processes entering MPI_Finalize

#------------------------------------------------------------
#    Intel(R) MPI Benchmarks 2019 Update 6, MPI-1 part    
#------------------------------------------------------------
# Date                  : Sun May 17 20:10:43 2020
# Machine               : x86_64
# System                : Linux
# Release               : 4.15.0-99-generic
# Version               : #100-Ubuntu SMP Wed Apr 22 20:32:56 UTC 2020
# MPI Version           : 3.1
# MPI Thread Environment: 


# Calling sequence was: 

# /home/lacp/lacp-cloud-experiments/BENCHMARKS/mpi-benchmarks/IMB-MPI1 PingPong 

# Minimum message length in bytes:   0
# Maximum message length in bytes:   4194304
#
# MPI_Datatype                   :   MPI_BYTE 
# MPI_Datatype for reductions    :   MPI_FLOAT 
# MPI_Op                         :   MPI_SUM  
# 
# 

# List of Benchmarks to run:

# PingPong

#---------------------------------------------------
# Benchmarking PingPong 
# #processes = 2 
#---------------------------------------------------
       #bytes #repetitions      t[usec]   Mbytes/sec
            0         1000        24.69         0.00
            1         1000        25.49         0.04
            2         1000        25.75         0.08
            4         1000        25.66         0.16
            8         1000        25.44         0.31
           16         1000        25.46         0.63
           32         1000        25.75         1.24
           64         1000        25.74         2.49
          128         1000        26.44         4.84
          256         1000        26.07         9.82
          512         1000        26.74        19.15
         1024         1000        27.93        36.66
         2048         1000        30.82        66.45
         4096         1000        38.19       107.27
         8192         1000        47.74       171.61
        16384         1000        66.73       245.53
        32768         1000        75.66       433.12
        65536          640       109.52       598.39
       131072          320       165.65       791.27
       262144          160       254.44      1030.27
       524288           80       426.37      1229.66
      1048576           40       782.02      1340.85
      2097152           20      1630.37      1286.31
      4194304           10      3177.37      1320.06


# All processes entering MPI_Finalize

#------------------------------------------------------------
#    Intel(R) MPI Benchmarks 2019 Update 6, MPI-1 part    
#------------------------------------------------------------
# Date                  : Sun May 17 20:10:51 2020
# Machine               : x86_64
# System                : Linux
# Release               : 4.15.0-99-generic
# Version               : #100-Ubuntu SMP Wed Apr 22 20:32:56 UTC 2020
# MPI Version           : 3.1
# MPI Thread Environment: 


# Calling sequence was: 

# /home/lacp/lacp-cloud-experiments/BENCHMARKS/mpi-benchmarks/IMB-MPI1 PingPong 

# Minimum message length in bytes:   0
# Maximum message length in bytes:   4194304
#
# MPI_Datatype                   :   MPI_BYTE 
# MPI_Datatype for reductions    :   MPI_FLOAT 
# MPI_Op                         :   MPI_SUM  
# 
# 

# List of Benchmarks to run:

# PingPong

#---------------------------------------------------
# Benchmarking PingPong 
# #processes = 2 
#---------------------------------------------------
       #bytes #repetitions      t[usec]   Mbytes/sec
            0         1000        24.73         0.00
            1         1000        25.34         0.04
            2         1000        25.76         0.08
            4         1000        25.37         0.16
            8         1000        25.54         0.31
           16         1000        25.40         0.63
           32         1000        25.62         1.25
           64         1000        25.96         2.46
          128         1000        26.01         4.92
          256         1000        26.10         9.81
          512         1000        26.80        19.11
         1024         1000        27.98        36.60
         2048         1000        31.45        65.13
         4096         1000        39.03       104.96
         8192         1000        45.06       181.81
        16384         1000        67.31       243.42
        32768         1000        70.51       464.70
        65536          640       120.55       543.66
       131072          320       182.73       717.30
       262144          160       268.46       976.46
       524288           80       438.83      1194.73
      1048576           40       780.63      1343.25
      2097152           20      1593.12      1316.38
      4194304           10      3201.84      1309.97


# All processes entering MPI_Finalize

#------------------------------------------------------------
#    Intel(R) MPI Benchmarks 2019 Update 6, MPI-1 part    
#------------------------------------------------------------
# Date                  : Sun May 17 20:17:06 2020
# Machine               : x86_64
# System                : Linux
# Release               : 4.15.0-99-generic
# Version               : #100-Ubuntu SMP Wed Apr 22 20:32:56 UTC 2020
# MPI Version           : 3.1
# MPI Thread Environment: 


# Calling sequence was: 

# /home/lacp/lacp-cloud-experiments/BENCHMARKS/mpi-benchmarks/IMB-MPI1 PingPong 

# Minimum message length in bytes:   0
# Maximum message length in bytes:   4194304
#
# MPI_Datatype                   :   MPI_BYTE 
# MPI_Datatype for reductions    :   MPI_FLOAT 
# MPI_Op                         :   MPI_SUM  
# 
# 

# List of Benchmarks to run:

# PingPong

#---------------------------------------------------
# Benchmarking PingPong 
# #processes = 2 
#---------------------------------------------------
       #bytes #repetitions      t[usec]   Mbytes/sec
            0         1000        25.57         0.00
            1         1000        26.17         0.04
            2         1000        26.49         0.08
            4         1000        26.24         0.15
            8         1000        26.12         0.31
           16         1000        26.03         0.61
           32         1000        26.13         1.22
           64         1000        26.99         2.37
          128         1000        26.69         4.80
          256         1000        26.98         9.49
          512         1000        27.54        18.59
         1024         1000        28.73        35.64
         2048         1000        32.05        63.90
         4096         1000        39.91       102.62
         8192         1000        46.17       177.45
        16384         1000        67.13       244.06
        32768         1000        54.59       600.27
        65536          640       112.06       584.84
       131072          320       165.23       793.26
       262144          160       256.29      1022.83
       524288           80       432.41      1212.47
      1048576           40       784.67      1336.33
      2097152           20      1685.95      1243.90
      4194304           10      3379.24      1241.20


# All processes entering MPI_Finalize

#------------------------------------------------------------
#    Intel(R) MPI Benchmarks 2019 Update 6, MPI-1 part    
#------------------------------------------------------------
# Date                  : Sun May 17 20:19:35 2020
# Machine               : x86_64
# System                : Linux
# Release               : 4.15.0-99-generic
# Version               : #100-Ubuntu SMP Wed Apr 22 20:32:56 UTC 2020
# MPI Version           : 3.1
# MPI Thread Environment: 


# Calling sequence was: 

# /home/lacp/lacp-cloud-experiments/BENCHMARKS/mpi-benchmarks/IMB-MPI1 PingPong 

# Minimum message length in bytes:   0
# Maximum message length in bytes:   4194304
#
# MPI_Datatype                   :   MPI_BYTE 
# MPI_Datatype for reductions    :   MPI_FLOAT 
# MPI_Op                         :   MPI_SUM  
# 
# 

# List of Benchmarks to run:

# PingPong

#---------------------------------------------------
# Benchmarking PingPong 
# #processes = 2 
#---------------------------------------------------
       #bytes #repetitions      t[usec]   Mbytes/sec
            0         1000        26.49         0.00
            1         1000        25.71         0.04
            2         1000        25.87         0.08
            4         1000        25.72         0.16
            8         1000        25.89         0.31
           16         1000        25.61         0.62
           32         1000        26.16         1.22
           64         1000        26.06         2.46
          128         1000        26.08         4.91
          256         1000        26.66         9.60
          512         1000        27.04        18.94
         1024         1000        28.16        36.37
         2048         1000        31.14        65.76
         4096         1000        38.84       105.45
         8192         1000        44.57       183.82
        16384         1000        67.74       241.85
        32768         1000        74.81       438.01
        65536          640       109.78       596.97
       131072          320       162.77       805.24
       262144          160       253.43      1034.39
       524288           80       425.65      1231.73
      1048576           40       777.20      1349.17
      2097152           20      1614.89      1298.63
      4194304           10      3192.67      1313.73


# All processes entering MPI_Finalize

#------------------------------------------------------------
#    Intel(R) MPI Benchmarks 2019 Update 6, MPI-1 part    
#------------------------------------------------------------
# Date                  : Sun May 17 20:23:29 2020
# Machine               : x86_64
# System                : Linux
# Release               : 4.15.0-99-generic
# Version               : #100-Ubuntu SMP Wed Apr 22 20:32:56 UTC 2020
# MPI Version           : 3.1
# MPI Thread Environment: 


# Calling sequence was: 

# /home/lacp/lacp-cloud-experiments/BENCHMARKS/mpi-benchmarks/IMB-MPI1 PingPong 

# Minimum message length in bytes:   0
# Maximum message length in bytes:   4194304
#
# MPI_Datatype                   :   MPI_BYTE 
# MPI_Datatype for reductions    :   MPI_FLOAT 
# MPI_Op                         :   MPI_SUM  
# 
# 

# List of Benchmarks to run:

# PingPong

#---------------------------------------------------
# Benchmarking PingPong 
# #processes = 2 
#---------------------------------------------------
       #bytes #repetitions      t[usec]   Mbytes/sec
            0         1000        26.72         0.00
            1         1000        26.16         0.04
            2         1000        26.31         0.08
            4         1000        26.13         0.15
            8         1000        26.33         0.30
           16         1000        26.17         0.61
           32         1000        26.29         1.22
           64         1000        26.26         2.44
          128         1000        26.50         4.83
          256         1000        26.91         9.51
          512         1000        27.51        18.61
         1024         1000        28.66        35.72
         2048         1000        32.06        63.88
         4096         1000        39.27       104.31
         8192         1000        45.49       180.09
        16384         1000        67.68       242.10
        32768         1000        67.03       488.88
        65536          640       115.63       566.77
       131072          320       165.90       790.05
       262144          160       258.37      1014.61
       524288           80       436.01      1202.46
      1048576           40       787.48      1331.57
      2097152           20      1639.84      1278.88
      4194304           10      3231.77      1297.83


# All processes entering MPI_Finalize

#------------------------------------------------------------
#    Intel(R) MPI Benchmarks 2019 Update 6, MPI-1 part    
#------------------------------------------------------------
# Date                  : Sun May 17 20:23:36 2020
# Machine               : x86_64
# System                : Linux
# Release               : 4.15.0-99-generic
# Version               : #100-Ubuntu SMP Wed Apr 22 20:32:56 UTC 2020
# MPI Version           : 3.1
# MPI Thread Environment: 


# Calling sequence was: 

# /home/lacp/lacp-cloud-experiments/BENCHMARKS/mpi-benchmarks/IMB-MPI1 PingPong 

# Minimum message length in bytes:   0
# Maximum message length in bytes:   4194304
#
# MPI_Datatype                   :   MPI_BYTE 
# MPI_Datatype for reductions    :   MPI_FLOAT 
# MPI_Op                         :   MPI_SUM  
# 
# 

# List of Benchmarks to run:

# PingPong

#---------------------------------------------------
# Benchmarking PingPong 
# #processes = 2 
#---------------------------------------------------
       #bytes #repetitions      t[usec]   Mbytes/sec
            0         1000        25.55         0.00
            1         1000        26.56         0.04
            2         1000        26.28         0.08
            4         1000        26.70         0.15
            8         1000        26.51         0.30
           16         1000        26.26         0.61
           32         1000        26.49         1.21
           64         1000        26.47         2.42
          128         1000        26.98         4.74
          256         1000        27.10         9.45
          512         1000        27.70        18.49
         1024         1000        28.62        35.78
         2048         1000        32.14        63.73
         4096         1000        39.51       103.66
         8192         1000        45.51       179.99
        16384         1000        67.16       243.97
        32768         1000       113.00       289.98
        65536          640       112.03       584.96
       131072          320       164.39       797.32
       262144          160       256.37      1022.53
       524288           80       431.02      1216.39
      1048576           40       789.42      1328.29
      2097152           20      1620.79      1293.90
      4194304           10      3231.97      1297.75


# All processes entering MPI_Finalize

#------------------------------------------------------------
#    Intel(R) MPI Benchmarks 2019 Update 6, MPI-1 part    
#------------------------------------------------------------
# Date                  : Sun May 17 20:58:06 2020
# Machine               : x86_64
# System                : Linux
# Release               : 4.15.0-99-generic
# Version               : #100-Ubuntu SMP Wed Apr 22 20:32:56 UTC 2020
# MPI Version           : 3.1
# MPI Thread Environment: 


# Calling sequence was: 

# /home/lacp/lacp-cloud-experiments/BENCHMARKS/mpi-benchmarks/IMB-MPI1 PingPong 

# Minimum message length in bytes:   0
# Maximum message length in bytes:   4194304
#
# MPI_Datatype                   :   MPI_BYTE 
# MPI_Datatype for reductions    :   MPI_FLOAT 
# MPI_Op                         :   MPI_SUM  
# 
# 

# List of Benchmarks to run:

# PingPong

#---------------------------------------------------
# Benchmarking PingPong 
# #processes = 2 
#---------------------------------------------------
       #bytes #repetitions      t[usec]   Mbytes/sec
            0         1000        26.71         0.00
            1         1000        26.36         0.04
            2         1000        26.44         0.08
            4         1000        26.12         0.15
            8         1000        26.16         0.31
           16         1000        26.09         0.61
           32         1000        26.45         1.21
           64         1000        26.41         2.42
          128         1000        26.53         4.83
          256         1000        26.89         9.52
          512         1000        27.73        18.46
         1024         1000        28.86        35.48
         2048         1000        31.82        64.36
         4096         1000        39.51       103.67
         8192         1000        45.57       179.78
        16384         1000        68.97       237.55
        32768         1000        74.35       440.71
        65536          640       112.47       582.69
       131072          320       163.44       801.97
       262144          160       255.78      1024.89
       524288           80       432.65      1211.81
      1048576           40       780.04      1344.25
      2097152           20      1620.15      1294.42
      4194304           10      3209.17      1306.97


# All processes entering MPI_Finalize

#------------------------------------------------------------
#    Intel(R) MPI Benchmarks 2019 Update 6, MPI-1 part    
#------------------------------------------------------------
# Date                  : Sun May 17 20:58:28 2020
# Machine               : x86_64
# System                : Linux
# Release               : 4.15.0-99-generic
# Version               : #100-Ubuntu SMP Wed Apr 22 20:32:56 UTC 2020
# MPI Version           : 3.1
# MPI Thread Environment: 


# Calling sequence was: 

# /home/lacp/lacp-cloud-experiments/BENCHMARKS/mpi-benchmarks/IMB-MPI1 PingPong 

# Minimum message length in bytes:   0
# Maximum message length in bytes:   4194304
#
# MPI_Datatype                   :   MPI_BYTE 
# MPI_Datatype for reductions    :   MPI_FLOAT 
# MPI_Op                         :   MPI_SUM  
# 
# 

# List of Benchmarks to run:

# PingPong

#---------------------------------------------------
# Benchmarking PingPong 
# #processes = 2 
#---------------------------------------------------
       #bytes #repetitions      t[usec]   Mbytes/sec
            0         1000        26.58         0.00
            1         1000        25.93         0.04
            2         1000        25.85         0.08
            4         1000        27.95         0.14
            8         1000        25.94         0.31
           16         1000        25.87         0.62
           32         1000        26.07         1.23
           64         1000        26.36         2.43
          128         1000        26.34         4.86
          256         1000        26.68         9.60
          512         1000        27.26        18.78
         1024         1000        28.32        36.16
         2048         1000        31.62        64.76
         4096         1000        39.31       104.21
         8192         1000        45.66       179.41
        16384         1000        67.28       243.52
        32768         1000        52.30       626.56
        65536          640       109.81       596.79
       131072          320       163.94       799.50
       262144          160       256.99      1020.06
       524288           80       433.13      1210.47
      1048576           40       781.55      1341.65
      2097152           20      1626.12      1289.67
      4194304           10      3215.96      1304.22


# All processes entering MPI_Finalize

#------------------------------------------------------------
#    Intel(R) MPI Benchmarks 2019 Update 6, MPI-1 part    
#------------------------------------------------------------
# Date                  : Sun May 17 21:02:09 2020
# Machine               : x86_64
# System                : Linux
# Release               : 4.15.0-99-generic
# Version               : #100-Ubuntu SMP Wed Apr 22 20:32:56 UTC 2020
# MPI Version           : 3.1
# MPI Thread Environment: 


# Calling sequence was: 

# /home/lacp/lacp-cloud-experiments/BENCHMARKS/mpi-benchmarks/IMB-MPI1 PingPong 

# Minimum message length in bytes:   0
# Maximum message length in bytes:   4194304
#
# MPI_Datatype                   :   MPI_BYTE 
# MPI_Datatype for reductions    :   MPI_FLOAT 
# MPI_Op                         :   MPI_SUM  
# 
# 

# List of Benchmarks to run:

# PingPong

#---------------------------------------------------
# Benchmarking PingPong 
# #processes = 2 
#---------------------------------------------------
       #bytes #repetitions      t[usec]   Mbytes/sec
            0         1000        24.80         0.00
            1         1000        25.34         0.04
            2         1000        25.31         0.08
            4         1000        25.34         0.16
            8         1000        25.43         0.31
           16         1000        25.19         0.64
           32         1000        25.51         1.25
           64         1000        25.67         2.49
          128         1000        26.31         4.86
          256         1000        26.01         9.84
          512         1000        26.36        19.42
         1024         1000        27.64        37.05
         2048         1000        31.17        65.71
         4096         1000        38.61       106.10
         8192         1000        44.98       182.13
        16384         1000        66.95       244.71
        32768         1000       112.07       292.38
        65536          640       111.18       589.47
       131072          320       163.46       801.87
       262144          160       286.12       916.19
       524288           80       443.26      1182.80
      1048576           40       795.35      1318.39
      2097152           20      1622.12      1292.85
      4194304           10      3210.00      1306.64


# All processes entering MPI_Finalize

#------------------------------------------------------------
#    Intel(R) MPI Benchmarks 2019 Update 6, MPI-1 part    
#------------------------------------------------------------
# Date                  : Sun May 17 21:12:35 2020
# Machine               : x86_64
# System                : Linux
# Release               : 4.15.0-99-generic
# Version               : #100-Ubuntu SMP Wed Apr 22 20:32:56 UTC 2020
# MPI Version           : 3.1
# MPI Thread Environment: 


# Calling sequence was: 

# /home/lacp/lacp-cloud-experiments/BENCHMARKS/mpi-benchmarks/IMB-MPI1 PingPong 

# Minimum message length in bytes:   0
# Maximum message length in bytes:   4194304
#
# MPI_Datatype                   :   MPI_BYTE 
# MPI_Datatype for reductions    :   MPI_FLOAT 
# MPI_Op                         :   MPI_SUM  
# 
# 

# List of Benchmarks to run:

# PingPong

#---------------------------------------------------
# Benchmarking PingPong 
# #processes = 2 
#---------------------------------------------------
       #bytes #repetitions      t[usec]   Mbytes/sec
            0         1000        25.49         0.00
            1         1000        26.18         0.04
            2         1000        25.96         0.08
            4         1000        25.98         0.15
            8         1000        26.05         0.31
           16         1000        26.13         0.61
           32         1000        26.29         1.22
           64         1000        26.30         2.43
          128         1000        26.27         4.87
          256         1000        26.57         9.64
          512         1000        27.34        18.73
         1024         1000        28.14        36.38
         2048         1000        31.64        64.73
         4096         1000        38.96       105.14
         8192         1000        45.31       180.81
        16384         1000        66.87       245.01
        32768         1000        88.04       372.20
        65536          640       113.78       576.01
       131072          320       164.72       795.73
       262144          160       258.62      1013.63
       524288           80       437.67      1197.91
      1048576           40       790.09      1327.16
      2097152           20      1624.16      1291.22
      4194304           10      3239.41      1294.77


# All processes entering MPI_Finalize

#------------------------------------------------------------
#    Intel(R) MPI Benchmarks 2019 Update 6, MPI-1 part    
#------------------------------------------------------------
# Date                  : Sun May 17 21:18:57 2020
# Machine               : x86_64
# System                : Linux
# Release               : 4.15.0-99-generic
# Version               : #100-Ubuntu SMP Wed Apr 22 20:32:56 UTC 2020
# MPI Version           : 3.1
# MPI Thread Environment: 


# Calling sequence was: 

# /home/lacp/lacp-cloud-experiments/BENCHMARKS/mpi-benchmarks/IMB-MPI1 PingPong 

# Minimum message length in bytes:   0
# Maximum message length in bytes:   4194304
#
# MPI_Datatype                   :   MPI_BYTE 
# MPI_Datatype for reductions    :   MPI_FLOAT 
# MPI_Op                         :   MPI_SUM  
# 
# 

# List of Benchmarks to run:

# PingPong

#---------------------------------------------------
# Benchmarking PingPong 
# #processes = 2 
#---------------------------------------------------
       #bytes #repetitions      t[usec]   Mbytes/sec
            0         1000        24.46         0.00
            1         1000        25.16         0.04
            2         1000        25.25         0.08
            4         1000        25.36         0.16
            8         1000        25.04         0.32
           16         1000        24.94         0.64
           32         1000        25.39         1.26
           64         1000        25.84         2.48
          128         1000        25.93         4.94
          256         1000        25.74         9.95
          512         1000        26.26        19.50
         1024         1000        27.43        37.34
         2048         1000        30.81        66.47
         4096         1000        38.40       106.65
         8192         1000        44.92       182.35
        16384         1000        66.94       244.74
        32768         1000        58.74       557.83
        65536          640       111.97       585.31
       131072          320       164.15       798.47
       262144          160       258.57      1013.84
       524288           80       435.36      1204.27
      1048576           40       789.77      1327.71
      2097152           20      1704.19      1230.58
      4194304           10      3431.33      1222.36


# All processes entering MPI_Finalize

#------------------------------------------------------------
#    Intel(R) MPI Benchmarks 2019 Update 6, MPI-1 part    
#------------------------------------------------------------
# Date                  : Sun May 17 21:19:04 2020
# Machine               : x86_64
# System                : Linux
# Release               : 4.15.0-99-generic
# Version               : #100-Ubuntu SMP Wed Apr 22 20:32:56 UTC 2020
# MPI Version           : 3.1
# MPI Thread Environment: 


# Calling sequence was: 

# /home/lacp/lacp-cloud-experiments/BENCHMARKS/mpi-benchmarks/IMB-MPI1 PingPong 

# Minimum message length in bytes:   0
# Maximum message length in bytes:   4194304
#
# MPI_Datatype                   :   MPI_BYTE 
# MPI_Datatype for reductions    :   MPI_FLOAT 
# MPI_Op                         :   MPI_SUM  
# 
# 

# List of Benchmarks to run:

# PingPong

#---------------------------------------------------
# Benchmarking PingPong 
# #processes = 2 
#---------------------------------------------------
       #bytes #repetitions      t[usec]   Mbytes/sec
            0         1000        24.46         0.00
            1         1000        25.51         0.04
            2         1000        25.29         0.08
            4         1000        25.50         0.16
            8         1000        25.20         0.32
           16         1000        18.87         0.85
           32         1000        19.11         1.67
           64         1000        19.06         3.36
          128         1000        19.28         6.64
          256         1000        19.75        12.96
          512         1000        19.73        25.96
         1024         1000        20.40        50.20
         2048         1000        30.76        66.57
         4096         1000        38.65       105.98
         8192         1000        44.85       182.64
        16384         1000        66.89       244.95
        32768         1000        52.26       627.00
        65536          640       109.91       596.24
       131072          320       161.76       810.28
       262144          160       254.28      1030.91
       524288           80       438.16      1196.57
      1048576           40       778.77      1346.45
      2097152           20      1686.89      1243.21
      4194304           10      3406.43      1231.29


# All processes entering MPI_Finalize

#------------------------------------------------------------
#    Intel(R) MPI Benchmarks 2019 Update 6, MPI-1 part    
#------------------------------------------------------------
# Date                  : Sun May 17 21:19:11 2020
# Machine               : x86_64
# System                : Linux
# Release               : 4.15.0-99-generic
# Version               : #100-Ubuntu SMP Wed Apr 22 20:32:56 UTC 2020
# MPI Version           : 3.1
# MPI Thread Environment: 


# Calling sequence was: 

# /home/lacp/lacp-cloud-experiments/BENCHMARKS/mpi-benchmarks/IMB-MPI1 PingPong 

# Minimum message length in bytes:   0
# Maximum message length in bytes:   4194304
#
# MPI_Datatype                   :   MPI_BYTE 
# MPI_Datatype for reductions    :   MPI_FLOAT 
# MPI_Op                         :   MPI_SUM  
# 
# 

# List of Benchmarks to run:

# PingPong

#---------------------------------------------------
# Benchmarking PingPong 
# #processes = 2 
#---------------------------------------------------
       #bytes #repetitions      t[usec]   Mbytes/sec
            0         1000        26.17         0.00
            1         1000        25.27         0.04
            2         1000        25.35         0.08
            4         1000        25.37         0.16
            8         1000        25.34         0.32
           16         1000        25.29         0.63
           32         1000        25.46         1.26
           64         1000        25.83         2.48
          128         1000        25.90         4.94
          256         1000        25.98         9.85
          512         1000        26.61        19.24
         1024         1000        28.25        36.24
         2048         1000        31.45        65.13
         4096         1000        38.21       107.21
         8192         1000        44.46       184.27
        16384         1000        66.77       245.39
        32768         1000        68.53       478.17
        65536          640       110.81       591.44
       131072          320       164.40       797.29
       262144          160       258.41      1014.47
       524288           80       432.43      1212.42
      1048576           40       791.12      1325.44
      2097152           20      1704.28      1230.52
      4194304           10      3424.61      1224.75


# All processes entering MPI_Finalize

#------------------------------------------------------------
#    Intel(R) MPI Benchmarks 2019 Update 6, MPI-1 part    
#------------------------------------------------------------
# Date                  : Sun May 17 21:30:29 2020
# Machine               : x86_64
# System                : Linux
# Release               : 4.15.0-99-generic
# Version               : #100-Ubuntu SMP Wed Apr 22 20:32:56 UTC 2020
# MPI Version           : 3.1
# MPI Thread Environment: 


# Calling sequence was: 

# /home/lacp/lacp-cloud-experiments/BENCHMARKS/mpi-benchmarks/IMB-MPI1 PingPong 

# Minimum message length in bytes:   0
# Maximum message length in bytes:   4194304
#
# MPI_Datatype                   :   MPI_BYTE 
# MPI_Datatype for reductions    :   MPI_FLOAT 
# MPI_Op                         :   MPI_SUM  
# 
# 

# List of Benchmarks to run:

# PingPong

#---------------------------------------------------
# Benchmarking PingPong 
# #processes = 2 
#---------------------------------------------------
       #bytes #repetitions      t[usec]   Mbytes/sec
            0         1000        26.05         0.00
            1         1000        26.59         0.04
            2         1000        26.17         0.08
            4         1000        26.08         0.15
            8         1000        26.15         0.31
           16         1000        26.18         0.61
           32         1000        26.63         1.20
           64         1000        27.04         2.37
          128         1000        26.78         4.78
          256         1000        27.13         9.44
          512         1000        27.76        18.44
         1024         1000        28.72        35.66
         2048         1000        31.86        64.28
         4096         1000        39.79       102.95
         8192         1000        45.59       179.68
        16384         1000        67.24       243.68
        32768         1000        83.42       392.79
        65536          640       110.67       592.15
       131072          320       162.10       808.56
       262144          160       254.74      1029.07
       524288           80       431.89      1213.95
      1048576           40       779.52      1345.15
      2097152           20      1599.73      1310.94
      4194304           10      3192.08      1313.97


# All processes entering MPI_Finalize

#------------------------------------------------------------
#    Intel(R) MPI Benchmarks 2019 Update 6, MPI-1 part    
#------------------------------------------------------------
# Date                  : Sun May 17 21:32:58 2020
# Machine               : x86_64
# System                : Linux
# Release               : 4.15.0-99-generic
# Version               : #100-Ubuntu SMP Wed Apr 22 20:32:56 UTC 2020
# MPI Version           : 3.1
# MPI Thread Environment: 


# Calling sequence was: 

# /home/lacp/lacp-cloud-experiments/BENCHMARKS/mpi-benchmarks/IMB-MPI1 PingPong 

# Minimum message length in bytes:   0
# Maximum message length in bytes:   4194304
#
# MPI_Datatype                   :   MPI_BYTE 
# MPI_Datatype for reductions    :   MPI_FLOAT 
# MPI_Op                         :   MPI_SUM  
# 
# 

# List of Benchmarks to run:

# PingPong

#---------------------------------------------------
# Benchmarking PingPong 
# #processes = 2 
#---------------------------------------------------
       #bytes #repetitions      t[usec]   Mbytes/sec
            0         1000        24.97         0.00
            1         1000        25.94         0.04
            2         1000        25.98         0.08
            4         1000        25.71         0.16
            8         1000        25.72         0.31
           16         1000        25.82         0.62
           32         1000        25.84         1.24
           64         1000        26.00         2.46
          128         1000        26.52         4.83
          256         1000        26.55         9.64
          512         1000        27.29        18.76
         1024         1000        28.08        36.47
         2048         1000        23.58        86.87
         4096         1000        27.18       150.67
         8192         1000        36.02       227.42
        16384         1000        51.01       321.22
        32768         1000        74.14       441.96
        65536          640       110.01       595.71
       131072          320       164.21       798.18
       262144          160       255.68      1025.29
       524288           80       430.64      1217.45
      1048576           40       784.38      1336.83
      2097152           20      1637.18      1280.95
      4194304           10      3218.99      1302.99


# All processes entering MPI_Finalize

#------------------------------------------------------------
#    Intel(R) MPI Benchmarks 2019 Update 6, MPI-1 part    
#------------------------------------------------------------
# Date                  : Sun May 17 21:33:05 2020
# Machine               : x86_64
# System                : Linux
# Release               : 4.15.0-99-generic
# Version               : #100-Ubuntu SMP Wed Apr 22 20:32:56 UTC 2020
# MPI Version           : 3.1
# MPI Thread Environment: 


# Calling sequence was: 

# /home/lacp/lacp-cloud-experiments/BENCHMARKS/mpi-benchmarks/IMB-MPI1 PingPong 

# Minimum message length in bytes:   0
# Maximum message length in bytes:   4194304
#
# MPI_Datatype                   :   MPI_BYTE 
# MPI_Datatype for reductions    :   MPI_FLOAT 
# MPI_Op                         :   MPI_SUM  
# 
# 

# List of Benchmarks to run:

# PingPong

#---------------------------------------------------
# Benchmarking PingPong 
# #processes = 2 
#---------------------------------------------------
       #bytes #repetitions      t[usec]   Mbytes/sec
            0         1000        26.54         0.00
            1         1000        25.89         0.04
            2         1000        26.09         0.08
            4         1000        25.77         0.16
            8         1000        25.79         0.31
           16         1000        25.61         0.62
           32         1000        26.18         1.22
           64         1000        26.07         2.46
          128         1000        26.22         4.88
          256         1000        26.50         9.66
          512         1000        27.24        18.79
         1024         1000        28.48        35.96
         2048         1000        31.82        64.37
         4096         1000        38.90       105.30
         8192         1000        45.60       179.65
        16384         1000        68.64       238.70
        32768         1000        71.79       456.47
        65536          640       111.27       588.99
       131072          320       165.05       794.14
       262144          160       256.25      1023.01
       524288           80       435.62      1203.55
      1048576           40       790.03      1327.27
      2097152           20      1621.51      1293.33
      4194304           10      3195.23      1312.68


# All processes entering MPI_Finalize

#------------------------------------------------------------
#    Intel(R) MPI Benchmarks 2019 Update 6, MPI-1 part    
#------------------------------------------------------------
# Date                  : Sun May 17 21:33:13 2020
# Machine               : x86_64
# System                : Linux
# Release               : 4.15.0-99-generic
# Version               : #100-Ubuntu SMP Wed Apr 22 20:32:56 UTC 2020
# MPI Version           : 3.1
# MPI Thread Environment: 


# Calling sequence was: 

# /home/lacp/lacp-cloud-experiments/BENCHMARKS/mpi-benchmarks/IMB-MPI1 PingPong 

# Minimum message length in bytes:   0
# Maximum message length in bytes:   4194304
#
# MPI_Datatype                   :   MPI_BYTE 
# MPI_Datatype for reductions    :   MPI_FLOAT 
# MPI_Op                         :   MPI_SUM  
# 
# 

# List of Benchmarks to run:

# PingPong

#---------------------------------------------------
# Benchmarking PingPong 
# #processes = 2 
#---------------------------------------------------
       #bytes #repetitions      t[usec]   Mbytes/sec
            0         1000        24.49         0.00
            1         1000        25.16         0.04
            2         1000        25.26         0.08
            4         1000        25.32         0.16
            8         1000        25.17         0.32
           16         1000        25.22         0.63
           32         1000        25.50         1.26
           64         1000        25.60         2.50
          128         1000        26.09         4.91
          256         1000        26.05         9.83
          512         1000        26.82        19.09
         1024         1000        27.97        36.61
         2048         1000        30.96        66.15
         4096         1000        38.39       106.69
         8192         1000        44.41       184.48
        16384         1000        67.32       243.38
        32768         1000        72.69       450.76
        65536          640       109.70       597.41
       131072          320       162.71       805.55
       262144          160       253.73      1033.18
       524288           80       429.65      1220.27
      1048576           40       777.86      1348.03
      2097152           20      1617.85      1296.26
      4194304           10      3243.87      1292.99


# All processes entering MPI_Finalize

#------------------------------------------------------------
#    Intel(R) MPI Benchmarks 2019 Update 6, MPI-1 part    
#------------------------------------------------------------
# Date                  : Sun May 17 21:40:28 2020
# Machine               : x86_64
# System                : Linux
# Release               : 4.15.0-99-generic
# Version               : #100-Ubuntu SMP Wed Apr 22 20:32:56 UTC 2020
# MPI Version           : 3.1
# MPI Thread Environment: 


# Calling sequence was: 

# /home/lacp/lacp-cloud-experiments/BENCHMARKS/mpi-benchmarks/IMB-MPI1 PingPong 

# Minimum message length in bytes:   0
# Maximum message length in bytes:   4194304
#
# MPI_Datatype                   :   MPI_BYTE 
# MPI_Datatype for reductions    :   MPI_FLOAT 
# MPI_Op                         :   MPI_SUM  
# 
# 

# List of Benchmarks to run:

# PingPong

#---------------------------------------------------
# Benchmarking PingPong 
# #processes = 2 
#---------------------------------------------------
       #bytes #repetitions      t[usec]   Mbytes/sec
            0         1000        24.79         0.00
            1         1000        25.63         0.04
            2         1000        26.88         0.07
            4         1000        25.74         0.16
            8         1000        25.54         0.31
           16         1000        25.36         0.63
           32         1000        25.68         1.25
           64         1000        25.93         2.47
          128         1000        26.77         4.78
          256         1000        26.22         9.76
          512         1000        26.77        19.13
         1024         1000        27.98        36.60
         2048         1000        31.48        65.05
         4096         1000        39.09       104.78
         8192         1000        45.22       181.14
        16384         1000        67.21       243.77
        32768         1000        52.91       619.37
        65536          640       111.09       589.96
       131072          320       172.11       761.56
       262144          160       283.65       924.19
       524288           80       439.41      1193.16
      1048576           40       791.02      1325.60
      2097152           20      1729.99      1212.23
      4194304           10      3436.58      1220.49


# All processes entering MPI_Finalize

#------------------------------------------------------------
#    Intel(R) MPI Benchmarks 2019 Update 6, MPI-1 part    
#------------------------------------------------------------
# Date                  : Sun May 17 21:52:18 2020
# Machine               : x86_64
# System                : Linux
# Release               : 4.15.0-99-generic
# Version               : #100-Ubuntu SMP Wed Apr 22 20:32:56 UTC 2020
# MPI Version           : 3.1
# MPI Thread Environment: 


# Calling sequence was: 

# /home/lacp/lacp-cloud-experiments/BENCHMARKS/mpi-benchmarks/IMB-MPI1 PingPong 

# Minimum message length in bytes:   0
# Maximum message length in bytes:   4194304
#
# MPI_Datatype                   :   MPI_BYTE 
# MPI_Datatype for reductions    :   MPI_FLOAT 
# MPI_Op                         :   MPI_SUM  
# 
# 

# List of Benchmarks to run:

# PingPong

#---------------------------------------------------
# Benchmarking PingPong 
# #processes = 2 
#---------------------------------------------------
       #bytes #repetitions      t[usec]   Mbytes/sec
            0         1000        24.96         0.00
            1         1000        25.50         0.04
            2         1000        25.58         0.08
            4         1000        25.55         0.16
            8         1000        25.67         0.31
           16         1000        25.75         0.62
           32         1000        25.59         1.25
           64         1000        25.73         2.49
          128         1000        26.49         4.83
          256         1000        26.38         9.71
          512         1000        27.02        18.95
         1024         1000        27.97        36.62
         2048         1000        31.27        65.49
         4096         1000        38.96       105.13
         8192         1000        45.04       181.86
        16384         1000        61.05       268.38
        32768         1000        51.88       631.60
        65536          640       109.42       598.94
       131072          320       161.56       811.28
       262144          160       254.64      1029.46
       524288           80       432.99      1210.86
      1048576           40       779.13      1345.83
      2097152           20      1605.04      1306.60
      4194304           10      3188.30      1315.53


# All processes entering MPI_Finalize

#------------------------------------------------------------
#    Intel(R) MPI Benchmarks 2019 Update 6, MPI-1 part    
#------------------------------------------------------------
# Date                  : Sun May 17 21:56:45 2020
# Machine               : x86_64
# System                : Linux
# Release               : 4.15.0-99-generic
# Version               : #100-Ubuntu SMP Wed Apr 22 20:32:56 UTC 2020
# MPI Version           : 3.1
# MPI Thread Environment: 


# Calling sequence was: 

# /home/lacp/lacp-cloud-experiments/BENCHMARKS/mpi-benchmarks/IMB-MPI1 PingPong 

# Minimum message length in bytes:   0
# Maximum message length in bytes:   4194304
#
# MPI_Datatype                   :   MPI_BYTE 
# MPI_Datatype for reductions    :   MPI_FLOAT 
# MPI_Op                         :   MPI_SUM  
# 
# 

# List of Benchmarks to run:

# PingPong

#---------------------------------------------------
# Benchmarking PingPong 
# #processes = 2 
#---------------------------------------------------
       #bytes #repetitions      t[usec]   Mbytes/sec
            0         1000        24.54         0.00
            1         1000        25.39         0.04
            2         1000        25.30         0.08
            4         1000        25.33         0.16
            8         1000        25.32         0.32
           16         1000        25.45         0.63
           32         1000        25.47         1.26
           64         1000        25.70         2.49
          128         1000        25.85         4.95
          256         1000        25.99         9.85
          512         1000        26.52        19.31
         1024         1000        27.50        37.24
         2048         1000        30.77        66.55
         4096         1000        38.55       106.26
         8192         1000        44.69       183.30
        16384         1000        61.45       266.61
        32768         1000        52.60       622.99
        65536          640       110.01       595.74
       131072          320       162.21       808.05
       262144          160       258.63      1013.60
       524288           80       431.55      1214.90
      1048576           40       782.27      1340.43
      2097152           20      1622.17      1292.81
      4194304           10      3248.40      1291.19


# All processes entering MPI_Finalize

#------------------------------------------------------------
#    Intel(R) MPI Benchmarks 2019 Update 6, MPI-1 part    
#------------------------------------------------------------
# Date                  : Sun May 17 21:59:34 2020
# Machine               : x86_64
# System                : Linux
# Release               : 4.15.0-99-generic
# Version               : #100-Ubuntu SMP Wed Apr 22 20:32:56 UTC 2020
# MPI Version           : 3.1
# MPI Thread Environment: 


# Calling sequence was: 

# /home/lacp/lacp-cloud-experiments/BENCHMARKS/mpi-benchmarks/IMB-MPI1 PingPong 

# Minimum message length in bytes:   0
# Maximum message length in bytes:   4194304
#
# MPI_Datatype                   :   MPI_BYTE 
# MPI_Datatype for reductions    :   MPI_FLOAT 
# MPI_Op                         :   MPI_SUM  
# 
# 

# List of Benchmarks to run:

# PingPong

#---------------------------------------------------
# Benchmarking PingPong 
# #processes = 2 
#---------------------------------------------------
       #bytes #repetitions      t[usec]   Mbytes/sec
            0         1000        25.16         0.00
            1         1000        25.90         0.04
            2         1000        26.33         0.08
            4         1000        26.23         0.15
            8         1000        26.07         0.31
           16         1000        26.02         0.61
           32         1000        26.21         1.22
           64         1000        26.56         2.41
          128         1000        26.42         4.85
          256         1000        26.78         9.56
          512         1000        27.33        18.73
         1024         1000        28.33        36.14
         2048         1000        31.95        64.10
         4096         1000        39.14       104.64
         8192         1000        45.44       180.27
        16384         1000        66.33       247.01
        32768         1000        64.08       511.39
        65536          640       109.69       597.46
       131072          320       161.66       810.79
       262144          160       254.33      1030.71
       524288           80       429.95      1219.42
      1048576           40       776.25      1350.83
      2097152           20      1605.91      1305.90
      4194304           10      3174.92      1321.07


# All processes entering MPI_Finalize

#------------------------------------------------------------
#    Intel(R) MPI Benchmarks 2019 Update 6, MPI-1 part    
#------------------------------------------------------------
# Date                  : Sun May 17 22:10:19 2020
# Machine               : x86_64
# System                : Linux
# Release               : 4.15.0-99-generic
# Version               : #100-Ubuntu SMP Wed Apr 22 20:32:56 UTC 2020
# MPI Version           : 3.1
# MPI Thread Environment: 


# Calling sequence was: 

# /home/lacp/lacp-cloud-experiments/BENCHMARKS/mpi-benchmarks/IMB-MPI1 PingPong 

# Minimum message length in bytes:   0
# Maximum message length in bytes:   4194304
#
# MPI_Datatype                   :   MPI_BYTE 
# MPI_Datatype for reductions    :   MPI_FLOAT 
# MPI_Op                         :   MPI_SUM  
# 
# 

# List of Benchmarks to run:

# PingPong

#---------------------------------------------------
# Benchmarking PingPong 
# #processes = 2 
#---------------------------------------------------
       #bytes #repetitions      t[usec]   Mbytes/sec
            0         1000        27.26         0.00
            1         1000        26.32         0.04
            2         1000        26.17         0.08
            4         1000        26.24         0.15
            8         1000        26.15         0.31
           16         1000        26.30         0.61
           32         1000        26.34         1.22
           64         1000        26.55         2.41
          128         1000        27.74         4.61
          256         1000        27.12         9.44
          512         1000        27.66        18.51
         1024         1000        28.58        35.83
         2048         1000        31.86        64.28
         4096         1000        39.66       103.28
         8192         1000        46.19       177.34
        16384         1000        68.87       237.90
        32768         1000        85.57       382.95
        65536          640       110.66       592.23
       131072          320       164.69       795.88
       262144          160       256.60      1021.59
       524288           80       434.84      1205.71
      1048576           40       785.73      1334.53
      2097152           20      1621.11      1293.65
      4194304           10      3250.19      1290.48


# All processes entering MPI_Finalize

#------------------------------------------------------------
#    Intel(R) MPI Benchmarks 2019 Update 6, MPI-1 part    
#------------------------------------------------------------
# Date                  : Sun May 17 22:17:22 2020
# Machine               : x86_64
# System                : Linux
# Release               : 4.15.0-99-generic
# Version               : #100-Ubuntu SMP Wed Apr 22 20:32:56 UTC 2020
# MPI Version           : 3.1
# MPI Thread Environment: 


# Calling sequence was: 

# /home/lacp/lacp-cloud-experiments/BENCHMARKS/mpi-benchmarks/IMB-MPI1 PingPong 

# Minimum message length in bytes:   0
# Maximum message length in bytes:   4194304
#
# MPI_Datatype                   :   MPI_BYTE 
# MPI_Datatype for reductions    :   MPI_FLOAT 
# MPI_Op                         :   MPI_SUM  
# 
# 

# List of Benchmarks to run:

# PingPong

#---------------------------------------------------
# Benchmarking PingPong 
# #processes = 2 
#---------------------------------------------------
       #bytes #repetitions      t[usec]   Mbytes/sec
            0         1000        24.86         0.00
            1         1000        25.32         0.04
            2         1000        25.38         0.08
            4         1000        25.42         0.16
            8         1000        25.38         0.32
           16         1000        25.26         0.63
           32         1000        25.45         1.26
           64         1000        25.66         2.49
          128         1000        26.51         4.83
          256         1000        26.17         9.78
          512         1000        26.74        19.15
         1024         1000        27.73        36.93
         2048         1000        30.95        66.17
         4096         1000        38.88       105.36
         8192         1000        44.23       185.20
        16384         1000        66.87       245.00
        32768         1000       110.70       296.00
        65536          640       174.62       375.30
       131072          320       164.17       798.39
       262144          160       253.76      1033.02
       524288           80       437.14      1199.35
      1048576           40       782.23      1340.50
      2097152           20      1621.99      1292.95
      4194304           10      3215.94      1304.22


# All processes entering MPI_Finalize

#------------------------------------------------------------
#    Intel(R) MPI Benchmarks 2019 Update 6, MPI-1 part    
#------------------------------------------------------------
# Date                  : Sun May 17 22:27:41 2020
# Machine               : x86_64
# System                : Linux
# Release               : 4.15.0-99-generic
# Version               : #100-Ubuntu SMP Wed Apr 22 20:32:56 UTC 2020
# MPI Version           : 3.1
# MPI Thread Environment: 


# Calling sequence was: 

# /home/lacp/lacp-cloud-experiments/BENCHMARKS/mpi-benchmarks/IMB-MPI1 PingPong 

# Minimum message length in bytes:   0
# Maximum message length in bytes:   4194304
#
# MPI_Datatype                   :   MPI_BYTE 
# MPI_Datatype for reductions    :   MPI_FLOAT 
# MPI_Op                         :   MPI_SUM  
# 
# 

# List of Benchmarks to run:

# PingPong

#---------------------------------------------------
# Benchmarking PingPong 
# #processes = 2 
#---------------------------------------------------
       #bytes #repetitions      t[usec]   Mbytes/sec
            0         1000        24.64         0.00
            1         1000        25.53         0.04
            2         1000        25.36         0.08
            4         1000        25.62         0.16
            8         1000        25.51         0.31
           16         1000        25.39         0.63
           32         1000        25.58         1.25
           64         1000        26.02         2.46
          128         1000        26.31         4.87
          256         1000        26.14         9.79
          512         1000        26.73        19.15
         1024         1000        27.93        36.66
         2048         1000        31.30        65.44
         4096         1000        39.02       104.97
         8192         1000        45.15       181.44
        16384         1000        66.08       247.94
        32768         1000        57.46       570.26
        65536          640       109.89       596.35
       131072          320       161.86       809.79
       262144          160       254.86      1028.60
       524288           80       428.30      1224.11
      1048576           40       777.34      1348.93
      2097152           20      1610.84      1301.90
      4194304           10      3228.31      1299.23


# All processes entering MPI_Finalize

#------------------------------------------------------------
#    Intel(R) MPI Benchmarks 2019 Update 6, MPI-1 part    
#------------------------------------------------------------
# Date                  : Sun May 17 22:34:12 2020
# Machine               : x86_64
# System                : Linux
# Release               : 4.15.0-99-generic
# Version               : #100-Ubuntu SMP Wed Apr 22 20:32:56 UTC 2020
# MPI Version           : 3.1
# MPI Thread Environment: 


# Calling sequence was: 

# /home/lacp/lacp-cloud-experiments/BENCHMARKS/mpi-benchmarks/IMB-MPI1 PingPong 

# Minimum message length in bytes:   0
# Maximum message length in bytes:   4194304
#
# MPI_Datatype                   :   MPI_BYTE 
# MPI_Datatype for reductions    :   MPI_FLOAT 
# MPI_Op                         :   MPI_SUM  
# 
# 

# List of Benchmarks to run:

# PingPong

#---------------------------------------------------
# Benchmarking PingPong 
# #processes = 2 
#---------------------------------------------------
       #bytes #repetitions      t[usec]   Mbytes/sec
            0         1000        24.50         0.00
            1         1000        25.43         0.04
            2         1000        25.23         0.08
            4         1000        25.16         0.16
            8         1000        25.14         0.32
           16         1000        25.02         0.64
           32         1000        25.37         1.26
           64         1000        25.37         2.52
          128         1000        25.81         4.96
          256         1000        25.99         9.85
          512         1000        26.71        19.17
         1024         1000        27.51        37.23
         2048         1000        30.85        66.39
         4096         1000        38.47       106.47
         8192         1000        44.44       184.32
        16384         1000        66.62       245.93
        32768         1000        90.67       361.40
        65536          640       110.52       592.99
       131072          320       164.47       796.92
       262144          160       257.01      1019.99
       524288           80       433.99      1208.08
      1048576           40       784.16      1337.19
      2097152           20      1618.25      1295.94
      4194304           10      3227.75      1299.45


# All processes entering MPI_Finalize

#------------------------------------------------------------
#    Intel(R) MPI Benchmarks 2019 Update 6, MPI-1 part    
#------------------------------------------------------------
# Date                  : Sun May 17 23:01:59 2020
# Machine               : x86_64
# System                : Linux
# Release               : 4.15.0-99-generic
# Version               : #100-Ubuntu SMP Wed Apr 22 20:32:56 UTC 2020
# MPI Version           : 3.1
# MPI Thread Environment: 


# Calling sequence was: 

# /home/lacp/lacp-cloud-experiments/BENCHMARKS/mpi-benchmarks/IMB-MPI1 PingPong 

# Minimum message length in bytes:   0
# Maximum message length in bytes:   4194304
#
# MPI_Datatype                   :   MPI_BYTE 
# MPI_Datatype for reductions    :   MPI_FLOAT 
# MPI_Op                         :   MPI_SUM  
# 
# 

# List of Benchmarks to run:

# PingPong

#---------------------------------------------------
# Benchmarking PingPong 
# #processes = 2 
#---------------------------------------------------
       #bytes #repetitions      t[usec]   Mbytes/sec
            0         1000        25.72         0.00
            1         1000        26.44         0.04
            2         1000        26.52         0.08
            4         1000        26.35         0.15
            8         1000        26.70         0.30
           16         1000        26.26         0.61
           32         1000        26.74         1.20
           64         1000        27.01         2.37
          128         1000        27.05         4.73
          256         1000        27.35         9.36
          512         1000        28.18        18.17
         1024         1000        22.12        46.28
         2048         1000        24.82        82.51
         4096         1000        28.00       146.29
         8192         1000        37.22       220.09
        16384         1000        52.17       314.05
        32768         1000        86.41       379.21
        65536          640       121.70       538.49
       131072          320       166.58       786.83
       262144          160       260.17      1007.60
       524288           80       440.56      1190.06
      1048576           40       790.55      1326.38
      2097152           20      1637.52      1280.68
      4194304           10      3231.31      1298.02


# All processes entering MPI_Finalize

#------------------------------------------------------------
#    Intel(R) MPI Benchmarks 2019 Update 6, MPI-1 part    
#------------------------------------------------------------
# Date                  : Sun May 17 23:02:06 2020
# Machine               : x86_64
# System                : Linux
# Release               : 4.15.0-99-generic
# Version               : #100-Ubuntu SMP Wed Apr 22 20:32:56 UTC 2020
# MPI Version           : 3.1
# MPI Thread Environment: 


# Calling sequence was: 

# /home/lacp/lacp-cloud-experiments/BENCHMARKS/mpi-benchmarks/IMB-MPI1 PingPong 

# Minimum message length in bytes:   0
# Maximum message length in bytes:   4194304
#
# MPI_Datatype                   :   MPI_BYTE 
# MPI_Datatype for reductions    :   MPI_FLOAT 
# MPI_Op                         :   MPI_SUM  
# 
# 

# List of Benchmarks to run:

# PingPong

#---------------------------------------------------
# Benchmarking PingPong 
# #processes = 2 
#---------------------------------------------------
       #bytes #repetitions      t[usec]   Mbytes/sec
            0         1000        25.07         0.00
            1         1000        26.35         0.04
            2         1000        26.07         0.08
            4         1000        26.03         0.15
            8         1000        26.07         0.31
           16         1000        25.97         0.62
           32         1000        26.19         1.22
           64         1000        26.43         2.42
          128         1000        26.32         4.86
          256         1000        26.69         9.59
          512         1000        27.37        18.71
         1024         1000        28.30        36.18
         2048         1000        31.71        64.59
         4096         1000        39.25       104.35
         8192         1000        46.00       178.08
        16384         1000        68.10       240.59
        32768         1000        80.45       407.33
        65536          640       109.76       597.08
       131072          320       161.84       809.87
       262144          160       257.22      1019.13
       524288           80       428.95      1222.25
      1048576           40       783.31      1338.65
      2097152           20      1616.36      1297.46
      4194304           10      3224.22      1300.87


# All processes entering MPI_Finalize

